# Experiment name: sgd_n10_t2
# number of epochs: 10
# training batch size: 2
# testing batch size: 1024
# optimizer: SGD
# learning rate: 0.01
# nn module: ..basenet
# save results: True

Test set: Avg. loss: 0.00691120, Accuracy: 973/10000 (9.7%)

Train epoch: 1 [0/60000 (0.00%)]	Loss: 0.72
Train epoch: 1 [100/60000 (0.17%)]	Loss: 0.64
Train epoch: 1 [200/60000 (0.33%)]	Loss: 0.68
Train epoch: 1 [300/60000 (0.50%)]	Loss: 0.69
Train epoch: 1 [400/60000 (0.67%)]	Loss: 0.61
Train epoch: 1 [500/60000 (0.83%)]	Loss: 0.70
Train epoch: 1 [600/60000 (1.00%)]	Loss: 0.61
Train epoch: 1 [700/60000 (1.17%)]	Loss: 0.50
Train epoch: 1 [800/60000 (1.33%)]	Loss: 0.61
Train epoch: 1 [900/60000 (1.50%)]	Loss: 0.89
Train epoch: 1 [1000/60000 (1.67%)]	Loss: 0.78
Train epoch: 1 [1100/60000 (1.83%)]	Loss: 0.65
Train epoch: 1 [1200/60000 (2.00%)]	Loss: 0.82
Train epoch: 1 [1300/60000 (2.17%)]	Loss: 0.49
Train epoch: 1 [1400/60000 (2.33%)]	Loss: 0.54
Train epoch: 1 [1500/60000 (2.50%)]	Loss: 0.42
Train epoch: 1 [1600/60000 (2.67%)]	Loss: 0.78
Train epoch: 1 [1700/60000 (2.83%)]	Loss: 0.20
Train epoch: 1 [1800/60000 (3.00%)]	Loss: 0.14
Train epoch: 1 [1900/60000 (3.17%)]	Loss: 0.24
Train epoch: 1 [2000/60000 (3.33%)]	Loss: 0.46
Train epoch: 1 [2100/60000 (3.50%)]	Loss: 0.64
Train epoch: 1 [2200/60000 (3.67%)]	Loss: 0.00
Train epoch: 1 [2300/60000 (3.83%)]	Loss: 0.43
Train epoch: 1 [2400/60000 (4.00%)]	Loss: 0.25
Train epoch: 1 [2500/60000 (4.17%)]	Loss: 0.47
Train epoch: 1 [2600/60000 (4.33%)]	Loss: 0.04
Train epoch: 1 [2700/60000 (4.50%)]	Loss: 0.10
Train epoch: 1 [2800/60000 (4.67%)]	Loss: 0.20
Train epoch: 1 [2900/60000 (4.83%)]	Loss: 0.03
Train epoch: 1 [3000/60000 (5.00%)]	Loss: 0.30
Train epoch: 1 [3100/60000 (5.17%)]	Loss: 0.02
Train epoch: 1 [3200/60000 (5.33%)]	Loss: 0.23
Train epoch: 1 [3300/60000 (5.50%)]	Loss: 0.05
Train epoch: 1 [3400/60000 (5.67%)]	Loss: 0.01
Train epoch: 1 [3500/60000 (5.83%)]	Loss: 0.05
Train epoch: 1 [3600/60000 (6.00%)]	Loss: 0.13
Train epoch: 1 [3700/60000 (6.17%)]	Loss: 0.05
Train epoch: 1 [3800/60000 (6.33%)]	Loss: 0.01
Train epoch: 1 [3900/60000 (6.50%)]	Loss: 0.29
Train epoch: 1 [4000/60000 (6.67%)]	Loss: 0.09
Train epoch: 1 [4100/60000 (6.83%)]	Loss: 0.10
Train epoch: 1 [4200/60000 (7.00%)]	Loss: 0.01
Train epoch: 1 [4300/60000 (7.17%)]	Loss: 0.24
Train epoch: 1 [4400/60000 (7.33%)]	Loss: 0.46
Train epoch: 1 [4500/60000 (7.50%)]	Loss: 0.71
Train epoch: 1 [4600/60000 (7.67%)]	Loss: 0.06
Train epoch: 1 [4700/60000 (7.83%)]	Loss: 0.01
Train epoch: 1 [4800/60000 (8.00%)]	Loss: 0.26
Train epoch: 1 [4900/60000 (8.17%)]	Loss: 0.02
Train epoch: 1 [5000/60000 (8.33%)]	Loss: 0.10
Train epoch: 1 [5100/60000 (8.50%)]	Loss: 0.31
Train epoch: 1 [5200/60000 (8.67%)]	Loss: 0.19
Train epoch: 1 [5300/60000 (8.83%)]	Loss: 0.38
Train epoch: 1 [5400/60000 (9.00%)]	Loss: 0.57
Train epoch: 1 [5500/60000 (9.17%)]	Loss: 0.03
Train epoch: 1 [5600/60000 (9.33%)]	Loss: 0.14
Train epoch: 1 [5700/60000 (9.50%)]	Loss: 0.39
Train epoch: 1 [5800/60000 (9.67%)]	Loss: 0.93
Train epoch: 1 [5900/60000 (9.83%)]	Loss: 0.19
Train epoch: 1 [6000/60000 (10.00%)]	Loss: 0.06
Train epoch: 1 [6100/60000 (10.17%)]	Loss: 0.01
Train epoch: 1 [6200/60000 (10.33%)]	Loss: 0.01
Train epoch: 1 [6300/60000 (10.50%)]	Loss: 0.15
Train epoch: 1 [6400/60000 (10.67%)]	Loss: 0.63
Train epoch: 1 [6500/60000 (10.83%)]	Loss: 0.03
Train epoch: 1 [6600/60000 (11.00%)]	Loss: 0.13
Train epoch: 1 [6700/60000 (11.17%)]	Loss: 0.25
Train epoch: 1 [6800/60000 (11.33%)]	Loss: 0.22
Train epoch: 1 [6900/60000 (11.50%)]	Loss: 0.00
Train epoch: 1 [7000/60000 (11.67%)]	Loss: 0.29
Train epoch: 1 [7100/60000 (11.83%)]	Loss: 0.00
Train epoch: 1 [7200/60000 (12.00%)]	Loss: 0.09
Train epoch: 1 [7300/60000 (12.17%)]	Loss: 0.05
Train epoch: 1 [7400/60000 (12.33%)]	Loss: 0.03
Train epoch: 1 [7500/60000 (12.50%)]	Loss: 0.02
Train epoch: 1 [7600/60000 (12.67%)]	Loss: 0.08
Train epoch: 1 [7700/60000 (12.83%)]	Loss: 0.03
Train epoch: 1 [7800/60000 (13.00%)]	Loss: 0.02
Train epoch: 1 [7900/60000 (13.17%)]	Loss: 0.08
Train epoch: 1 [8000/60000 (13.33%)]	Loss: 0.04
Train epoch: 1 [8100/60000 (13.50%)]	Loss: 0.01
Train epoch: 1 [8200/60000 (13.67%)]	Loss: 0.01
Train epoch: 1 [8300/60000 (13.83%)]	Loss: 0.02
Train epoch: 1 [8400/60000 (14.00%)]	Loss: 0.14
Train epoch: 1 [8500/60000 (14.17%)]	Loss: 0.02
Train epoch: 1 [8600/60000 (14.33%)]	Loss: 0.76
Train epoch: 1 [8700/60000 (14.50%)]	Loss: 0.00
Train epoch: 1 [8800/60000 (14.67%)]	Loss: 0.05
Train epoch: 1 [8900/60000 (14.83%)]	Loss: 0.20
Train epoch: 1 [9000/60000 (15.00%)]	Loss: 0.69
Train epoch: 1 [9100/60000 (15.17%)]	Loss: 0.10
Train epoch: 1 [9200/60000 (15.33%)]	Loss: 0.14
Train epoch: 1 [9300/60000 (15.50%)]	Loss: 0.02
Train epoch: 1 [9400/60000 (15.67%)]	Loss: 0.02
Train epoch: 1 [9500/60000 (15.83%)]	Loss: 0.18
Train epoch: 1 [9600/60000 (16.00%)]	Loss: 0.00
Train epoch: 1 [9700/60000 (16.17%)]	Loss: 0.22
Train epoch: 1 [9800/60000 (16.33%)]	Loss: 0.24
Train epoch: 1 [9900/60000 (16.50%)]	Loss: 0.01
Train epoch: 1 [10000/60000 (16.67%)]	Loss: 0.05
Train epoch: 1 [10100/60000 (16.83%)]	Loss: 0.32
Train epoch: 1 [10200/60000 (17.00%)]	Loss: 0.01
Train epoch: 1 [10300/60000 (17.17%)]	Loss: 0.69
Train epoch: 1 [10400/60000 (17.33%)]	Loss: 0.01
Train epoch: 1 [10500/60000 (17.50%)]	Loss: 1.12
Train epoch: 1 [10600/60000 (17.67%)]	Loss: 0.03
Train epoch: 1 [10700/60000 (17.83%)]	Loss: 0.09
Train epoch: 1 [10800/60000 (18.00%)]	Loss: 0.70
Train epoch: 1 [10900/60000 (18.17%)]	Loss: 0.00
Train epoch: 1 [11000/60000 (18.33%)]	Loss: 0.17
Train epoch: 1 [11100/60000 (18.50%)]	Loss: 0.25
Train epoch: 1 [11200/60000 (18.67%)]	Loss: 0.61
Train epoch: 1 [11300/60000 (18.83%)]	Loss: 0.10
Train epoch: 1 [11400/60000 (19.00%)]	Loss: 0.06
Train epoch: 1 [11500/60000 (19.17%)]	Loss: 0.03
Train epoch: 1 [11600/60000 (19.33%)]	Loss: 0.99
Train epoch: 1 [11700/60000 (19.50%)]	Loss: 0.74
Train epoch: 1 [11800/60000 (19.67%)]	Loss: 0.02
Train epoch: 1 [11900/60000 (19.83%)]	Loss: 0.08
Train epoch: 1 [12000/60000 (20.00%)]	Loss: 0.00
Train epoch: 1 [12100/60000 (20.17%)]	Loss: 0.06
Train epoch: 1 [12200/60000 (20.33%)]	Loss: 2.86
Train epoch: 1 [12300/60000 (20.50%)]	Loss: 0.22
Train epoch: 1 [12400/60000 (20.67%)]	Loss: 0.05
Train epoch: 1 [12500/60000 (20.83%)]	Loss: 0.15
Train epoch: 1 [12600/60000 (21.00%)]	Loss: 0.07
Train epoch: 1 [12700/60000 (21.17%)]	Loss: 0.25
Train epoch: 1 [12800/60000 (21.33%)]	Loss: 0.44
Train epoch: 1 [12900/60000 (21.50%)]	Loss: 0.01
Train epoch: 1 [13000/60000 (21.67%)]	Loss: 0.01
Train epoch: 1 [13100/60000 (21.83%)]	Loss: 0.01
Train epoch: 1 [13200/60000 (22.00%)]	Loss: 0.12
Train epoch: 1 [13300/60000 (22.17%)]	Loss: 0.00
Train epoch: 1 [13400/60000 (22.33%)]	Loss: 0.25
Train epoch: 1 [13500/60000 (22.50%)]	Loss: 0.01
Train epoch: 1 [13600/60000 (22.67%)]	Loss: 0.50
Train epoch: 1 [13700/60000 (22.83%)]	Loss: 0.23
Train epoch: 1 [13800/60000 (23.00%)]	Loss: 0.10
Train epoch: 1 [13900/60000 (23.17%)]	Loss: 0.00
Train epoch: 1 [14000/60000 (23.33%)]	Loss: 0.04
Train epoch: 1 [14100/60000 (23.50%)]	Loss: 0.81
Train epoch: 1 [14200/60000 (23.67%)]	Loss: 0.01
Train epoch: 1 [14300/60000 (23.83%)]	Loss: 0.29
Train epoch: 1 [14400/60000 (24.00%)]	Loss: 0.10
Train epoch: 1 [14500/60000 (24.17%)]	Loss: 0.15
Train epoch: 1 [14600/60000 (24.33%)]	Loss: 0.01
Train epoch: 1 [14700/60000 (24.50%)]	Loss: 0.00
Train epoch: 1 [14800/60000 (24.67%)]	Loss: 3.47
Train epoch: 1 [14900/60000 (24.83%)]	Loss: 0.00
Train epoch: 1 [15000/60000 (25.00%)]	Loss: 0.04
Train epoch: 1 [15100/60000 (25.17%)]	Loss: 1.04
Train epoch: 1 [15200/60000 (25.33%)]	Loss: 0.01
Train epoch: 1 [15300/60000 (25.50%)]	Loss: 0.48
Train epoch: 1 [15400/60000 (25.67%)]	Loss: 0.03
Train epoch: 1 [15500/60000 (25.83%)]	Loss: 0.08
Train epoch: 1 [15600/60000 (26.00%)]	Loss: 0.06
Train epoch: 1 [15700/60000 (26.17%)]	Loss: 0.00
Train epoch: 1 [15800/60000 (26.33%)]	Loss: 0.27
Train epoch: 1 [15900/60000 (26.50%)]	Loss: 0.01
Train epoch: 1 [16000/60000 (26.67%)]	Loss: 0.16
Train epoch: 1 [16100/60000 (26.83%)]	Loss: 0.01
Train epoch: 1 [16200/60000 (27.00%)]	Loss: 0.20
Train epoch: 1 [16300/60000 (27.17%)]	Loss: 0.00
Train epoch: 1 [16400/60000 (27.33%)]	Loss: 0.01
Train epoch: 1 [16500/60000 (27.50%)]	Loss: 0.05
Train epoch: 1 [16600/60000 (27.67%)]	Loss: 0.02
Train epoch: 1 [16700/60000 (27.83%)]	Loss: 0.00
Train epoch: 1 [16800/60000 (28.00%)]	Loss: 0.01
Train epoch: 1 [16900/60000 (28.17%)]	Loss: 0.10
Train epoch: 1 [17000/60000 (28.33%)]	Loss: 0.02
Train epoch: 1 [17100/60000 (28.50%)]	Loss: 0.70
Train epoch: 1 [17200/60000 (28.67%)]	Loss: 0.03
Train epoch: 1 [17300/60000 (28.83%)]	Loss: 0.00
Train epoch: 1 [17400/60000 (29.00%)]	Loss: 0.00
Train epoch: 1 [17500/60000 (29.17%)]	Loss: 0.00
Train epoch: 1 [17600/60000 (29.33%)]	Loss: 1.42
Train epoch: 1 [17700/60000 (29.50%)]	Loss: 0.01
Train epoch: 1 [17800/60000 (29.67%)]	Loss: 0.03
Train epoch: 1 [17900/60000 (29.83%)]	Loss: 0.00
Train epoch: 1 [18000/60000 (30.00%)]	Loss: 0.00
Train epoch: 1 [18100/60000 (30.17%)]	Loss: 0.22
Train epoch: 1 [18200/60000 (30.33%)]	Loss: 0.00
Train epoch: 1 [18300/60000 (30.50%)]	Loss: 0.00
Train epoch: 1 [18400/60000 (30.67%)]	Loss: 0.00
Train epoch: 1 [18500/60000 (30.83%)]	Loss: 0.00
Train epoch: 1 [18600/60000 (31.00%)]	Loss: 0.00
Train epoch: 1 [18700/60000 (31.17%)]	Loss: 0.00
Train epoch: 1 [18800/60000 (31.33%)]	Loss: 0.18
Train epoch: 1 [18900/60000 (31.50%)]	Loss: 0.05
Train epoch: 1 [19000/60000 (31.67%)]	Loss: 0.00
Train epoch: 1 [19100/60000 (31.83%)]	Loss: 1.08
Train epoch: 1 [19200/60000 (32.00%)]	Loss: 0.14
Train epoch: 1 [19300/60000 (32.17%)]	Loss: 0.05
Train epoch: 1 [19400/60000 (32.33%)]	Loss: 0.04
Train epoch: 1 [19500/60000 (32.50%)]	Loss: 0.00
Train epoch: 1 [19600/60000 (32.67%)]	Loss: 0.01
Train epoch: 1 [19700/60000 (32.83%)]	Loss: 0.70
Train epoch: 1 [19800/60000 (33.00%)]	Loss: 0.81
Train epoch: 1 [19900/60000 (33.17%)]	Loss: 1.19
Train epoch: 1 [20000/60000 (33.33%)]	Loss: 0.11
Train epoch: 1 [20100/60000 (33.50%)]	Loss: 0.02
Train epoch: 1 [20200/60000 (33.67%)]	Loss: 0.04
Train epoch: 1 [20300/60000 (33.83%)]	Loss: 0.00
Train epoch: 1 [20400/60000 (34.00%)]	Loss: 0.00
Train epoch: 1 [20500/60000 (34.17%)]	Loss: 0.55
Train epoch: 1 [20600/60000 (34.33%)]	Loss: 0.00
Train epoch: 1 [20700/60000 (34.50%)]	Loss: 0.50
Train epoch: 1 [20800/60000 (34.67%)]	Loss: 1.19
Train epoch: 1 [20900/60000 (34.83%)]	Loss: 0.09
Train epoch: 1 [21000/60000 (35.00%)]	Loss: 1.03
Train epoch: 1 [21100/60000 (35.17%)]	Loss: 0.00
Train epoch: 1 [21200/60000 (35.33%)]	Loss: 0.00
Train epoch: 1 [21300/60000 (35.50%)]	Loss: 0.00
Train epoch: 1 [21400/60000 (35.67%)]	Loss: 0.10
Train epoch: 1 [21500/60000 (35.83%)]	Loss: 0.00
Train epoch: 1 [21600/60000 (36.00%)]	Loss: 0.04
Train epoch: 1 [21700/60000 (36.17%)]	Loss: 0.02
Train epoch: 1 [21800/60000 (36.33%)]	Loss: 0.00
Train epoch: 1 [21900/60000 (36.50%)]	Loss: 0.00
Train epoch: 1 [22000/60000 (36.67%)]	Loss: 0.06
Train epoch: 1 [22100/60000 (36.83%)]	Loss: 0.02
Train epoch: 1 [22200/60000 (37.00%)]	Loss: 0.01
Train epoch: 1 [22300/60000 (37.17%)]	Loss: 0.02
Train epoch: 1 [22400/60000 (37.33%)]	Loss: 0.00
Train epoch: 1 [22500/60000 (37.50%)]	Loss: 2.19
Train epoch: 1 [22600/60000 (37.67%)]	Loss: 0.07
Train epoch: 1 [22700/60000 (37.83%)]	Loss: 0.09
Train epoch: 1 [22800/60000 (38.00%)]	Loss: 0.00
Train epoch: 1 [22900/60000 (38.17%)]	Loss: 0.00
Train epoch: 1 [23000/60000 (38.33%)]	Loss: 0.01
Train epoch: 1 [23100/60000 (38.50%)]	Loss: 0.07
Train epoch: 1 [23200/60000 (38.67%)]	Loss: 0.04
Train epoch: 1 [23300/60000 (38.83%)]	Loss: 0.88
Train epoch: 1 [23400/60000 (39.00%)]	Loss: 0.15
Train epoch: 1 [23500/60000 (39.17%)]	Loss: 0.09
Train epoch: 1 [23600/60000 (39.33%)]	Loss: 1.89
Train epoch: 1 [23700/60000 (39.50%)]	Loss: 0.93
Train epoch: 1 [23800/60000 (39.67%)]	Loss: 0.82
Train epoch: 1 [23900/60000 (39.83%)]	Loss: 0.00
Train epoch: 1 [24000/60000 (40.00%)]	Loss: 0.02
Train epoch: 1 [24100/60000 (40.17%)]	Loss: 0.10
Train epoch: 1 [24200/60000 (40.33%)]	Loss: 0.01
Train epoch: 1 [24300/60000 (40.50%)]	Loss: 0.00
Train epoch: 1 [24400/60000 (40.67%)]	Loss: 0.02
Train epoch: 1 [24500/60000 (40.83%)]	Loss: 0.26
Train epoch: 1 [24600/60000 (41.00%)]	Loss: 0.00
Train epoch: 1 [24700/60000 (41.17%)]	Loss: 0.00
Train epoch: 1 [24800/60000 (41.33%)]	Loss: 0.34
Train epoch: 1 [24900/60000 (41.50%)]	Loss: 1.96
Train epoch: 1 [25000/60000 (41.67%)]	Loss: 0.01
Train epoch: 1 [25100/60000 (41.83%)]	Loss: 0.01
Train epoch: 1 [25200/60000 (42.00%)]	Loss: 0.00
Train epoch: 1 [25300/60000 (42.17%)]	Loss: 0.16
Train epoch: 1 [25400/60000 (42.33%)]	Loss: 0.97
Train epoch: 1 [25500/60000 (42.50%)]	Loss: 0.20
Train epoch: 1 [25600/60000 (42.67%)]	Loss: 0.08
Train epoch: 1 [25700/60000 (42.83%)]	Loss: 0.02
Train epoch: 1 [25800/60000 (43.00%)]	Loss: 0.00
Train epoch: 1 [25900/60000 (43.17%)]	Loss: 1.56
Train epoch: 1 [26000/60000 (43.33%)]	Loss: 0.82
Train epoch: 1 [26100/60000 (43.50%)]	Loss: 0.02
Train epoch: 1 [26200/60000 (43.67%)]	Loss: 0.15
Train epoch: 1 [26300/60000 (43.83%)]	Loss: 0.75
Train epoch: 1 [26400/60000 (44.00%)]	Loss: 1.15
Train epoch: 1 [26500/60000 (44.17%)]	Loss: 0.00
Train epoch: 1 [26600/60000 (44.33%)]	Loss: 0.00
Train epoch: 1 [26700/60000 (44.50%)]	Loss: 0.01
Train epoch: 1 [26800/60000 (44.67%)]	Loss: 0.00
Train epoch: 1 [26900/60000 (44.83%)]	Loss: 0.00
Train epoch: 1 [27000/60000 (45.00%)]	Loss: 0.00
Train epoch: 1 [27100/60000 (45.17%)]	Loss: 0.00
Train epoch: 1 [27200/60000 (45.33%)]	Loss: 1.32
Train epoch: 1 [27300/60000 (45.50%)]	Loss: 0.01
Train epoch: 1 [27400/60000 (45.67%)]	Loss: 0.07
Train epoch: 1 [27500/60000 (45.83%)]	Loss: 0.04
Train epoch: 1 [27600/60000 (46.00%)]	Loss: 0.07
Train epoch: 1 [27700/60000 (46.17%)]	Loss: 0.00
Train epoch: 1 [27800/60000 (46.33%)]	Loss: 0.36
Train epoch: 1 [27900/60000 (46.50%)]	Loss: 0.00
Train epoch: 1 [28000/60000 (46.67%)]	Loss: 0.00
Train epoch: 1 [28100/60000 (46.83%)]	Loss: 0.00
Train epoch: 1 [28200/60000 (47.00%)]	Loss: 0.19
Train epoch: 1 [28300/60000 (47.17%)]	Loss: 0.00
Train epoch: 1 [28400/60000 (47.33%)]	Loss: 0.12
Train epoch: 1 [28500/60000 (47.50%)]	Loss: 0.04
Train epoch: 1 [28600/60000 (47.67%)]	Loss: 0.26
Train epoch: 1 [28700/60000 (47.83%)]	Loss: 0.39
Train epoch: 1 [28800/60000 (48.00%)]	Loss: 0.00
Train epoch: 1 [28900/60000 (48.17%)]	Loss: 0.04
Train epoch: 1 [29000/60000 (48.33%)]	Loss: 0.11
Train epoch: 1 [29100/60000 (48.50%)]	Loss: 0.00
Train epoch: 1 [29200/60000 (48.67%)]	Loss: 0.00
Train epoch: 1 [29300/60000 (48.83%)]	Loss: 0.00
Train epoch: 1 [29400/60000 (49.00%)]	Loss: 0.11
Train epoch: 1 [29500/60000 (49.17%)]	Loss: 0.15
Train epoch: 1 [29600/60000 (49.33%)]	Loss: 0.01
Train epoch: 1 [29700/60000 (49.50%)]	Loss: 0.00
Train epoch: 1 [29800/60000 (49.67%)]	Loss: 0.75
Train epoch: 1 [29900/60000 (49.83%)]	Loss: 0.02
Train epoch: 1 [30000/60000 (50.00%)]	Loss: 0.00
Train epoch: 1 [30100/60000 (50.17%)]	Loss: 0.00
Train epoch: 1 [30200/60000 (50.33%)]	Loss: 0.04
Train epoch: 1 [30300/60000 (50.50%)]	Loss: 0.03
Train epoch: 1 [30400/60000 (50.67%)]	Loss: 0.02
Train epoch: 1 [30500/60000 (50.83%)]	Loss: 0.01
Train epoch: 1 [30600/60000 (51.00%)]	Loss: 0.08
Train epoch: 1 [30700/60000 (51.17%)]	Loss: 0.01
Train epoch: 1 [30800/60000 (51.33%)]	Loss: 1.23
Train epoch: 1 [30900/60000 (51.50%)]	Loss: 0.21
Train epoch: 1 [31000/60000 (51.67%)]	Loss: 0.03
Train epoch: 1 [31100/60000 (51.83%)]	Loss: 1.17
Train epoch: 1 [31200/60000 (52.00%)]	Loss: 0.00
Train epoch: 1 [31300/60000 (52.17%)]	Loss: 0.09
Train epoch: 1 [31400/60000 (52.33%)]	Loss: 0.00
Train epoch: 1 [31500/60000 (52.50%)]	Loss: 1.37
Train epoch: 1 [31600/60000 (52.67%)]	Loss: 0.03
Train epoch: 1 [31700/60000 (52.83%)]	Loss: 0.19
Train epoch: 1 [31800/60000 (53.00%)]	Loss: 0.94
Train epoch: 1 [31900/60000 (53.17%)]	Loss: 0.00
Train epoch: 1 [32000/60000 (53.33%)]	Loss: 0.13
Train epoch: 1 [32100/60000 (53.50%)]	Loss: 0.00
Train epoch: 1 [32200/60000 (53.67%)]	Loss: 1.19
Train epoch: 1 [32300/60000 (53.83%)]	Loss: 0.04
Train epoch: 1 [32400/60000 (54.00%)]	Loss: 0.23
Train epoch: 1 [32500/60000 (54.17%)]	Loss: 0.27
Train epoch: 1 [32600/60000 (54.33%)]	Loss: 0.00
Train epoch: 1 [32700/60000 (54.50%)]	Loss: 0.01
Train epoch: 1 [32800/60000 (54.67%)]	Loss: 0.06
Train epoch: 1 [32900/60000 (54.83%)]	Loss: 0.13
Train epoch: 1 [33000/60000 (55.00%)]	Loss: 0.00
Train epoch: 1 [33100/60000 (55.17%)]	Loss: 0.02
Train epoch: 1 [33200/60000 (55.33%)]	Loss: 0.69
Train epoch: 1 [33300/60000 (55.50%)]	Loss: 0.02
Train epoch: 1 [33400/60000 (55.67%)]	Loss: 0.01
Train epoch: 1 [33500/60000 (55.83%)]	Loss: 0.25
Train epoch: 1 [33600/60000 (56.00%)]	Loss: 0.00
Train epoch: 1 [33700/60000 (56.17%)]	Loss: 1.16
Train epoch: 1 [33800/60000 (56.33%)]	Loss: 0.14
Train epoch: 1 [33900/60000 (56.50%)]	Loss: 0.25
Train epoch: 1 [34000/60000 (56.67%)]	Loss: 0.00
Train epoch: 1 [34100/60000 (56.83%)]	Loss: 0.00
Train epoch: 1 [34200/60000 (57.00%)]	Loss: 0.01
Train epoch: 1 [34300/60000 (57.17%)]	Loss: 0.03
Train epoch: 1 [34400/60000 (57.33%)]	Loss: 0.00
Train epoch: 1 [34500/60000 (57.50%)]	Loss: 0.43
Train epoch: 1 [34600/60000 (57.67%)]	Loss: 0.00
Train epoch: 1 [34700/60000 (57.83%)]	Loss: 0.02
Train epoch: 1 [34800/60000 (58.00%)]	Loss: 1.25
Train epoch: 1 [34900/60000 (58.17%)]	Loss: 0.00
Train epoch: 1 [35000/60000 (58.33%)]	Loss: 0.00
Train epoch: 1 [35100/60000 (58.50%)]	Loss: 0.00
Train epoch: 1 [35200/60000 (58.67%)]	Loss: 0.37
Train epoch: 1 [35300/60000 (58.83%)]	Loss: 0.00
Train epoch: 1 [35400/60000 (59.00%)]	Loss: 0.02
Train epoch: 1 [35500/60000 (59.17%)]	Loss: 0.02
Train epoch: 1 [35600/60000 (59.33%)]	Loss: 0.10
Train epoch: 1 [35700/60000 (59.50%)]	Loss: 0.20
Train epoch: 1 [35800/60000 (59.67%)]	Loss: 0.01
Train epoch: 1 [35900/60000 (59.83%)]	Loss: 0.01
Train epoch: 1 [36000/60000 (60.00%)]	Loss: 0.00
Train epoch: 1 [36100/60000 (60.17%)]	Loss: 0.70
Train epoch: 1 [36200/60000 (60.33%)]	Loss: 0.00
Train epoch: 1 [36300/60000 (60.50%)]	Loss: 0.20
Train epoch: 1 [36400/60000 (60.67%)]	Loss: 0.72
Train epoch: 1 [36500/60000 (60.83%)]	Loss: 0.60
Train epoch: 1 [36600/60000 (61.00%)]	Loss: 0.00
Train epoch: 1 [36700/60000 (61.17%)]	Loss: 0.00
Train epoch: 1 [36800/60000 (61.33%)]	Loss: 0.04
Train epoch: 1 [36900/60000 (61.50%)]	Loss: 0.00
Train epoch: 1 [37000/60000 (61.67%)]	Loss: 0.06
Train epoch: 1 [37100/60000 (61.83%)]	Loss: 0.01
Train epoch: 1 [37200/60000 (62.00%)]	Loss: 0.09
Train epoch: 1 [37300/60000 (62.17%)]	Loss: 0.00
Train epoch: 1 [37400/60000 (62.33%)]	Loss: 0.21
Train epoch: 1 [37500/60000 (62.50%)]	Loss: 0.00
Train epoch: 1 [37600/60000 (62.67%)]	Loss: 0.01
Train epoch: 1 [37700/60000 (62.83%)]	Loss: 0.20
Train epoch: 1 [37800/60000 (63.00%)]	Loss: 0.69
Train epoch: 1 [37900/60000 (63.17%)]	Loss: 0.01
Train epoch: 1 [38000/60000 (63.33%)]	Loss: 0.69
Train epoch: 1 [38100/60000 (63.50%)]	Loss: 0.00
Train epoch: 1 [38200/60000 (63.67%)]	Loss: 0.01
Train epoch: 1 [38300/60000 (63.83%)]	Loss: 0.61
Train epoch: 1 [38400/60000 (64.00%)]	Loss: 0.00
Train epoch: 1 [38500/60000 (64.17%)]	Loss: 0.06
Train epoch: 1 [38600/60000 (64.33%)]	Loss: 0.01
Train epoch: 1 [38700/60000 (64.50%)]	Loss: 0.60
Train epoch: 1 [38800/60000 (64.67%)]	Loss: 0.01
Train epoch: 1 [38900/60000 (64.83%)]	Loss: 0.00
Train epoch: 1 [39000/60000 (65.00%)]	Loss: 0.71
Train epoch: 1 [39100/60000 (65.17%)]	Loss: 0.03
Train epoch: 1 [39200/60000 (65.33%)]	Loss: 0.06
Train epoch: 1 [39300/60000 (65.50%)]	Loss: 0.00
Train epoch: 1 [39400/60000 (65.67%)]	Loss: 0.01
Train epoch: 1 [39500/60000 (65.83%)]	Loss: 0.00
Train epoch: 1 [39600/60000 (66.00%)]	Loss: 0.00
Train epoch: 1 [39700/60000 (66.17%)]	Loss: 0.09
Train epoch: 1 [39800/60000 (66.33%)]	Loss: 0.11
Train epoch: 1 [39900/60000 (66.50%)]	Loss: 0.78
Train epoch: 1 [40000/60000 (66.67%)]	Loss: 0.00
Train epoch: 1 [40100/60000 (66.83%)]	Loss: 0.25
Train epoch: 1 [40200/60000 (67.00%)]	Loss: 0.08
Train epoch: 1 [40300/60000 (67.17%)]	Loss: 1.08
Train epoch: 1 [40400/60000 (67.33%)]	Loss: 0.00
Train epoch: 1 [40500/60000 (67.50%)]	Loss: 0.00
Train epoch: 1 [40600/60000 (67.67%)]	Loss: 0.01
Train epoch: 1 [40700/60000 (67.83%)]	Loss: 0.08
Train epoch: 1 [40800/60000 (68.00%)]	Loss: 0.24
Train epoch: 1 [40900/60000 (68.17%)]	Loss: 0.00
Train epoch: 1 [41000/60000 (68.33%)]	Loss: 0.02
Train epoch: 1 [41100/60000 (68.50%)]	Loss: 0.02
Train epoch: 1 [41200/60000 (68.67%)]	Loss: 0.00
Train epoch: 1 [41300/60000 (68.83%)]	Loss: 0.04
Train epoch: 1 [41400/60000 (69.00%)]	Loss: 0.31
Train epoch: 1 [41500/60000 (69.17%)]	Loss: 0.02
Train epoch: 1 [41600/60000 (69.33%)]	Loss: 0.06
Train epoch: 1 [41700/60000 (69.50%)]	Loss: 0.03
Train epoch: 1 [41800/60000 (69.67%)]	Loss: 0.01
Train epoch: 1 [41900/60000 (69.83%)]	Loss: 0.05
Train epoch: 1 [42000/60000 (70.00%)]	Loss: 0.05
Train epoch: 1 [42100/60000 (70.17%)]	Loss: 0.01
Train epoch: 1 [42200/60000 (70.33%)]	Loss: 0.01
Train epoch: 1 [42300/60000 (70.50%)]	Loss: 0.01
Train epoch: 1 [42400/60000 (70.67%)]	Loss: 0.73
Train epoch: 1 [42500/60000 (70.83%)]	Loss: 0.00
Train epoch: 1 [42600/60000 (71.00%)]	Loss: 0.00
Train epoch: 1 [42700/60000 (71.17%)]	Loss: 0.09
Train epoch: 1 [42800/60000 (71.33%)]	Loss: 0.00
Train epoch: 1 [42900/60000 (71.50%)]	Loss: 0.19
Train epoch: 1 [43000/60000 (71.67%)]	Loss: 0.04
Train epoch: 1 [43100/60000 (71.83%)]	Loss: 0.15
Train epoch: 1 [43200/60000 (72.00%)]	Loss: 0.00
Train epoch: 1 [43300/60000 (72.17%)]	Loss: 0.02
Train epoch: 1 [43400/60000 (72.33%)]	Loss: 0.01
Train epoch: 1 [43500/60000 (72.50%)]	Loss: 0.00
Train epoch: 1 [43600/60000 (72.67%)]	Loss: 0.00
Train epoch: 1 [43700/60000 (72.83%)]	Loss: 0.02
Train epoch: 1 [43800/60000 (73.00%)]	Loss: 0.00
Train epoch: 1 [43900/60000 (73.17%)]	Loss: 0.00
Train epoch: 1 [44000/60000 (73.33%)]	Loss: 0.01
Train epoch: 1 [44100/60000 (73.50%)]	Loss: 0.00
Train epoch: 1 [44200/60000 (73.67%)]	Loss: 0.21
Train epoch: 1 [44300/60000 (73.83%)]	Loss: 0.80
Train epoch: 1 [44400/60000 (74.00%)]	Loss: 0.00
Train epoch: 1 [44500/60000 (74.17%)]	Loss: 0.27
Train epoch: 1 [44600/60000 (74.33%)]	Loss: 0.88
Train epoch: 1 [44700/60000 (74.50%)]	Loss: 0.04
Train epoch: 1 [44800/60000 (74.67%)]	Loss: 0.00
Train epoch: 1 [44900/60000 (74.83%)]	Loss: 0.03
Train epoch: 1 [45000/60000 (75.00%)]	Loss: 0.00
Train epoch: 1 [45100/60000 (75.17%)]	Loss: 0.05
Train epoch: 1 [45200/60000 (75.33%)]	Loss: 0.13
Train epoch: 1 [45300/60000 (75.50%)]	Loss: 0.01
Train epoch: 1 [45400/60000 (75.67%)]	Loss: 0.00
Train epoch: 1 [45500/60000 (75.83%)]	Loss: 0.04
Train epoch: 1 [45600/60000 (76.00%)]	Loss: 0.05
Train epoch: 1 [45700/60000 (76.17%)]	Loss: 0.00
Train epoch: 1 [45800/60000 (76.33%)]	Loss: 0.03
Train epoch: 1 [45900/60000 (76.50%)]	Loss: 0.00
Train epoch: 1 [46000/60000 (76.67%)]	Loss: 0.00
Train epoch: 1 [46100/60000 (76.83%)]	Loss: 0.00
Train epoch: 1 [46200/60000 (77.00%)]	Loss: 0.00
Train epoch: 1 [46300/60000 (77.17%)]	Loss: 0.01
Train epoch: 1 [46400/60000 (77.33%)]	Loss: 0.02
Train epoch: 1 [46500/60000 (77.50%)]	Loss: 0.00
Train epoch: 1 [46600/60000 (77.67%)]	Loss: 0.00
Train epoch: 1 [46700/60000 (77.83%)]	Loss: 0.14
Train epoch: 1 [46800/60000 (78.00%)]	Loss: 0.72
Train epoch: 1 [46900/60000 (78.17%)]	Loss: 0.00
Train epoch: 1 [47000/60000 (78.33%)]	Loss: 0.16
Train epoch: 1 [47100/60000 (78.50%)]	Loss: 0.01
Train epoch: 1 [47200/60000 (78.67%)]	Loss: 0.01
Train epoch: 1 [47300/60000 (78.83%)]	Loss: 0.00
Train epoch: 1 [47400/60000 (79.00%)]	Loss: 0.00
Train epoch: 1 [47500/60000 (79.17%)]	Loss: 0.00
Train epoch: 1 [47600/60000 (79.33%)]	Loss: 0.98
Train epoch: 1 [47700/60000 (79.50%)]	Loss: 0.06
Train epoch: 1 [47800/60000 (79.67%)]	Loss: 0.00
Train epoch: 1 [47900/60000 (79.83%)]	Loss: 0.16
Train epoch: 1 [48000/60000 (80.00%)]	Loss: 0.05
Train epoch: 1 [48100/60000 (80.17%)]	Loss: 0.00
Train epoch: 1 [48200/60000 (80.33%)]	Loss: 0.00
Train epoch: 1 [48300/60000 (80.50%)]	Loss: 0.10
Train epoch: 1 [48400/60000 (80.67%)]	Loss: 0.01
Train epoch: 1 [48500/60000 (80.83%)]	Loss: 0.23
Train epoch: 1 [48600/60000 (81.00%)]	Loss: 0.81
Train epoch: 1 [48700/60000 (81.17%)]	Loss: 0.00
Train epoch: 1 [48800/60000 (81.33%)]	Loss: 0.00
Train epoch: 1 [48900/60000 (81.50%)]	Loss: 0.00
Train epoch: 1 [49000/60000 (81.67%)]	Loss: 0.00
Train epoch: 1 [49100/60000 (81.83%)]	Loss: 0.84
Train epoch: 1 [49200/60000 (82.00%)]	Loss: 1.02
Train epoch: 1 [49300/60000 (82.17%)]	Loss: 0.00
Train epoch: 1 [49400/60000 (82.33%)]	Loss: 0.06
Train epoch: 1 [49500/60000 (82.50%)]	Loss: 0.11
Train epoch: 1 [49600/60000 (82.67%)]	Loss: 0.01
Train epoch: 1 [49700/60000 (82.83%)]	Loss: 0.12
Train epoch: 1 [49800/60000 (83.00%)]	Loss: 0.02
Train epoch: 1 [49900/60000 (83.17%)]	Loss: 0.00
Train epoch: 1 [50000/60000 (83.33%)]	Loss: 0.00
Train epoch: 1 [50100/60000 (83.50%)]	Loss: 0.00
Train epoch: 1 [50200/60000 (83.67%)]	Loss: 0.00
Train epoch: 1 [50300/60000 (83.83%)]	Loss: 0.00
Train epoch: 1 [50400/60000 (84.00%)]	Loss: 0.06
Train epoch: 1 [50500/60000 (84.17%)]	Loss: 0.38
Train epoch: 1 [50600/60000 (84.33%)]	Loss: 0.69
Train epoch: 1 [50700/60000 (84.50%)]	Loss: 0.00
Train epoch: 1 [50800/60000 (84.67%)]	Loss: 1.12
Train epoch: 1 [50900/60000 (84.83%)]	Loss: 0.72
Train epoch: 1 [51000/60000 (85.00%)]	Loss: 0.00
Train epoch: 1 [51100/60000 (85.17%)]	Loss: 0.08
Train epoch: 1 [51200/60000 (85.33%)]	Loss: 0.00
Train epoch: 1 [51300/60000 (85.50%)]	Loss: 0.06
Train epoch: 1 [51400/60000 (85.67%)]	Loss: 0.22
Train epoch: 1 [51500/60000 (85.83%)]	Loss: 0.00
Train epoch: 1 [51600/60000 (86.00%)]	Loss: 0.00
Train epoch: 1 [51700/60000 (86.17%)]	Loss: 0.17
Train epoch: 1 [51800/60000 (86.33%)]	Loss: 0.00
Train epoch: 1 [51900/60000 (86.50%)]	Loss: 0.25
Train epoch: 1 [52000/60000 (86.67%)]	Loss: 0.13
Train epoch: 1 [52100/60000 (86.83%)]	Loss: 0.65
Train epoch: 1 [52200/60000 (87.00%)]	Loss: 0.00
Train epoch: 1 [52300/60000 (87.17%)]	Loss: 0.71
Train epoch: 1 [52400/60000 (87.33%)]	Loss: 0.19
Train epoch: 1 [52500/60000 (87.50%)]	Loss: 0.35
Train epoch: 1 [52600/60000 (87.67%)]	Loss: 0.00
Train epoch: 1 [52700/60000 (87.83%)]	Loss: 0.04
Train epoch: 1 [52800/60000 (88.00%)]	Loss: 0.00
Train epoch: 1 [52900/60000 (88.17%)]	Loss: 0.00
Train epoch: 1 [53000/60000 (88.33%)]	Loss: 0.00
Train epoch: 1 [53100/60000 (88.50%)]	Loss: 0.00
Train epoch: 1 [53200/60000 (88.67%)]	Loss: 0.98
Train epoch: 1 [53300/60000 (88.83%)]	Loss: 0.02
Train epoch: 1 [53400/60000 (89.00%)]	Loss: 0.00
Train epoch: 1 [53500/60000 (89.17%)]	Loss: 0.26
Train epoch: 1 [53600/60000 (89.33%)]	Loss: 0.03
Train epoch: 1 [53700/60000 (89.50%)]	Loss: 1.07
Train epoch: 1 [53800/60000 (89.67%)]	Loss: 0.06
Train epoch: 1 [53900/60000 (89.83%)]	Loss: 0.19
Train epoch: 1 [54000/60000 (90.00%)]	Loss: 0.06
Train epoch: 1 [54100/60000 (90.17%)]	Loss: 0.06
Train epoch: 1 [54200/60000 (90.33%)]	Loss: 0.12
Train epoch: 1 [54300/60000 (90.50%)]	Loss: 0.70
Train epoch: 1 [54400/60000 (90.67%)]	Loss: 0.00
Train epoch: 1 [54500/60000 (90.83%)]	Loss: 0.06
Train epoch: 1 [54600/60000 (91.00%)]	Loss: 0.00
Train epoch: 1 [54700/60000 (91.17%)]	Loss: 0.01
Train epoch: 1 [54800/60000 (91.33%)]	Loss: 0.83
Train epoch: 1 [54900/60000 (91.50%)]	Loss: 0.14
Train epoch: 1 [55000/60000 (91.67%)]	Loss: 0.19
Train epoch: 1 [55100/60000 (91.83%)]	Loss: 0.00
Train epoch: 1 [55200/60000 (92.00%)]	Loss: 0.11
Train epoch: 1 [55300/60000 (92.17%)]	Loss: 0.02
Train epoch: 1 [55400/60000 (92.33%)]	Loss: 0.02
Train epoch: 1 [55500/60000 (92.50%)]	Loss: 0.05
Train epoch: 1 [55600/60000 (92.67%)]	Loss: 0.00
Train epoch: 1 [55700/60000 (92.83%)]	Loss: 0.82
Train epoch: 1 [55800/60000 (93.00%)]	Loss: 0.00
Train epoch: 1 [55900/60000 (93.17%)]	Loss: 0.00
Train epoch: 1 [56000/60000 (93.33%)]	Loss: 0.00
Train epoch: 1 [56100/60000 (93.50%)]	Loss: 0.34
Train epoch: 1 [56200/60000 (93.67%)]	Loss: 0.08
Train epoch: 1 [56300/60000 (93.83%)]	Loss: 0.00
Train epoch: 1 [56400/60000 (94.00%)]	Loss: 0.00
Train epoch: 1 [56500/60000 (94.17%)]	Loss: 1.81
Train epoch: 1 [56600/60000 (94.33%)]	Loss: 0.00
Train epoch: 1 [56700/60000 (94.50%)]	Loss: 0.05
Train epoch: 1 [56800/60000 (94.67%)]	Loss: 0.00
Train epoch: 1 [56900/60000 (94.83%)]	Loss: 0.00
Train epoch: 1 [57000/60000 (95.00%)]	Loss: 0.00
Train epoch: 1 [57100/60000 (95.17%)]	Loss: 0.25
Train epoch: 1 [57200/60000 (95.33%)]	Loss: 0.07
Train epoch: 1 [57300/60000 (95.50%)]	Loss: 0.00
Train epoch: 1 [57400/60000 (95.67%)]	Loss: 2.01
Train epoch: 1 [57500/60000 (95.83%)]	Loss: 0.00
Train epoch: 1 [57600/60000 (96.00%)]	Loss: 0.04
Train epoch: 1 [57700/60000 (96.17%)]	Loss: 0.00
Train epoch: 1 [57800/60000 (96.33%)]	Loss: 0.10
Train epoch: 1 [57900/60000 (96.50%)]	Loss: 0.00
Train epoch: 1 [58000/60000 (96.67%)]	Loss: 0.03
Train epoch: 1 [58100/60000 (96.83%)]	Loss: 0.55
Train epoch: 1 [58200/60000 (97.00%)]	Loss: 0.04
Train epoch: 1 [58300/60000 (97.17%)]	Loss: 0.23
Train epoch: 1 [58400/60000 (97.33%)]	Loss: 0.05
Train epoch: 1 [58500/60000 (97.50%)]	Loss: 1.05
Train epoch: 1 [58600/60000 (97.67%)]	Loss: 0.05
Train epoch: 1 [58700/60000 (97.83%)]	Loss: 0.02
Train epoch: 1 [58800/60000 (98.00%)]	Loss: 0.00
Train epoch: 1 [58900/60000 (98.17%)]	Loss: 0.70
Train epoch: 1 [59000/60000 (98.33%)]	Loss: 0.00
Train epoch: 1 [59100/60000 (98.50%)]	Loss: 0.77
Train epoch: 1 [59200/60000 (98.67%)]	Loss: 0.00
Train epoch: 1 [59300/60000 (98.83%)]	Loss: 0.01
Train epoch: 1 [59400/60000 (99.00%)]	Loss: 0.07
Train epoch: 1 [59500/60000 (99.17%)]	Loss: 0.11
Train epoch: 1 [59600/60000 (99.33%)]	Loss: 0.23
Train epoch: 1 [59700/60000 (99.50%)]	Loss: 0.20
Train epoch: 1 [59800/60000 (99.67%)]	Loss: 0.08
Train epoch: 1 [59900/60000 (99.83%)]	Loss: 0.21

Test set: Avg. loss: 0.00484337, Accuracy: 9562/10000 (95.6%)

Train epoch: 2 [0/60000 (0.00%)]	Loss: 0.00
Train epoch: 2 [100/60000 (0.17%)]	Loss: 0.12
Train epoch: 2 [200/60000 (0.33%)]	Loss: 0.00
Train epoch: 2 [300/60000 (0.50%)]	Loss: 0.30
Train epoch: 2 [400/60000 (0.67%)]	Loss: 0.06
Train epoch: 2 [500/60000 (0.83%)]	Loss: 0.01
Train epoch: 2 [600/60000 (1.00%)]	Loss: 0.00
Train epoch: 2 [700/60000 (1.17%)]	Loss: 1.65
Train epoch: 2 [800/60000 (1.33%)]	Loss: 0.01
Train epoch: 2 [900/60000 (1.50%)]	Loss: 0.00
Train epoch: 2 [1000/60000 (1.67%)]	Loss: 0.07
Train epoch: 2 [1100/60000 (1.83%)]	Loss: 0.00
Train epoch: 2 [1200/60000 (2.00%)]	Loss: 0.00
Train epoch: 2 [1300/60000 (2.17%)]	Loss: 0.95
Train epoch: 2 [1400/60000 (2.33%)]	Loss: 0.21
Train epoch: 2 [1500/60000 (2.50%)]	Loss: 0.20
Train epoch: 2 [1600/60000 (2.67%)]	Loss: 0.00
Train epoch: 2 [1700/60000 (2.83%)]	Loss: 0.01
Train epoch: 2 [1800/60000 (3.00%)]	Loss: 0.03
Train epoch: 2 [1900/60000 (3.17%)]	Loss: 0.05
Train epoch: 2 [2000/60000 (3.33%)]	Loss: 0.01
Train epoch: 2 [2100/60000 (3.50%)]	Loss: 0.02
Train epoch: 2 [2200/60000 (3.67%)]	Loss: 0.02
Train epoch: 2 [2300/60000 (3.83%)]	Loss: 0.00
Train epoch: 2 [2400/60000 (4.00%)]	Loss: 0.00
Train epoch: 2 [2500/60000 (4.17%)]	Loss: 0.02
Train epoch: 2 [2600/60000 (4.33%)]	Loss: 0.00
Train epoch: 2 [2700/60000 (4.50%)]	Loss: 0.05
Train epoch: 2 [2800/60000 (4.67%)]	Loss: 0.01
Train epoch: 2 [2900/60000 (4.83%)]	Loss: 0.00
Train epoch: 2 [3000/60000 (5.00%)]	Loss: 0.08
Train epoch: 2 [3100/60000 (5.17%)]	Loss: 0.02
Train epoch: 2 [3200/60000 (5.33%)]	Loss: 0.00
Train epoch: 2 [3300/60000 (5.50%)]	Loss: 0.00
Train epoch: 2 [3400/60000 (5.67%)]	Loss: 0.70
Train epoch: 2 [3500/60000 (5.83%)]	Loss: 0.00
Train epoch: 2 [3600/60000 (6.00%)]	Loss: 0.00
Train epoch: 2 [3700/60000 (6.17%)]	Loss: 0.03
Train epoch: 2 [3800/60000 (6.33%)]	Loss: 0.01
Train epoch: 2 [3900/60000 (6.50%)]	Loss: 0.10
Train epoch: 2 [4000/60000 (6.67%)]	Loss: 0.00
Train epoch: 2 [4100/60000 (6.83%)]	Loss: 0.00
Train epoch: 2 [4200/60000 (7.00%)]	Loss: 0.00
Train epoch: 2 [4300/60000 (7.17%)]	Loss: 0.00
Train epoch: 2 [4400/60000 (7.33%)]	Loss: 0.00
Train epoch: 2 [4500/60000 (7.50%)]	Loss: 0.09
Train epoch: 2 [4600/60000 (7.67%)]	Loss: 0.00
Train epoch: 2 [4700/60000 (7.83%)]	Loss: 0.00
Train epoch: 2 [4800/60000 (8.00%)]	Loss: 0.00
Train epoch: 2 [4900/60000 (8.17%)]	Loss: 0.03
Train epoch: 2 [5000/60000 (8.33%)]	Loss: 0.41
Train epoch: 2 [5100/60000 (8.50%)]	Loss: 0.00
Train epoch: 2 [5200/60000 (8.67%)]	Loss: 0.02
Train epoch: 2 [5300/60000 (8.83%)]	Loss: 0.02
Train epoch: 2 [5400/60000 (9.00%)]	Loss: 0.96
Train epoch: 2 [5500/60000 (9.17%)]	Loss: 0.00
Train epoch: 2 [5600/60000 (9.33%)]	Loss: 0.00
Train epoch: 2 [5700/60000 (9.50%)]	Loss: 0.07
Train epoch: 2 [5800/60000 (9.67%)]	Loss: 0.00
Train epoch: 2 [5900/60000 (9.83%)]	Loss: 0.00
Train epoch: 2 [6000/60000 (10.00%)]	Loss: 0.01
Train epoch: 2 [6100/60000 (10.17%)]	Loss: 0.01
Train epoch: 2 [6200/60000 (10.33%)]	Loss: 0.33
Train epoch: 2 [6300/60000 (10.50%)]	Loss: 0.02
Train epoch: 2 [6400/60000 (10.67%)]	Loss: 0.00
Train epoch: 2 [6500/60000 (10.83%)]	Loss: 0.00
Train epoch: 2 [6600/60000 (11.00%)]	Loss: 0.01
