# Experiment name: sgd_n10_t8
# number of epochs: 10
# training batch size: 8
# testing batch size: 1024
# optimizer: SGD
# learning rate: 0.01
# nn module: ..basenet
# save results: True

Test set: Avg. loss: 0.00691120, Accuracy: 973/10000 (9.7%)

Train epoch: 1 [0/60000 (0.00%)]	Loss: 2.05
Train epoch: 1 [400/60000 (0.67%)]	Loss: 2.09
Train epoch: 1 [800/60000 (1.33%)]	Loss: 2.04
Train epoch: 1 [1200/60000 (2.00%)]	Loss: 2.05
Train epoch: 1 [1600/60000 (2.67%)]	Loss: 2.01
Train epoch: 1 [2000/60000 (3.33%)]	Loss: 1.93
Train epoch: 1 [2400/60000 (4.00%)]	Loss: 1.81
Train epoch: 1 [2800/60000 (4.67%)]	Loss: 1.81
Train epoch: 1 [3200/60000 (5.33%)]	Loss: 2.21
Train epoch: 1 [3600/60000 (6.00%)]	Loss: 1.54
Train epoch: 1 [4000/60000 (6.67%)]	Loss: 1.49
Train epoch: 1 [4400/60000 (7.33%)]	Loss: 1.23
Train epoch: 1 [4800/60000 (8.00%)]	Loss: 1.68
Train epoch: 1 [5200/60000 (8.67%)]	Loss: 0.89
Train epoch: 1 [5600/60000 (9.33%)]	Loss: 1.20
Train epoch: 1 [6000/60000 (10.00%)]	Loss: 1.34
Train epoch: 1 [6400/60000 (10.67%)]	Loss: 1.31
Train epoch: 1 [6800/60000 (11.33%)]	Loss: 0.99
Train epoch: 1 [7200/60000 (12.00%)]	Loss: 1.63
Train epoch: 1 [7600/60000 (12.67%)]	Loss: 1.33
Train epoch: 1 [8000/60000 (13.33%)]	Loss: 1.15
Train epoch: 1 [8400/60000 (14.00%)]	Loss: 1.26
Train epoch: 1 [8800/60000 (14.67%)]	Loss: 0.72
Train epoch: 1 [9200/60000 (15.33%)]	Loss: 0.98
Train epoch: 1 [9600/60000 (16.00%)]	Loss: 0.77
Train epoch: 1 [10000/60000 (16.67%)]	Loss: 1.34
Train epoch: 1 [10400/60000 (17.33%)]	Loss: 1.28
Train epoch: 1 [10800/60000 (18.00%)]	Loss: 0.90
Train epoch: 1 [11200/60000 (18.67%)]	Loss: 0.99
Train epoch: 1 [11600/60000 (19.33%)]	Loss: 1.13
Train epoch: 1 [12000/60000 (20.00%)]	Loss: 1.32
Train epoch: 1 [12400/60000 (20.67%)]	Loss: 0.94
Train epoch: 1 [12800/60000 (21.33%)]	Loss: 1.17
Train epoch: 1 [13200/60000 (22.00%)]	Loss: 1.01
Train epoch: 1 [13600/60000 (22.67%)]	Loss: 1.25
Train epoch: 1 [14000/60000 (23.33%)]	Loss: 0.78
Train epoch: 1 [14400/60000 (24.00%)]	Loss: 0.75
Train epoch: 1 [14800/60000 (24.67%)]	Loss: 1.08
Train epoch: 1 [15200/60000 (25.33%)]	Loss: 1.18
Train epoch: 1 [15600/60000 (26.00%)]	Loss: 1.05
Train epoch: 1 [16000/60000 (26.67%)]	Loss: 1.26
Train epoch: 1 [16400/60000 (27.33%)]	Loss: 0.85
Train epoch: 1 [16800/60000 (28.00%)]	Loss: 0.96
Train epoch: 1 [17200/60000 (28.67%)]	Loss: 1.05
Train epoch: 1 [17600/60000 (29.33%)]	Loss: 2.11
Train epoch: 1 [18000/60000 (30.00%)]	Loss: 0.98
Train epoch: 1 [18400/60000 (30.67%)]	Loss: 1.17
Train epoch: 1 [18800/60000 (31.33%)]	Loss: 1.35
Train epoch: 1 [19200/60000 (32.00%)]	Loss: 1.06
Train epoch: 1 [19600/60000 (32.67%)]	Loss: 1.24
Train epoch: 1 [20000/60000 (33.33%)]	Loss: 0.52
Train epoch: 1 [20400/60000 (34.00%)]	Loss: 1.03
Train epoch: 1 [20800/60000 (34.67%)]	Loss: 1.43
Train epoch: 1 [21200/60000 (35.33%)]	Loss: 0.66
Train epoch: 1 [21600/60000 (36.00%)]	Loss: 0.81
Train epoch: 1 [22000/60000 (36.67%)]	Loss: 0.93
Train epoch: 1 [22400/60000 (37.33%)]	Loss: 0.77
Train epoch: 1 [22800/60000 (38.00%)]	Loss: 0.56
Train epoch: 1 [23200/60000 (38.67%)]	Loss: 0.38
Train epoch: 1 [23600/60000 (39.33%)]	Loss: 0.57
Train epoch: 1 [24000/60000 (40.00%)]	Loss: 0.73
Train epoch: 1 [24400/60000 (40.67%)]	Loss: 1.78
Train epoch: 1 [24800/60000 (41.33%)]	Loss: 1.00
Train epoch: 1 [25200/60000 (42.00%)]	Loss: 0.33
Train epoch: 1 [25600/60000 (42.67%)]	Loss: 0.78
Train epoch: 1 [26000/60000 (43.33%)]	Loss: 0.67
Train epoch: 1 [26400/60000 (44.00%)]	Loss: 0.74
Train epoch: 1 [26800/60000 (44.67%)]	Loss: 0.84
Train epoch: 1 [27200/60000 (45.33%)]	Loss: 1.25
Train epoch: 1 [27600/60000 (46.00%)]	Loss: 1.16
Train epoch: 1 [28000/60000 (46.67%)]	Loss: 1.10
Train epoch: 1 [28400/60000 (47.33%)]	Loss: 0.91
Train epoch: 1 [28800/60000 (48.00%)]	Loss: 0.90
Train epoch: 1 [29200/60000 (48.67%)]	Loss: 0.59
Train epoch: 1 [29600/60000 (49.33%)]	Loss: 0.63
Train epoch: 1 [30000/60000 (50.00%)]	Loss: 0.37
Train epoch: 1 [30400/60000 (50.67%)]	Loss: 0.58
Train epoch: 1 [30800/60000 (51.33%)]	Loss: 1.12
Train epoch: 1 [31200/60000 (52.00%)]	Loss: 0.23
Train epoch: 1 [31600/60000 (52.67%)]	Loss: 0.98
Train epoch: 1 [32000/60000 (53.33%)]	Loss: 0.76
Train epoch: 1 [32400/60000 (54.00%)]	Loss: 0.66
Train epoch: 1 [32800/60000 (54.67%)]	Loss: 0.63
Train epoch: 1 [33200/60000 (55.33%)]	Loss: 0.95
Train epoch: 1 [33600/60000 (56.00%)]	Loss: 0.61
Train epoch: 1 [34000/60000 (56.67%)]	Loss: 0.52
Train epoch: 1 [34400/60000 (57.33%)]	Loss: 0.72
Train epoch: 1 [34800/60000 (58.00%)]	Loss: 1.16
Train epoch: 1 [35200/60000 (58.67%)]	Loss: 0.51
Train epoch: 1 [35600/60000 (59.33%)]	Loss: 0.64
Train epoch: 1 [36000/60000 (60.00%)]	Loss: 0.65
Train epoch: 1 [36400/60000 (60.67%)]	Loss: 0.99
Train epoch: 1 [36800/60000 (61.33%)]	Loss: 0.70
Train epoch: 1 [37200/60000 (62.00%)]	Loss: 0.72
Train epoch: 1 [37600/60000 (62.67%)]	Loss: 0.29
Train epoch: 1 [38000/60000 (63.33%)]	Loss: 0.89
Train epoch: 1 [38400/60000 (64.00%)]	Loss: 0.33
Train epoch: 1 [38800/60000 (64.67%)]	Loss: 0.72
Train epoch: 1 [39200/60000 (65.33%)]	Loss: 1.43
Train epoch: 1 [39600/60000 (66.00%)]	Loss: 0.47
Train epoch: 1 [40000/60000 (66.67%)]	Loss: 0.47
Train epoch: 1 [40400/60000 (67.33%)]	Loss: 0.52
Train epoch: 1 [40800/60000 (68.00%)]	Loss: 0.69
Train epoch: 1 [41200/60000 (68.67%)]	Loss: 0.47
Train epoch: 1 [41600/60000 (69.33%)]	Loss: 0.83
Train epoch: 1 [42000/60000 (70.00%)]	Loss: 0.96
Train epoch: 1 [42400/60000 (70.67%)]	Loss: 1.68
Train epoch: 1 [42800/60000 (71.33%)]	Loss: 0.51
Train epoch: 1 [43200/60000 (72.00%)]	Loss: 0.76
Train epoch: 1 [43600/60000 (72.67%)]	Loss: 1.40
Train epoch: 1 [44000/60000 (73.33%)]	Loss: 0.80
Train epoch: 1 [44400/60000 (74.00%)]	Loss: 0.73
Train epoch: 1 [44800/60000 (74.67%)]	Loss: 0.62
Train epoch: 1 [45200/60000 (75.33%)]	Loss: 0.67
Train epoch: 1 [45600/60000 (76.00%)]	Loss: 0.83
Train epoch: 1 [46000/60000 (76.67%)]	Loss: 1.23
Train epoch: 1 [46400/60000 (77.33%)]	Loss: 0.64
Train epoch: 1 [46800/60000 (78.00%)]	Loss: 0.76
Train epoch: 1 [47200/60000 (78.67%)]	Loss: 0.94
Train epoch: 1 [47600/60000 (79.33%)]	Loss: 0.57
Train epoch: 1 [48000/60000 (80.00%)]	Loss: 0.98
Train epoch: 1 [48400/60000 (80.67%)]	Loss: 0.58
Train epoch: 1 [48800/60000 (81.33%)]	Loss: 0.51
Train epoch: 1 [49200/60000 (82.00%)]	Loss: 0.55
Train epoch: 1 [49600/60000 (82.67%)]	Loss: 0.76
Train epoch: 1 [50000/60000 (83.33%)]	Loss: 0.65
Train epoch: 1 [50400/60000 (84.00%)]	Loss: 0.90
Train epoch: 1 [50800/60000 (84.67%)]	Loss: 1.10
Train epoch: 1 [51200/60000 (85.33%)]	Loss: 0.46
Train epoch: 1 [51600/60000 (86.00%)]	Loss: 0.66
Train epoch: 1 [52000/60000 (86.67%)]	Loss: 0.96
Train epoch: 1 [52400/60000 (87.33%)]	Loss: 0.49
Train epoch: 1 [52800/60000 (88.00%)]	Loss: 0.91
Train epoch: 1 [53200/60000 (88.67%)]	Loss: 0.71
Train epoch: 1 [53600/60000 (89.33%)]	Loss: 1.30
Train epoch: 1 [54000/60000 (90.00%)]	Loss: 0.23
Train epoch: 1 [54400/60000 (90.67%)]	Loss: 0.67
Train epoch: 1 [54800/60000 (91.33%)]	Loss: 0.92
Train epoch: 1 [55200/60000 (92.00%)]	Loss: 0.71
Train epoch: 1 [55600/60000 (92.67%)]	Loss: 0.54
Train epoch: 1 [56000/60000 (93.33%)]	Loss: 0.23
Train epoch: 1 [56400/60000 (94.00%)]	Loss: 1.12
Train epoch: 1 [56800/60000 (94.67%)]	Loss: 0.31
Train epoch: 1 [57200/60000 (95.33%)]	Loss: 1.45
Train epoch: 1 [57600/60000 (96.00%)]	Loss: 0.73
Train epoch: 1 [58000/60000 (96.67%)]	Loss: 0.45
Train epoch: 1 [58400/60000 (97.33%)]	Loss: 1.49
Train epoch: 1 [58800/60000 (98.00%)]	Loss: 0.51
Train epoch: 1 [59200/60000 (98.67%)]	Loss: 0.42
Train epoch: 1 [59600/60000 (99.33%)]	Loss: 0.81

Test set: Avg. loss: 0.00479725, Accuracy: 9600/10000 (96.0%)

Train epoch: 2 [0/60000 (0.00%)]	Loss: 0.44
Train epoch: 2 [400/60000 (0.67%)]	Loss: 0.72
Train epoch: 2 [800/60000 (1.33%)]	Loss: 0.45
Train epoch: 2 [1200/60000 (2.00%)]	Loss: 0.77
Train epoch: 2 [1600/60000 (2.67%)]	Loss: 0.55
Train epoch: 2 [2000/60000 (3.33%)]	Loss: 0.62
Train epoch: 2 [2400/60000 (4.00%)]	Loss: 0.94
Train epoch: 2 [2800/60000 (4.67%)]	Loss: 0.57
Train epoch: 2 [3200/60000 (5.33%)]	Loss: 0.56
Train epoch: 2 [3600/60000 (6.00%)]	Loss: 0.89
Train epoch: 2 [4000/60000 (6.67%)]	Loss: 0.99
Train epoch: 2 [4400/60000 (7.33%)]	Loss: 1.14
Train epoch: 2 [4800/60000 (8.00%)]	Loss: 0.91
Train epoch: 2 [5200/60000 (8.67%)]	Loss: 0.52
Train epoch: 2 [5600/60000 (9.33%)]	Loss: 0.85
Train epoch: 2 [6000/60000 (10.00%)]	Loss: 0.96
Train epoch: 2 [6400/60000 (10.67%)]	Loss: 0.38
Train epoch: 2 [6800/60000 (11.33%)]	Loss: 0.84
Train epoch: 2 [7200/60000 (12.00%)]	Loss: 0.76
Train epoch: 2 [7600/60000 (12.67%)]	Loss: 0.76
Train epoch: 2 [8000/60000 (13.33%)]	Loss: 0.50
Train epoch: 2 [8400/60000 (14.00%)]	Loss: 0.60
Train epoch: 2 [8800/60000 (14.67%)]	Loss: 0.87
Train epoch: 2 [9200/60000 (15.33%)]	Loss: 0.84
Train epoch: 2 [9600/60000 (16.00%)]	Loss: 0.65
Train epoch: 2 [10000/60000 (16.67%)]	Loss: 0.97
Train epoch: 2 [10400/60000 (17.33%)]	Loss: 0.30
Train epoch: 2 [10800/60000 (18.00%)]	Loss: 0.63
Train epoch: 2 [11200/60000 (18.67%)]	Loss: 0.56
Train epoch: 2 [11600/60000 (19.33%)]	Loss: 0.39
Train epoch: 2 [12000/60000 (20.00%)]	Loss: 0.37
Train epoch: 2 [12400/60000 (20.67%)]	Loss: 1.04
Train epoch: 2 [12800/60000 (21.33%)]	Loss: 1.20
Train epoch: 2 [13200/60000 (22.00%)]	Loss: 0.55
Train epoch: 2 [13600/60000 (22.67%)]	Loss: 0.46
Train epoch: 2 [14000/60000 (23.33%)]	Loss: 0.56
Train epoch: 2 [14400/60000 (24.00%)]	Loss: 0.32
Train epoch: 2 [14800/60000 (24.67%)]	Loss: 0.87
Train epoch: 2 [15200/60000 (25.33%)]	Loss: 0.52
Train epoch: 2 [15600/60000 (26.00%)]	Loss: 0.55
Train epoch: 2 [16000/60000 (26.67%)]	Loss: 0.51
Train epoch: 2 [16400/60000 (27.33%)]	Loss: 0.61
Train epoch: 2 [16800/60000 (28.00%)]	Loss: 0.74
Train epoch: 2 [17200/60000 (28.67%)]	Loss: 0.43
Train epoch: 2 [17600/60000 (29.33%)]	Loss: 0.64
Train epoch: 2 [18000/60000 (30.00%)]	Loss: 0.42
Train epoch: 2 [18400/60000 (30.67%)]	Loss: 0.74
Train epoch: 2 [18800/60000 (31.33%)]	Loss: 0.62
Train epoch: 2 [19200/60000 (32.00%)]	Loss: 0.58
Train epoch: 2 [19600/60000 (32.67%)]	Loss: 0.39
Train epoch: 2 [20000/60000 (33.33%)]	Loss: 0.50
Train epoch: 2 [20400/60000 (34.00%)]	Loss: 0.53
Train epoch: 2 [20800/60000 (34.67%)]	Loss: 0.69
Train epoch: 2 [21200/60000 (35.33%)]	Loss: 0.45
Train epoch: 2 [21600/60000 (36.00%)]	Loss: 0.47
Train epoch: 2 [22000/60000 (36.67%)]	Loss: 0.49
Train epoch: 2 [22400/60000 (37.33%)]	Loss: 0.43
Train epoch: 2 [22800/60000 (38.00%)]	Loss: 0.35
Train epoch: 2 [23200/60000 (38.67%)]	Loss: 0.55
Train epoch: 2 [23600/60000 (39.33%)]	Loss: 0.78
Train epoch: 2 [24000/60000 (40.00%)]	Loss: 0.58
Train epoch: 2 [24400/60000 (40.67%)]	Loss: 1.22
Train epoch: 2 [24800/60000 (41.33%)]	Loss: 0.47
Train epoch: 2 [25200/60000 (42.00%)]	Loss: 0.82
Train epoch: 2 [25600/60000 (42.67%)]	Loss: 0.86
Train epoch: 2 [26000/60000 (43.33%)]	Loss: 0.69
Train epoch: 2 [26400/60000 (44.00%)]	Loss: 0.66
Train epoch: 2 [26800/60000 (44.67%)]	Loss: 1.27
Train epoch: 2 [27200/60000 (45.33%)]	Loss: 0.78
Train epoch: 2 [27600/60000 (46.00%)]	Loss: 0.72
Train epoch: 2 [28000/60000 (46.67%)]	Loss: 0.84
Train epoch: 2 [28400/60000 (47.33%)]	Loss: 0.57
Train epoch: 2 [28800/60000 (48.00%)]	Loss: 0.47
Train epoch: 2 [29200/60000 (48.67%)]	Loss: 0.60
Train epoch: 2 [29600/60000 (49.33%)]	Loss: 0.54
Train epoch: 2 [30000/60000 (50.00%)]	Loss: 0.29
Train epoch: 2 [30400/60000 (50.67%)]	Loss: 0.57
Train epoch: 2 [30800/60000 (51.33%)]	Loss: 0.44
Train epoch: 2 [31200/60000 (52.00%)]	Loss: 0.94
Train epoch: 2 [31600/60000 (52.67%)]	Loss: 0.49
Train epoch: 2 [32000/60000 (53.33%)]	Loss: 0.33
Train epoch: 2 [32400/60000 (54.00%)]	Loss: 0.48
Train epoch: 2 [32800/60000 (54.67%)]	Loss: 0.22
Train epoch: 2 [33200/60000 (55.33%)]	Loss: 1.21
Train epoch: 2 [33600/60000 (56.00%)]	Loss: 0.58
Train epoch: 2 [34000/60000 (56.67%)]	Loss: 0.67
Train epoch: 2 [34400/60000 (57.33%)]	Loss: 0.41
Train epoch: 2 [34800/60000 (58.00%)]	Loss: 0.73
Train epoch: 2 [35200/60000 (58.67%)]	Loss: 0.54
Train epoch: 2 [35600/60000 (59.33%)]	Loss: 0.63
Train epoch: 2 [36000/60000 (60.00%)]	Loss: 0.63
Train epoch: 2 [36400/60000 (60.67%)]	Loss: 0.29
Train epoch: 2 [36800/60000 (61.33%)]	Loss: 0.39
Train epoch: 2 [37200/60000 (62.00%)]	Loss: 0.59
Train epoch: 2 [37600/60000 (62.67%)]	Loss: 0.42
Train epoch: 2 [38000/60000 (63.33%)]	Loss: 1.02
Train epoch: 2 [38400/60000 (64.00%)]	Loss: 0.61
Train epoch: 2 [38800/60000 (64.67%)]	Loss: 0.47
Train epoch: 2 [39200/60000 (65.33%)]	Loss: 0.37
Train epoch: 2 [39600/60000 (66.00%)]	Loss: 0.86
Train epoch: 2 [40000/60000 (66.67%)]	Loss: 0.79
Train epoch: 2 [40400/60000 (67.33%)]	Loss: 0.24
Train epoch: 2 [40800/60000 (68.00%)]	Loss: 1.01
Train epoch: 2 [41200/60000 (68.67%)]	Loss: 1.03
Train epoch: 2 [41600/60000 (69.33%)]	Loss: 0.27
Train epoch: 2 [42000/60000 (70.00%)]	Loss: 0.64
Train epoch: 2 [42400/60000 (70.67%)]	Loss: 0.59
Train epoch: 2 [42800/60000 (71.33%)]	Loss: 0.62
Train epoch: 2 [43200/60000 (72.00%)]	Loss: 0.73
Train epoch: 2 [43600/60000 (72.67%)]	Loss: 0.50
Train epoch: 2 [44000/60000 (73.33%)]	Loss: 0.45
Train epoch: 2 [44400/60000 (74.00%)]	Loss: 0.65
Train epoch: 2 [44800/60000 (74.67%)]	Loss: 0.47
Train epoch: 2 [45200/60000 (75.33%)]	Loss: 0.63
Train epoch: 2 [45600/60000 (76.00%)]	Loss: 0.44
Train epoch: 2 [46000/60000 (76.67%)]	Loss: 1.13
Train epoch: 2 [46400/60000 (77.33%)]	Loss: 0.23
Train epoch: 2 [46800/60000 (78.00%)]	Loss: 0.67
Train epoch: 2 [47200/60000 (78.67%)]	Loss: 1.01
Train epoch: 2 [47600/60000 (79.33%)]	Loss: 0.37
Train epoch: 2 [48000/60000 (80.00%)]	Loss: 0.69
Train epoch: 2 [48400/60000 (80.67%)]	Loss: 0.19
Train epoch: 2 [48800/60000 (81.33%)]	Loss: 0.32
Train epoch: 2 [49200/60000 (82.00%)]	Loss: 0.55
Train epoch: 2 [49600/60000 (82.67%)]	Loss: 0.64
Train epoch: 2 [50000/60000 (83.33%)]	Loss: 1.10
Train epoch: 2 [50400/60000 (84.00%)]	Loss: 0.65
Train epoch: 2 [50800/60000 (84.67%)]	Loss: 0.66
Train epoch: 2 [51200/60000 (85.33%)]	Loss: 0.74
Train epoch: 2 [51600/60000 (86.00%)]	Loss: 0.80
Train epoch: 2 [52000/60000 (86.67%)]	Loss: 1.17
Train epoch: 2 [52400/60000 (87.33%)]	Loss: 0.30
Train epoch: 2 [52800/60000 (88.00%)]	Loss: 0.50
Train epoch: 2 [53200/60000 (88.67%)]	Loss: 0.83
Train epoch: 2 [53600/60000 (89.33%)]	Loss: 0.63
Train epoch: 2 [54000/60000 (90.00%)]	Loss: 0.78
Train epoch: 2 [54400/60000 (90.67%)]	Loss: 0.94
Train epoch: 2 [54800/60000 (91.33%)]	Loss: 0.48
Train epoch: 2 [55200/60000 (92.00%)]	Loss: 0.69
Train epoch: 2 [55600/60000 (92.67%)]	Loss: 0.57
Train epoch: 2 [56000/60000 (93.33%)]	Loss: 0.34
Train epoch: 2 [56400/60000 (94.00%)]	Loss: 1.01
Train epoch: 2 [56800/60000 (94.67%)]	Loss: 0.44
Train epoch: 2 [57200/60000 (95.33%)]	Loss: 0.52
Train epoch: 2 [57600/60000 (96.00%)]	Loss: 0.68
Train epoch: 2 [58000/60000 (96.67%)]	Loss: 0.64
Train epoch: 2 [58400/60000 (97.33%)]	Loss: 0.91
Train epoch: 2 [58800/60000 (98.00%)]	Loss: 1.33
Train epoch: 2 [59200/60000 (98.67%)]	Loss: 0.48
Train epoch: 2 [59600/60000 (99.33%)]	Loss: 0.59

Test set: Avg. loss: 0.00473686, Accuracy: 9719/10000 (97.2%)

Train epoch: 3 [0/60000 (0.00%)]	Loss: 0.75
Train epoch: 3 [400/60000 (0.67%)]	Loss: 0.81
Train epoch: 3 [800/60000 (1.33%)]	Loss: 0.86
Train epoch: 3 [1200/60000 (2.00%)]	Loss: 1.54
Train epoch: 3 [1600/60000 (2.67%)]	Loss: 0.41
Train epoch: 3 [2000/60000 (3.33%)]	Loss: 0.57
Train epoch: 3 [2400/60000 (4.00%)]	Loss: 0.94
Train epoch: 3 [2800/60000 (4.67%)]	Loss: 0.59
Train epoch: 3 [3200/60000 (5.33%)]	Loss: 0.59
Train epoch: 3 [3600/60000 (6.00%)]	Loss: 1.17
Train epoch: 3 [4000/60000 (6.67%)]	Loss: 0.42
Train epoch: 3 [4400/60000 (7.33%)]	Loss: 0.72
Train epoch: 3 [4800/60000 (8.00%)]	Loss: 1.90
Train epoch: 3 [5200/60000 (8.67%)]	Loss: 0.41
Train epoch: 3 [5600/60000 (9.33%)]	Loss: 0.78
Train epoch: 3 [6000/60000 (10.00%)]	Loss: 0.92
Train epoch: 3 [6400/60000 (10.67%)]	Loss: 0.37
Train epoch: 3 [6800/60000 (11.33%)]	Loss: 0.51
Train epoch: 3 [7200/60000 (12.00%)]	Loss: 0.60
Train epoch: 3 [7600/60000 (12.67%)]	Loss: 0.25
Train epoch: 3 [8000/60000 (13.33%)]	Loss: 0.81
Train epoch: 3 [8400/60000 (14.00%)]	Loss: 0.30
Train epoch: 3 [8800/60000 (14.67%)]	Loss: 0.33
Train epoch: 3 [9200/60000 (15.33%)]	Loss: 0.17
Train epoch: 3 [9600/60000 (16.00%)]	Loss: 1.01
Train epoch: 3 [10000/60000 (16.67%)]	Loss: 0.51
Train epoch: 3 [10400/60000 (17.33%)]	Loss: 0.21
Train epoch: 3 [10800/60000 (18.00%)]	Loss: 0.61
Train epoch: 3 [11200/60000 (18.67%)]	Loss: 0.96
Train epoch: 3 [11600/60000 (19.33%)]	Loss: 0.52
Train epoch: 3 [12000/60000 (20.00%)]	Loss: 0.65
Train epoch: 3 [12400/60000 (20.67%)]	Loss: 0.59
Train epoch: 3 [12800/60000 (21.33%)]	Loss: 0.74
Train epoch: 3 [13200/60000 (22.00%)]	Loss: 0.39
Train epoch: 3 [13600/60000 (22.67%)]	Loss: 0.49
Train epoch: 3 [14000/60000 (23.33%)]	Loss: 0.64
Train epoch: 3 [14400/60000 (24.00%)]	Loss: 0.82
Train epoch: 3 [14800/60000 (24.67%)]	Loss: 0.34
Train epoch: 3 [15200/60000 (25.33%)]	Loss: 0.92
Train epoch: 3 [15600/60000 (26.00%)]	Loss: 0.61
Train epoch: 3 [16000/60000 (26.67%)]	Loss: 0.43
Train epoch: 3 [16400/60000 (27.33%)]	Loss: 0.64
Train epoch: 3 [16800/60000 (28.00%)]	Loss: 0.41
Train epoch: 3 [17200/60000 (28.67%)]	Loss: 0.22
Train epoch: 3 [17600/60000 (29.33%)]	Loss: 0.62
Train epoch: 3 [18000/60000 (30.00%)]	Loss: 0.65
Train epoch: 3 [18400/60000 (30.67%)]	Loss: 1.09
Train epoch: 3 [18800/60000 (31.33%)]	Loss: 0.90
Train epoch: 3 [19200/60000 (32.00%)]	Loss: 0.70
Train epoch: 3 [19600/60000 (32.67%)]	Loss: 0.77
Train epoch: 3 [20000/60000 (33.33%)]	Loss: 0.60
Train epoch: 3 [20400/60000 (34.00%)]	Loss: 0.25
Train epoch: 3 [20800/60000 (34.67%)]	Loss: 0.55
Train epoch: 3 [21200/60000 (35.33%)]	Loss: 0.39
Train epoch: 3 [21600/60000 (36.00%)]	Loss: 0.45
Train epoch: 3 [22000/60000 (36.67%)]	Loss: 0.78
Train epoch: 3 [22400/60000 (37.33%)]	Loss: 1.25
Train epoch: 3 [22800/60000 (38.00%)]	Loss: 0.48
Train epoch: 3 [23200/60000 (38.67%)]	Loss: 0.47
Train epoch: 3 [23600/60000 (39.33%)]	Loss: 0.72
Train epoch: 3 [24000/60000 (40.00%)]	Loss: 0.62
Train epoch: 3 [24400/60000 (40.67%)]	Loss: 0.31
Train epoch: 3 [24800/60000 (41.33%)]	Loss: 1.21
Train epoch: 3 [25200/60000 (42.00%)]	Loss: 0.40
Train epoch: 3 [25600/60000 (42.67%)]	Loss: 0.29
Train epoch: 3 [26000/60000 (43.33%)]	Loss: 0.46
Train epoch: 3 [26400/60000 (44.00%)]	Loss: 0.65
Train epoch: 3 [26800/60000 (44.67%)]	Loss: 0.33
Train epoch: 3 [27200/60000 (45.33%)]	Loss: 1.04
Train epoch: 3 [27600/60000 (46.00%)]	Loss: 0.70
Train epoch: 3 [28000/60000 (46.67%)]	Loss: 0.63
Train epoch: 3 [28400/60000 (47.33%)]	Loss: 0.73
Train epoch: 3 [28800/60000 (48.00%)]	Loss: 0.86
Train epoch: 3 [29200/60000 (48.67%)]	Loss: 0.45
Train epoch: 3 [29600/60000 (49.33%)]	Loss: 0.62
Train epoch: 3 [30000/60000 (50.00%)]	Loss: 0.20
Train epoch: 3 [30400/60000 (50.67%)]	Loss: 0.74
Train epoch: 3 [30800/60000 (51.33%)]	Loss: 0.30
Train epoch: 3 [31200/60000 (52.00%)]	Loss: 0.69
Train epoch: 3 [31600/60000 (52.67%)]	Loss: 0.37
Train epoch: 3 [32000/60000 (53.33%)]	Loss: 0.49
Train epoch: 3 [32400/60000 (54.00%)]	Loss: 0.36
Train epoch: 3 [32800/60000 (54.67%)]	Loss: 0.41
Train epoch: 3 [33200/60000 (55.33%)]	Loss: 0.75
Train epoch: 3 [33600/60000 (56.00%)]	Loss: 0.35
Train epoch: 3 [34000/60000 (56.67%)]	Loss: 0.88
Train epoch: 3 [34400/60000 (57.33%)]	Loss: 0.94
Train epoch: 3 [34800/60000 (58.00%)]	Loss: 0.70
Train epoch: 3 [35200/60000 (58.67%)]	Loss: 0.36
Train epoch: 3 [35600/60000 (59.33%)]	Loss: 0.94
Train epoch: 3 [36000/60000 (60.00%)]	Loss: 0.43
Train epoch: 3 [36400/60000 (60.67%)]	Loss: 0.54
Train epoch: 3 [36800/60000 (61.33%)]	Loss: 0.33
Train epoch: 3 [37200/60000 (62.00%)]	Loss: 0.59
Train epoch: 3 [37600/60000 (62.67%)]	Loss: 0.58
Train epoch: 3 [38000/60000 (63.33%)]	Loss: 0.56
Train epoch: 3 [38400/60000 (64.00%)]	Loss: 1.17
Train epoch: 3 [38800/60000 (64.67%)]	Loss: 0.55
Train epoch: 3 [39200/60000 (65.33%)]	Loss: 0.12
Train epoch: 3 [39600/60000 (66.00%)]	Loss: 0.30
Train epoch: 3 [40000/60000 (66.67%)]	Loss: 0.78
Train epoch: 3 [40400/60000 (67.33%)]	Loss: 0.57
Train epoch: 3 [40800/60000 (68.00%)]	Loss: 0.65
Train epoch: 3 [41200/60000 (68.67%)]	Loss: 0.37
Train epoch: 3 [41600/60000 (69.33%)]	Loss: 0.78
Train epoch: 3 [42000/60000 (70.00%)]	Loss: 0.84
Train epoch: 3 [42400/60000 (70.67%)]	Loss: 1.25
Train epoch: 3 [42800/60000 (71.33%)]	Loss: 0.63
Train epoch: 3 [43200/60000 (72.00%)]	Loss: 0.17
Train epoch: 3 [43600/60000 (72.67%)]	Loss: 0.63
Train epoch: 3 [44000/60000 (73.33%)]	Loss: 0.44
Train epoch: 3 [44400/60000 (74.00%)]	Loss: 0.96
Train epoch: 3 [44800/60000 (74.67%)]	Loss: 0.40
Train epoch: 3 [45200/60000 (75.33%)]	Loss: 0.93
Train epoch: 3 [45600/60000 (76.00%)]	Loss: 0.77
Train epoch: 3 [46000/60000 (76.67%)]	Loss: 0.36
Train epoch: 3 [46400/60000 (77.33%)]	Loss: 0.39
Train epoch: 3 [46800/60000 (78.00%)]	Loss: 0.89
Train epoch: 3 [47200/60000 (78.67%)]	Loss: 0.69
Train epoch: 3 [47600/60000 (79.33%)]	Loss: 0.45
Train epoch: 3 [48000/60000 (80.00%)]	Loss: 0.83
Train epoch: 3 [48400/60000 (80.67%)]	Loss: 0.62
Train epoch: 3 [48800/60000 (81.33%)]	Loss: 0.62
Train epoch: 3 [49200/60000 (82.00%)]	Loss: 0.60
Train epoch: 3 [49600/60000 (82.67%)]	Loss: 1.22
Train epoch: 3 [50000/60000 (83.33%)]	Loss: 0.77
Train epoch: 3 [50400/60000 (84.00%)]	Loss: 0.54
Train epoch: 3 [50800/60000 (84.67%)]	Loss: 0.60
Train epoch: 3 [51200/60000 (85.33%)]	Loss: 0.40
Train epoch: 3 [51600/60000 (86.00%)]	Loss: 0.41
Train epoch: 3 [52000/60000 (86.67%)]	Loss: 0.84
Train epoch: 3 [52400/60000 (87.33%)]	Loss: 0.65
Train epoch: 3 [52800/60000 (88.00%)]	Loss: 1.33
Train epoch: 3 [53200/60000 (88.67%)]	Loss: 0.47
Train epoch: 3 [53600/60000 (89.33%)]	Loss: 0.81
Train epoch: 3 [54000/60000 (90.00%)]	Loss: 1.20
Train epoch: 3 [54400/60000 (90.67%)]	Loss: 0.31
Train epoch: 3 [54800/60000 (91.33%)]	Loss: 0.61
Train epoch: 3 [55200/60000 (92.00%)]	Loss: 0.62
Train epoch: 3 [55600/60000 (92.67%)]	Loss: 0.69
Train epoch: 3 [56000/60000 (93.33%)]	Loss: 1.15
Train epoch: 3 [56400/60000 (94.00%)]	Loss: 1.17
Train epoch: 3 [56800/60000 (94.67%)]	Loss: 0.69
Train epoch: 3 [57200/60000 (95.33%)]	Loss: 0.43
Train epoch: 3 [57600/60000 (96.00%)]	Loss: 0.54
Train epoch: 3 [58000/60000 (96.67%)]	Loss: 0.37
Train epoch: 3 [58400/60000 (97.33%)]	Loss: 0.91
Train epoch: 3 [58800/60000 (98.00%)]	Loss: 0.21
Train epoch: 3 [59200/60000 (98.67%)]	Loss: 0.36
Train epoch: 3 [59600/60000 (99.33%)]	Loss: 0.73

Test set: Avg. loss: 0.00471049, Accuracy: 9779/10000 (97.8%)

Train epoch: 4 [0/60000 (0.00%)]	Loss: 0.47
Train epoch: 4 [400/60000 (0.67%)]	Loss: 1.12
Train epoch: 4 [800/60000 (1.33%)]	Loss: 0.38
Train epoch: 4 [1200/60000 (2.00%)]	Loss: 0.91
Train epoch: 4 [1600/60000 (2.67%)]	Loss: 0.24
Train epoch: 4 [2000/60000 (3.33%)]	Loss: 0.91
Train epoch: 4 [2400/60000 (4.00%)]	Loss: 0.78
Train epoch: 4 [2800/60000 (4.67%)]	Loss: 0.70
Train epoch: 4 [3200/60000 (5.33%)]	Loss: 0.45
Train epoch: 4 [3600/60000 (6.00%)]	Loss: 0.72
Train epoch: 4 [4000/60000 (6.67%)]	Loss: 0.64
Train epoch: 4 [4400/60000 (7.33%)]	Loss: 0.95
Train epoch: 4 [4800/60000 (8.00%)]	Loss: 0.79
Train epoch: 4 [5200/60000 (8.67%)]	Loss: 0.42
Train epoch: 4 [5600/60000 (9.33%)]	Loss: 1.01
Train epoch: 4 [6000/60000 (10.00%)]	Loss: 0.55
Train epoch: 4 [6400/60000 (10.67%)]	Loss: 0.18
Train epoch: 4 [6800/60000 (11.33%)]	Loss: 0.90
Train epoch: 4 [7200/60000 (12.00%)]	Loss: 0.38
Train epoch: 4 [7600/60000 (12.67%)]	Loss: 0.86
Train epoch: 4 [8000/60000 (13.33%)]	Loss: 0.43
Train epoch: 4 [8400/60000 (14.00%)]	Loss: 0.48
Train epoch: 4 [8800/60000 (14.67%)]	Loss: 0.23
Train epoch: 4 [9200/60000 (15.33%)]	Loss: 0.53
Train epoch: 4 [9600/60000 (16.00%)]	Loss: 0.35
Train epoch: 4 [10000/60000 (16.67%)]	Loss: 0.43
Train epoch: 4 [10400/60000 (17.33%)]	Loss: 0.42
Train epoch: 4 [10800/60000 (18.00%)]	Loss: 0.72
Train epoch: 4 [11200/60000 (18.67%)]	Loss: 0.56
Train epoch: 4 [11600/60000 (19.33%)]	Loss: 0.36
Train epoch: 4 [12000/60000 (20.00%)]	Loss: 0.53
Train epoch: 4 [12400/60000 (20.67%)]	Loss: 0.27
Train epoch: 4 [12800/60000 (21.33%)]	Loss: 0.40
Train epoch: 4 [13200/60000 (22.00%)]	Loss: 0.65
Train epoch: 4 [13600/60000 (22.67%)]	Loss: 0.39
Train epoch: 4 [14000/60000 (23.33%)]	Loss: 0.76
Train epoch: 4 [14400/60000 (24.00%)]	Loss: 0.83
Train epoch: 4 [14800/60000 (24.67%)]	Loss: 0.39
Train epoch: 4 [15200/60000 (25.33%)]	Loss: 0.56
Train epoch: 4 [15600/60000 (26.00%)]	Loss: 0.38
Train epoch: 4 [16000/60000 (26.67%)]	Loss: 1.44
Train epoch: 4 [16400/60000 (27.33%)]	Loss: 0.76
Train epoch: 4 [16800/60000 (28.00%)]	Loss: 0.38
Train epoch: 4 [17200/60000 (28.67%)]	Loss: 0.23
Train epoch: 4 [17600/60000 (29.33%)]	Loss: 0.46
Train epoch: 4 [18000/60000 (30.00%)]	Loss: 0.59
Train epoch: 4 [18400/60000 (30.67%)]	Loss: 0.59
Train epoch: 4 [18800/60000 (31.33%)]	Loss: 0.39
Train epoch: 4 [19200/60000 (32.00%)]	Loss: 1.13
Train epoch: 4 [19600/60000 (32.67%)]	Loss: 0.61
Train epoch: 4 [20000/60000 (33.33%)]	Loss: 0.56
Train epoch: 4 [20400/60000 (34.00%)]	Loss: 1.01
Train epoch: 4 [20800/60000 (34.67%)]	Loss: 0.64
Train epoch: 4 [21200/60000 (35.33%)]	Loss: 0.95
Train epoch: 4 [21600/60000 (36.00%)]	Loss: 0.61
Train epoch: 4 [22000/60000 (36.67%)]	Loss: 0.64
Train epoch: 4 [22400/60000 (37.33%)]	Loss: 0.41
Train epoch: 4 [22800/60000 (38.00%)]	Loss: 0.54
Train epoch: 4 [23200/60000 (38.67%)]	Loss: 0.30
Train epoch: 4 [23600/60000 (39.33%)]	Loss: 1.11
Train epoch: 4 [24000/60000 (40.00%)]	Loss: 0.88
Train epoch: 4 [24400/60000 (40.67%)]	Loss: 0.22
Train epoch: 4 [24800/60000 (41.33%)]	Loss: 0.25
Train epoch: 4 [25200/60000 (42.00%)]	Loss: 0.75
Train epoch: 4 [25600/60000 (42.67%)]	Loss: 0.59
Train epoch: 4 [26000/60000 (43.33%)]	Loss: 0.37
Train epoch: 4 [26400/60000 (44.00%)]	Loss: 0.61
Train epoch: 4 [26800/60000 (44.67%)]	Loss: 0.41
Train epoch: 4 [27200/60000 (45.33%)]	Loss: 0.59
Train epoch: 4 [27600/60000 (46.00%)]	Loss: 0.62
Train epoch: 4 [28000/60000 (46.67%)]	Loss: 0.63
Train epoch: 4 [28400/60000 (47.33%)]	Loss: 0.39
Train epoch: 4 [28800/60000 (48.00%)]	Loss: 0.67
Train epoch: 4 [29200/60000 (48.67%)]	Loss: 0.98
Train epoch: 4 [29600/60000 (49.33%)]	Loss: 0.41
Train epoch: 4 [30000/60000 (50.00%)]	Loss: 1.21
Train epoch: 4 [30400/60000 (50.67%)]	Loss: 1.26
Train epoch: 4 [30800/60000 (51.33%)]	Loss: 0.63
Train epoch: 4 [31200/60000 (52.00%)]	Loss: 0.66
Train epoch: 4 [31600/60000 (52.67%)]	Loss: 0.44
Train epoch: 4 [32000/60000 (53.33%)]	Loss: 0.45
Train epoch: 4 [32400/60000 (54.00%)]	Loss: 0.67
Train epoch: 4 [32800/60000 (54.67%)]	Loss: 0.67
Train epoch: 4 [33200/60000 (55.33%)]	Loss: 0.45
Train epoch: 4 [33600/60000 (56.00%)]	Loss: 0.32
Train epoch: 4 [34000/60000 (56.67%)]	Loss: 0.94
Train epoch: 4 [34400/60000 (57.33%)]	Loss: 0.39
Train epoch: 4 [34800/60000 (58.00%)]	Loss: 0.47
Train epoch: 4 [35200/60000 (58.67%)]	Loss: 0.20
Train epoch: 4 [35600/60000 (59.33%)]	Loss: 0.71
Train epoch: 4 [36000/60000 (60.00%)]	Loss: 0.53
Train epoch: 4 [36400/60000 (60.67%)]	Loss: 0.44
Train epoch: 4 [36800/60000 (61.33%)]	Loss: 0.41
Train epoch: 4 [37200/60000 (62.00%)]	Loss: 0.04
Train epoch: 4 [37600/60000 (62.67%)]	Loss: 0.79
Train epoch: 4 [38000/60000 (63.33%)]	Loss: 0.57
Train epoch: 4 [38400/60000 (64.00%)]	Loss: 0.61
Train epoch: 4 [38800/60000 (64.67%)]	Loss: 0.18
Train epoch: 4 [39200/60000 (65.33%)]	Loss: 0.51
Train epoch: 4 [39600/60000 (66.00%)]	Loss: 0.65
Train epoch: 4 [40000/60000 (66.67%)]	Loss: 0.89
Train epoch: 4 [40400/60000 (67.33%)]	Loss: 0.72
Train epoch: 4 [40800/60000 (68.00%)]	Loss: 0.52
Train epoch: 4 [41200/60000 (68.67%)]	Loss: 0.36
Train epoch: 4 [41600/60000 (69.33%)]	Loss: 0.67
Train epoch: 4 [42000/60000 (70.00%)]	Loss: 0.42
Train epoch: 4 [42400/60000 (70.67%)]	Loss: 0.34
Train epoch: 4 [42800/60000 (71.33%)]	Loss: 0.89
Train epoch: 4 [43200/60000 (72.00%)]	Loss: 0.98
Train epoch: 4 [43600/60000 (72.67%)]	Loss: 0.46
Train epoch: 4 [44000/60000 (73.33%)]	Loss: 0.18
Train epoch: 4 [44400/60000 (74.00%)]	Loss: 0.77
Train epoch: 4 [44800/60000 (74.67%)]	Loss: 0.55
Train epoch: 4 [45200/60000 (75.33%)]	Loss: 0.27
Train epoch: 4 [45600/60000 (76.00%)]	Loss: 0.41
Train epoch: 4 [46000/60000 (76.67%)]	Loss: 0.37
Train epoch: 4 [46400/60000 (77.33%)]	Loss: 0.35
Train epoch: 4 [46800/60000 (78.00%)]	Loss: 0.56
Train epoch: 4 [47200/60000 (78.67%)]	Loss: 1.01
Train epoch: 4 [47600/60000 (79.33%)]	Loss: 1.36
Train epoch: 4 [48000/60000 (80.00%)]	Loss: 0.68
Train epoch: 4 [48400/60000 (80.67%)]	Loss: 0.56
Train epoch: 4 [48800/60000 (81.33%)]	Loss: 0.62
Train epoch: 4 [49200/60000 (82.00%)]	Loss: 0.44
Train epoch: 4 [49600/60000 (82.67%)]	Loss: 0.27
Train epoch: 4 [50000/60000 (83.33%)]	Loss: 0.63
Train epoch: 4 [50400/60000 (84.00%)]	Loss: 0.49
Train epoch: 4 [50800/60000 (84.67%)]	Loss: 0.46
Train epoch: 4 [51200/60000 (85.33%)]	Loss: 0.57
Train epoch: 4 [51600/60000 (86.00%)]	Loss: 0.50
Train epoch: 4 [52000/60000 (86.67%)]	Loss: 0.01
Train epoch: 4 [52400/60000 (87.33%)]	Loss: 0.70
Train epoch: 4 [52800/60000 (88.00%)]	Loss: 0.21
Train epoch: 4 [53200/60000 (88.67%)]	Loss: 0.42
Train epoch: 4 [53600/60000 (89.33%)]	Loss: 0.80
Train epoch: 4 [54000/60000 (90.00%)]	Loss: 0.79
Train epoch: 4 [54400/60000 (90.67%)]	Loss: 0.19
Train epoch: 4 [54800/60000 (91.33%)]	Loss: 0.77
Train epoch: 4 [55200/60000 (92.00%)]	Loss: 0.77
Train epoch: 4 [55600/60000 (92.67%)]	Loss: 0.43
Train epoch: 4 [56000/60000 (93.33%)]	Loss: 0.65
Train epoch: 4 [56400/60000 (94.00%)]	Loss: 0.71
Train epoch: 4 [56800/60000 (94.67%)]	Loss: 0.20
Train epoch: 4 [57200/60000 (95.33%)]	Loss: 0.48
Train epoch: 4 [57600/60000 (96.00%)]	Loss: 0.41
Train epoch: 4 [58000/60000 (96.67%)]	Loss: 0.92
Train epoch: 4 [58400/60000 (97.33%)]	Loss: 0.74
Train epoch: 4 [58800/60000 (98.00%)]	Loss: 0.70
Train epoch: 4 [59200/60000 (98.67%)]	Loss: 0.87
Train epoch: 4 [59600/60000 (99.33%)]	Loss: 0.59

Test set: Avg. loss: 0.00469592, Accuracy: 9784/10000 (97.8%)

Train epoch: 5 [0/60000 (0.00%)]	Loss: 0.45
Train epoch: 5 [400/60000 (0.67%)]	Loss: 0.69
Train epoch: 5 [800/60000 (1.33%)]	Loss: 0.44
Train epoch: 5 [1200/60000 (2.00%)]	Loss: 0.27
Train epoch: 5 [1600/60000 (2.67%)]	Loss: 0.85
Train epoch: 5 [2000/60000 (3.33%)]	Loss: 0.27
Train epoch: 5 [2400/60000 (4.00%)]	Loss: 0.76
Train epoch: 5 [2800/60000 (4.67%)]	Loss: 0.68
Train epoch: 5 [3200/60000 (5.33%)]	Loss: 0.78
Train epoch: 5 [3600/60000 (6.00%)]	Loss: 1.03
Train epoch: 5 [4000/60000 (6.67%)]	Loss: 0.43
Train epoch: 5 [4400/60000 (7.33%)]	Loss: 0.73
Train epoch: 5 [4800/60000 (8.00%)]	Loss: 0.70
Train epoch: 5 [5200/60000 (8.67%)]	Loss: 0.45
Train epoch: 5 [5600/60000 (9.33%)]	Loss: 0.88
Train epoch: 5 [6000/60000 (10.00%)]	Loss: 0.51
Train epoch: 5 [6400/60000 (10.67%)]	Loss: 1.02
Train epoch: 5 [6800/60000 (11.33%)]	Loss: 0.55
Train epoch: 5 [7200/60000 (12.00%)]	Loss: 0.58
Train epoch: 5 [7600/60000 (12.67%)]	Loss: 0.18
Train epoch: 5 [8000/60000 (13.33%)]	Loss: 0.62
Train epoch: 5 [8400/60000 (14.00%)]	Loss: 0.59
Train epoch: 5 [8800/60000 (14.67%)]	Loss: 0.54
Train epoch: 5 [9200/60000 (15.33%)]	Loss: 0.45
Train epoch: 5 [9600/60000 (16.00%)]	Loss: 0.83
Train epoch: 5 [10000/60000 (16.67%)]	Loss: 0.63
Train epoch: 5 [10400/60000 (17.33%)]	Loss: 0.60
Train epoch: 5 [10800/60000 (18.00%)]	Loss: 0.50
Train epoch: 5 [11200/60000 (18.67%)]	Loss: 0.23
Train epoch: 5 [11600/60000 (19.33%)]	Loss: 0.72
Train epoch: 5 [12000/60000 (20.00%)]	Loss: 0.59
Train epoch: 5 [12400/60000 (20.67%)]	Loss: 0.60
Train epoch: 5 [12800/60000 (21.33%)]	Loss: 0.44
Train epoch: 5 [13200/60000 (22.00%)]	Loss: 0.20
Train epoch: 5 [13600/60000 (22.67%)]	Loss: 0.69
Train epoch: 5 [14000/60000 (23.33%)]	Loss: 0.80
Train epoch: 5 [14400/60000 (24.00%)]	Loss: 1.12
Train epoch: 5 [14800/60000 (24.67%)]	Loss: 0.29
Train epoch: 5 [15200/60000 (25.33%)]	Loss: 0.30
Train epoch: 5 [15600/60000 (26.00%)]	Loss: 0.77
Train epoch: 5 [16000/60000 (26.67%)]	Loss: 0.60
Train epoch: 5 [16400/60000 (27.33%)]	Loss: 0.53
Train epoch: 5 [16800/60000 (28.00%)]	Loss: 1.07
Train epoch: 5 [17200/60000 (28.67%)]	Loss: 0.28
Train epoch: 5 [17600/60000 (29.33%)]	Loss: 0.43
Train epoch: 5 [18000/60000 (30.00%)]	Loss: 0.36
Train epoch: 5 [18400/60000 (30.67%)]	Loss: 0.20
Train epoch: 5 [18800/60000 (31.33%)]	Loss: 0.85
Train epoch: 5 [19200/60000 (32.00%)]	Loss: 0.70
Train epoch: 5 [19600/60000 (32.67%)]	Loss: 0.87
Train epoch: 5 [20000/60000 (33.33%)]	Loss: 0.46
Train epoch: 5 [20400/60000 (34.00%)]	Loss: 0.59
Train epoch: 5 [20800/60000 (34.67%)]	Loss: 0.40
Train epoch: 5 [21200/60000 (35.33%)]	Loss: 0.61
Train epoch: 5 [21600/60000 (36.00%)]	Loss: 0.38
Train epoch: 5 [22000/60000 (36.67%)]	Loss: 0.48
Train epoch: 5 [22400/60000 (37.33%)]	Loss: 0.27
Train epoch: 5 [22800/60000 (38.00%)]	Loss: 1.04
Train epoch: 5 [23200/60000 (38.67%)]	Loss: 0.44
Train epoch: 5 [23600/60000 (39.33%)]	Loss: 0.86
Train epoch: 5 [24000/60000 (40.00%)]	Loss: 0.82
Train epoch: 5 [24400/60000 (40.67%)]	Loss: 0.40
Train epoch: 5 [24800/60000 (41.33%)]	Loss: 0.37
Train epoch: 5 [25200/60000 (42.00%)]	Loss: 0.54
Train epoch: 5 [25600/60000 (42.67%)]	Loss: 0.38
Train epoch: 5 [26000/60000 (43.33%)]	Loss: 0.36
Train epoch: 5 [26400/60000 (44.00%)]	Loss: 0.61
Train epoch: 5 [26800/60000 (44.67%)]	Loss: 0.48
Train epoch: 5 [27200/60000 (45.33%)]	Loss: 0.50
Train epoch: 5 [27600/60000 (46.00%)]	Loss: 0.23
Train epoch: 5 [28000/60000 (46.67%)]	Loss: 0.22
Train epoch: 5 [28400/60000 (47.33%)]	Loss: 0.51
Train epoch: 5 [28800/60000 (48.00%)]	Loss: 0.91
Train epoch: 5 [29200/60000 (48.67%)]	Loss: 0.74
Train epoch: 5 [29600/60000 (49.33%)]	Loss: 0.46
Train epoch: 5 [30000/60000 (50.00%)]	Loss: 0.57
Train epoch: 5 [30400/60000 (50.67%)]	Loss: 0.40
Train epoch: 5 [30800/60000 (51.33%)]	Loss: 0.84
Train epoch: 5 [31200/60000 (52.00%)]	Loss: 0.39
Train epoch: 5 [31600/60000 (52.67%)]	Loss: 0.70
Train epoch: 5 [32000/60000 (53.33%)]	Loss: 0.13
Train epoch: 5 [32400/60000 (54.00%)]	Loss: 0.57
Train epoch: 5 [32800/60000 (54.67%)]	Loss: 0.38
Train epoch: 5 [33200/60000 (55.33%)]	Loss: 0.82
Train epoch: 5 [33600/60000 (56.00%)]	Loss: 0.23
Train epoch: 5 [34000/60000 (56.67%)]	Loss: 0.62
Train epoch: 5 [34400/60000 (57.33%)]	Loss: 0.43
Train epoch: 5 [34800/60000 (58.00%)]	Loss: 0.38
Train epoch: 5 [35200/60000 (58.67%)]	Loss: 0.70
Train epoch: 5 [35600/60000 (59.33%)]	Loss: 0.40
Train epoch: 5 [36000/60000 (60.00%)]	Loss: 0.53
Train epoch: 5 [36400/60000 (60.67%)]	Loss: 0.72
Train epoch: 5 [36800/60000 (61.33%)]	Loss: 0.30
Train epoch: 5 [37200/60000 (62.00%)]	Loss: 0.58
Train epoch: 5 [37600/60000 (62.67%)]	Loss: 0.50
Train epoch: 5 [38000/60000 (63.33%)]	Loss: 0.71
Train epoch: 5 [38400/60000 (64.00%)]	Loss: 0.22
Train epoch: 5 [38800/60000 (64.67%)]	Loss: 0.68
Train epoch: 5 [39200/60000 (65.33%)]	Loss: 0.75
Train epoch: 5 [39600/60000 (66.00%)]	Loss: 0.48
Train epoch: 5 [40000/60000 (66.67%)]	Loss: 0.77
Train epoch: 5 [40400/60000 (67.33%)]	Loss: 0.91
Train epoch: 5 [40800/60000 (68.00%)]	Loss: 0.39
Train epoch: 5 [41200/60000 (68.67%)]	Loss: 0.52
Train epoch: 5 [41600/60000 (69.33%)]	Loss: 0.22
Train epoch: 5 [42000/60000 (70.00%)]	Loss: 0.31
Train epoch: 5 [42400/60000 (70.67%)]	Loss: 0.70
Train epoch: 5 [42800/60000 (71.33%)]	Loss: 0.95
Train epoch: 5 [43200/60000 (72.00%)]	Loss: 0.54
Train epoch: 5 [43600/60000 (72.67%)]	Loss: 0.51
Train epoch: 5 [44000/60000 (73.33%)]	Loss: 0.78
Train epoch: 5 [44400/60000 (74.00%)]	Loss: 0.70
Train epoch: 5 [44800/60000 (74.67%)]	Loss: 0.51
Train epoch: 5 [45200/60000 (75.33%)]	Loss: 0.62
Train epoch: 5 [45600/60000 (76.00%)]	Loss: 0.29
Train epoch: 5 [46000/60000 (76.67%)]	Loss: 0.67
Train epoch: 5 [46400/60000 (77.33%)]	Loss: 0.81
Train epoch: 5 [46800/60000 (78.00%)]	Loss: 0.52
Train epoch: 5 [47200/60000 (78.67%)]	Loss: 0.67
Train epoch: 5 [47600/60000 (79.33%)]	Loss: 0.77
Train epoch: 5 [48000/60000 (80.00%)]	Loss: 0.34
Train epoch: 5 [48400/60000 (80.67%)]	Loss: 0.39
Train epoch: 5 [48800/60000 (81.33%)]	Loss: 0.65
Train epoch: 5 [49200/60000 (82.00%)]	Loss: 0.43
Train epoch: 5 [49600/60000 (82.67%)]	Loss: 0.92
Train epoch: 5 [50000/60000 (83.33%)]	Loss: 0.40
Train epoch: 5 [50400/60000 (84.00%)]	Loss: 0.73
Train epoch: 5 [50800/60000 (84.67%)]	Loss: 0.43
Train epoch: 5 [51200/60000 (85.33%)]	Loss: 0.33
Train epoch: 5 [51600/60000 (86.00%)]	Loss: 0.87
Train epoch: 5 [52000/60000 (86.67%)]	Loss: 0.47
Train epoch: 5 [52400/60000 (87.33%)]	Loss: 0.72
Train epoch: 5 [52800/60000 (88.00%)]	Loss: 0.28
Train epoch: 5 [53200/60000 (88.67%)]	Loss: 0.37
Train epoch: 5 [53600/60000 (89.33%)]	Loss: 0.70
Train epoch: 5 [54000/60000 (90.00%)]	Loss: 0.61
Train epoch: 5 [54400/60000 (90.67%)]	Loss: 0.97
Train epoch: 5 [54800/60000 (91.33%)]	Loss: 0.48
Train epoch: 5 [55200/60000 (92.00%)]	Loss: 0.78
Train epoch: 5 [55600/60000 (92.67%)]	Loss: 0.19
Train epoch: 5 [56000/60000 (93.33%)]	Loss: 0.40
Train epoch: 5 [56400/60000 (94.00%)]	Loss: 0.44
Train epoch: 5 [56800/60000 (94.67%)]	Loss: 0.61
Train epoch: 5 [57200/60000 (95.33%)]	Loss: 0.20
Train epoch: 5 [57600/60000 (96.00%)]	Loss: 0.38
Train epoch: 5 [58000/60000 (96.67%)]	Loss: 0.38
Train epoch: 5 [58400/60000 (97.33%)]	Loss: 0.40
Train epoch: 5 [58800/60000 (98.00%)]	Loss: 0.48
Train epoch: 5 [59200/60000 (98.67%)]	Loss: 0.40
Train epoch: 5 [59600/60000 (99.33%)]	Loss: 0.24

Test set: Avg. loss: 0.00468838, Accuracy: 9786/10000 (97.9%)

Train epoch: 6 [0/60000 (0.00%)]	Loss: 0.61
Train epoch: 6 [400/60000 (0.67%)]	Loss: 0.57
Train epoch: 6 [800/60000 (1.33%)]	Loss: 0.57
Train epoch: 6 [1200/60000 (2.00%)]	Loss: 0.18
Train epoch: 6 [1600/60000 (2.67%)]	Loss: 0.60
Train epoch: 6 [2000/60000 (3.33%)]	Loss: 0.42
Train epoch: 6 [2400/60000 (4.00%)]	Loss: 0.68
Train epoch: 6 [2800/60000 (4.67%)]	Loss: 0.56
Train epoch: 6 [3200/60000 (5.33%)]	Loss: 0.19
Train epoch: 6 [3600/60000 (6.00%)]	Loss: 0.60
Train epoch: 6 [4000/60000 (6.67%)]	Loss: 0.75
Train epoch: 6 [4400/60000 (7.33%)]	Loss: 0.38
Train epoch: 6 [4800/60000 (8.00%)]	Loss: 0.70
Train epoch: 6 [5200/60000 (8.67%)]	Loss: 0.42
Train epoch: 6 [5600/60000 (9.33%)]	Loss: 0.84
Train epoch: 6 [6000/60000 (10.00%)]	Loss: 0.37
Train epoch: 6 [6400/60000 (10.67%)]	Loss: 0.32
Train epoch: 6 [6800/60000 (11.33%)]	Loss: 0.37
Train epoch: 6 [7200/60000 (12.00%)]	Loss: 0.21
Train epoch: 6 [7600/60000 (12.67%)]	Loss: 0.40
Train epoch: 6 [8000/60000 (13.33%)]	Loss: 0.56
Train epoch: 6 [8400/60000 (14.00%)]	Loss: 0.24
Train epoch: 6 [8800/60000 (14.67%)]	Loss: 0.19
Train epoch: 6 [9200/60000 (15.33%)]	Loss: 1.13
Train epoch: 6 [9600/60000 (16.00%)]	Loss: 0.26
Train epoch: 6 [10000/60000 (16.67%)]	Loss: 0.54
Train epoch: 6 [10400/60000 (17.33%)]	Loss: 0.78
Train epoch: 6 [10800/60000 (18.00%)]	Loss: 1.00
Train epoch: 6 [11200/60000 (18.67%)]	Loss: 1.04
Train epoch: 6 [11600/60000 (19.33%)]	Loss: 0.46
Train epoch: 6 [12000/60000 (20.00%)]	Loss: 0.35
Train epoch: 6 [12400/60000 (20.67%)]	Loss: 0.45
Train epoch: 6 [12800/60000 (21.33%)]	Loss: 0.58
Train epoch: 6 [13200/60000 (22.00%)]	Loss: 0.70
Train epoch: 6 [13600/60000 (22.67%)]	Loss: 0.41
Train epoch: 6 [14000/60000 (23.33%)]	Loss: 0.43
Train epoch: 6 [14400/60000 (24.00%)]	Loss: 0.48
Train epoch: 6 [14800/60000 (24.67%)]	Loss: 0.27
Train epoch: 6 [15200/60000 (25.33%)]	Loss: 0.50
Train epoch: 6 [15600/60000 (26.00%)]	Loss: 1.13
Train epoch: 6 [16000/60000 (26.67%)]	Loss: 0.41
Train epoch: 6 [16400/60000 (27.33%)]	Loss: 0.36
Train epoch: 6 [16800/60000 (28.00%)]	Loss: 0.27
Train epoch: 6 [17200/60000 (28.67%)]	Loss: 0.02
Train epoch: 6 [17600/60000 (29.33%)]	Loss: 1.57
Train epoch: 6 [18000/60000 (30.00%)]	Loss: 0.64
Train epoch: 6 [18400/60000 (30.67%)]	Loss: 0.43
Train epoch: 6 [18800/60000 (31.33%)]	Loss: 0.61
Train epoch: 6 [19200/60000 (32.00%)]	Loss: 0.84
Train epoch: 6 [19600/60000 (32.67%)]	Loss: 0.24
Train epoch: 6 [20000/60000 (33.33%)]	Loss: 0.60
Train epoch: 6 [20400/60000 (34.00%)]	Loss: 0.59
Train epoch: 6 [20800/60000 (34.67%)]	Loss: 0.37
Train epoch: 6 [21200/60000 (35.33%)]	Loss: 1.09
Train epoch: 6 [21600/60000 (36.00%)]	Loss: 0.68
Train epoch: 6 [22000/60000 (36.67%)]	Loss: 0.20
Train epoch: 6 [22400/60000 (37.33%)]	Loss: 0.77
Train epoch: 6 [22800/60000 (38.00%)]	Loss: 0.40
Train epoch: 6 [23200/60000 (38.67%)]	Loss: 0.67
Train epoch: 6 [23600/60000 (39.33%)]	Loss: 0.19
Train epoch: 6 [24000/60000 (40.00%)]	Loss: 0.47
Train epoch: 6 [24400/60000 (40.67%)]	Loss: 0.41
Train epoch: 6 [24800/60000 (41.33%)]	Loss: 0.74
Train epoch: 6 [25200/60000 (42.00%)]	Loss: 0.58
Train epoch: 6 [25600/60000 (42.67%)]	Loss: 0.44
Train epoch: 6 [26000/60000 (43.33%)]	Loss: 0.59
Train epoch: 6 [26400/60000 (44.00%)]	Loss: 0.29
Train epoch: 6 [26800/60000 (44.67%)]	Loss: 0.22
Train epoch: 6 [27200/60000 (45.33%)]	Loss: 0.25
Train epoch: 6 [27600/60000 (46.00%)]	Loss: 0.40
Train epoch: 6 [28000/60000 (46.67%)]	Loss: 0.21
Train epoch: 6 [28400/60000 (47.33%)]	Loss: 0.47
Train epoch: 6 [28800/60000 (48.00%)]	Loss: 0.38
Train epoch: 6 [29200/60000 (48.67%)]	Loss: 0.36
Train epoch: 6 [29600/60000 (49.33%)]	Loss: 0.52
Train epoch: 6 [30000/60000 (50.00%)]	Loss: 0.40
Train epoch: 6 [30400/60000 (50.67%)]	Loss: 0.45
Train epoch: 6 [30800/60000 (51.33%)]	Loss: 0.78
Train epoch: 6 [31200/60000 (52.00%)]	Loss: 0.60
Train epoch: 6 [31600/60000 (52.67%)]	Loss: 0.62
Train epoch: 6 [32000/60000 (53.33%)]	Loss: 1.00
Train epoch: 6 [32400/60000 (54.00%)]	Loss: 0.50
Train epoch: 6 [32800/60000 (54.67%)]	Loss: 0.48
Train epoch: 6 [33200/60000 (55.33%)]	Loss: 0.77
Train epoch: 6 [33600/60000 (56.00%)]	Loss: 0.61
Train epoch: 6 [34000/60000 (56.67%)]	Loss: 0.72
Train epoch: 6 [34400/60000 (57.33%)]	Loss: 0.94
Train epoch: 6 [34800/60000 (58.00%)]	Loss: 0.60
Train epoch: 6 [35200/60000 (58.67%)]	Loss: 0.39
Train epoch: 6 [35600/60000 (59.33%)]	Loss: 1.23
Train epoch: 6 [36000/60000 (60.00%)]	Loss: 0.81
Train epoch: 6 [36400/60000 (60.67%)]	Loss: 0.37
Train epoch: 6 [36800/60000 (61.33%)]	Loss: 0.64
Train epoch: 6 [37200/60000 (62.00%)]	Loss: 0.50
Train epoch: 6 [37600/60000 (62.67%)]	Loss: 0.65
Train epoch: 6 [38000/60000 (63.33%)]	Loss: 0.67
Train epoch: 6 [38400/60000 (64.00%)]	Loss: 0.49
Train epoch: 6 [38800/60000 (64.67%)]	Loss: 0.36
Train epoch: 6 [39200/60000 (65.33%)]	Loss: 0.18
Train epoch: 6 [39600/60000 (66.00%)]	Loss: 0.18
Train epoch: 6 [40000/60000 (66.67%)]	Loss: 0.98
Train epoch: 6 [40400/60000 (67.33%)]	Loss: 0.29
Train epoch: 6 [40800/60000 (68.00%)]	Loss: 0.67
Train epoch: 6 [41200/60000 (68.67%)]	Loss: 0.10
Train epoch: 6 [41600/60000 (69.33%)]	Loss: 0.55
Train epoch: 6 [42000/60000 (70.00%)]	Loss: 0.83
Train epoch: 6 [42400/60000 (70.67%)]	Loss: 0.59
Train epoch: 6 [42800/60000 (71.33%)]	Loss: 0.76
Train epoch: 6 [43200/60000 (72.00%)]	Loss: 0.66
Train epoch: 6 [43600/60000 (72.67%)]	Loss: 0.46
Train epoch: 6 [44000/60000 (73.33%)]	Loss: 0.43
Train epoch: 6 [44400/60000 (74.00%)]	Loss: 1.16
Train epoch: 6 [44800/60000 (74.67%)]	Loss: 0.38
Train epoch: 6 [45200/60000 (75.33%)]	Loss: 0.67
Train epoch: 6 [45600/60000 (76.00%)]	Loss: 0.68
Train epoch: 6 [46000/60000 (76.67%)]	Loss: 0.04
Train epoch: 6 [46400/60000 (77.33%)]	Loss: 0.56
Train epoch: 6 [46800/60000 (78.00%)]	Loss: 0.53
Train epoch: 6 [47200/60000 (78.67%)]	Loss: 0.27
Train epoch: 6 [47600/60000 (79.33%)]	Loss: 0.63
Train epoch: 6 [48000/60000 (80.00%)]	Loss: 0.62
Train epoch: 6 [48400/60000 (80.67%)]	Loss: 0.55
Train epoch: 6 [48800/60000 (81.33%)]	Loss: 0.54
Train epoch: 6 [49200/60000 (82.00%)]	Loss: 0.38
Train epoch: 6 [49600/60000 (82.67%)]	Loss: 0.44
Train epoch: 6 [50000/60000 (83.33%)]	Loss: 0.83
Train epoch: 6 [50400/60000 (84.00%)]	Loss: 0.52
Train epoch: 6 [50800/60000 (84.67%)]	Loss: 0.61
Train epoch: 6 [51200/60000 (85.33%)]	Loss: 0.77
Train epoch: 6 [51600/60000 (86.00%)]	Loss: 1.51
Train epoch: 6 [52000/60000 (86.67%)]	Loss: 0.70
Train epoch: 6 [52400/60000 (87.33%)]	Loss: 0.37
Train epoch: 6 [52800/60000 (88.00%)]	Loss: 0.97
Train epoch: 6 [53200/60000 (88.67%)]	Loss: 0.41
Train epoch: 6 [53600/60000 (89.33%)]	Loss: 0.50
Train epoch: 6 [54000/60000 (90.00%)]	Loss: 0.30
Train epoch: 6 [54400/60000 (90.67%)]	Loss: 1.17
Train epoch: 6 [54800/60000 (91.33%)]	Loss: 0.40
Train epoch: 6 [55200/60000 (92.00%)]	Loss: 0.36
Train epoch: 6 [55600/60000 (92.67%)]	Loss: 0.59
Train epoch: 6 [56000/60000 (93.33%)]	Loss: 0.71
Train epoch: 6 [56400/60000 (94.00%)]	Loss: 0.79
Train epoch: 6 [56800/60000 (94.67%)]	Loss: 0.79
Train epoch: 6 [57200/60000 (95.33%)]	Loss: 1.22
Train epoch: 6 [57600/60000 (96.00%)]	Loss: 0.23
Train epoch: 6 [58000/60000 (96.67%)]	Loss: 0.57
Train epoch: 6 [58400/60000 (97.33%)]	Loss: 0.80
Train epoch: 6 [58800/60000 (98.00%)]	Loss: 0.59
Train epoch: 6 [59200/60000 (98.67%)]	Loss: 0.40
Train epoch: 6 [59600/60000 (99.33%)]	Loss: 0.45

Test set: Avg. loss: 0.00468372, Accuracy: 9803/10000 (98.0%)

Train epoch: 7 [0/60000 (0.00%)]	Loss: 0.36
Train epoch: 7 [400/60000 (0.67%)]	Loss: 0.63
Train epoch: 7 [800/60000 (1.33%)]	Loss: 0.62
Train epoch: 7 [1200/60000 (2.00%)]	Loss: 0.68
Train epoch: 7 [1600/60000 (2.67%)]	Loss: 0.44
Train epoch: 7 [2000/60000 (3.33%)]	Loss: 0.81
Train epoch: 7 [2400/60000 (4.00%)]	Loss: 0.47
Train epoch: 7 [2800/60000 (4.67%)]	Loss: 0.33
Train epoch: 7 [3200/60000 (5.33%)]	Loss: 0.60
Train epoch: 7 [3600/60000 (6.00%)]	Loss: 0.35
Train epoch: 7 [4000/60000 (6.67%)]	Loss: 0.50
Train epoch: 7 [4400/60000 (7.33%)]	Loss: 0.37
Train epoch: 7 [4800/60000 (8.00%)]	Loss: 0.45
Train epoch: 7 [5200/60000 (8.67%)]	Loss: 0.21
Train epoch: 7 [5600/60000 (9.33%)]	Loss: 0.57
Train epoch: 7 [6000/60000 (10.00%)]	Loss: 0.47
Train epoch: 7 [6400/60000 (10.67%)]	Loss: 0.63
Train epoch: 7 [6800/60000 (11.33%)]	Loss: 0.58
Train epoch: 7 [7200/60000 (12.00%)]	Loss: 0.67
Train epoch: 7 [7600/60000 (12.67%)]	Loss: 1.06
Train epoch: 7 [8000/60000 (13.33%)]	Loss: 0.47
Train epoch: 7 [8400/60000 (14.00%)]	Loss: 0.63
Train epoch: 7 [8800/60000 (14.67%)]	Loss: 0.64
Train epoch: 7 [9200/60000 (15.33%)]	Loss: 0.45
Train epoch: 7 [9600/60000 (16.00%)]	Loss: 0.45
Train epoch: 7 [10000/60000 (16.67%)]	Loss: 0.54
Train epoch: 7 [10400/60000 (17.33%)]	Loss: 0.64
Train epoch: 7 [10800/60000 (18.00%)]	Loss: 0.58
Train epoch: 7 [11200/60000 (18.67%)]	Loss: 0.54
Train epoch: 7 [11600/60000 (19.33%)]	Loss: 0.25
Train epoch: 7 [12000/60000 (20.00%)]	Loss: 0.28
Train epoch: 7 [12400/60000 (20.67%)]	Loss: 0.44
Train epoch: 7 [12800/60000 (21.33%)]	Loss: 0.50
Train epoch: 7 [13200/60000 (22.00%)]	Loss: 0.21
Train epoch: 7 [13600/60000 (22.67%)]	Loss: 0.61
Train epoch: 7 [14000/60000 (23.33%)]	Loss: 0.20
Train epoch: 7 [14400/60000 (24.00%)]	Loss: 0.69
Train epoch: 7 [14800/60000 (24.67%)]	Loss: 0.46
Train epoch: 7 [15200/60000 (25.33%)]	Loss: 0.07
Train epoch: 7 [15600/60000 (26.00%)]	Loss: 0.35
Train epoch: 7 [16000/60000 (26.67%)]	Loss: 0.50
Train epoch: 7 [16400/60000 (27.33%)]	Loss: 0.73
Train epoch: 7 [16800/60000 (28.00%)]	Loss: 0.21
Train epoch: 7 [17200/60000 (28.67%)]	Loss: 1.23
Train epoch: 7 [17600/60000 (29.33%)]	Loss: 0.58
Train epoch: 7 [18000/60000 (30.00%)]	Loss: 0.74
Train epoch: 7 [18400/60000 (30.67%)]	Loss: 0.36
Train epoch: 7 [18800/60000 (31.33%)]	Loss: 0.61
Train epoch: 7 [19200/60000 (32.00%)]	Loss: 0.63
Train epoch: 7 [19600/60000 (32.67%)]	Loss: 0.71
Train epoch: 7 [20000/60000 (33.33%)]	Loss: 0.43
Train epoch: 7 [20400/60000 (34.00%)]	Loss: 0.05
Train epoch: 7 [20800/60000 (34.67%)]	Loss: 0.53
Train epoch: 7 [21200/60000 (35.33%)]	Loss: 0.94
Train epoch: 7 [21600/60000 (36.00%)]	Loss: 0.73
Train epoch: 7 [22000/60000 (36.67%)]	Loss: 0.20
Train epoch: 7 [22400/60000 (37.33%)]	Loss: 0.22
Train epoch: 7 [22800/60000 (38.00%)]	Loss: 0.62
Train epoch: 7 [23200/60000 (38.67%)]	Loss: 0.54
Train epoch: 7 [23600/60000 (39.33%)]	Loss: 0.40
Train epoch: 7 [24000/60000 (40.00%)]	Loss: 0.36
Train epoch: 7 [24400/60000 (40.67%)]	Loss: 0.60
Train epoch: 7 [24800/60000 (41.33%)]	Loss: 0.38
Train epoch: 7 [25200/60000 (42.00%)]	Loss: 0.64
Train epoch: 7 [25600/60000 (42.67%)]	Loss: 1.65
Train epoch: 7 [26000/60000 (43.33%)]	Loss: 0.42
Train epoch: 7 [26400/60000 (44.00%)]	Loss: 1.46
Train epoch: 7 [26800/60000 (44.67%)]	Loss: 0.62
Train epoch: 7 [27200/60000 (45.33%)]	Loss: 0.35
Train epoch: 7 [27600/60000 (46.00%)]	Loss: 0.36
Train epoch: 7 [28000/60000 (46.67%)]	Loss: 0.35
Train epoch: 7 [28400/60000 (47.33%)]	Loss: 0.37
Train epoch: 7 [28800/60000 (48.00%)]	Loss: 0.61
Train epoch: 7 [29200/60000 (48.67%)]	Loss: 0.59
Train epoch: 7 [29600/60000 (49.33%)]	Loss: 0.41
Train epoch: 7 [30000/60000 (50.00%)]	Loss: 0.60
Train epoch: 7 [30400/60000 (50.67%)]	Loss: 0.36
Train epoch: 7 [30800/60000 (51.33%)]	Loss: 0.90
Train epoch: 7 [31200/60000 (52.00%)]	Loss: 0.22
Train epoch: 7 [31600/60000 (52.67%)]	Loss: 0.61
Train epoch: 7 [32000/60000 (53.33%)]	Loss: 0.61
Train epoch: 7 [32400/60000 (54.00%)]	Loss: 0.56
Train epoch: 7 [32800/60000 (54.67%)]	Loss: 0.58
Train epoch: 7 [33200/60000 (55.33%)]	Loss: 0.72
Train epoch: 7 [33600/60000 (56.00%)]	Loss: 0.46
Train epoch: 7 [34000/60000 (56.67%)]	Loss: 0.57
Train epoch: 7 [34400/60000 (57.33%)]	Loss: 0.64
Train epoch: 7 [34800/60000 (58.00%)]	Loss: 0.61
Train epoch: 7 [35200/60000 (58.67%)]	Loss: 0.58
Train epoch: 7 [35600/60000 (59.33%)]	Loss: 0.99
Train epoch: 7 [36000/60000 (60.00%)]	Loss: 0.37
Train epoch: 7 [36400/60000 (60.67%)]	Loss: 0.39
Train epoch: 7 [36800/60000 (61.33%)]	Loss: 0.36
Train epoch: 7 [37200/60000 (62.00%)]	Loss: 0.37
Train epoch: 7 [37600/60000 (62.67%)]	Loss: 0.47
Train epoch: 7 [38000/60000 (63.33%)]	Loss: 0.82
Train epoch: 7 [38400/60000 (64.00%)]	Loss: 0.93
Train epoch: 7 [38800/60000 (64.67%)]	Loss: 0.54
Train epoch: 7 [39200/60000 (65.33%)]	Loss: 0.22
Train epoch: 7 [39600/60000 (66.00%)]	Loss: 0.70
Train epoch: 7 [40000/60000 (66.67%)]	Loss: 0.50
Train epoch: 7 [40400/60000 (67.33%)]	Loss: 0.38
Train epoch: 7 [40800/60000 (68.00%)]	Loss: 0.60
Train epoch: 7 [41200/60000 (68.67%)]	Loss: 0.39
Train epoch: 7 [41600/60000 (69.33%)]	Loss: 0.82
Train epoch: 7 [42000/60000 (70.00%)]	Loss: 0.94
Train epoch: 7 [42400/60000 (70.67%)]	Loss: 0.65
Train epoch: 7 [42800/60000 (71.33%)]	Loss: 0.41
Train epoch: 7 [43200/60000 (72.00%)]	Loss: 0.35
Train epoch: 7 [43600/60000 (72.67%)]	Loss: 0.27
Train epoch: 7 [44000/60000 (73.33%)]	Loss: 0.52
Train epoch: 7 [44400/60000 (74.00%)]	Loss: 0.32
Train epoch: 7 [44800/60000 (74.67%)]	Loss: 0.37
Train epoch: 7 [45200/60000 (75.33%)]	Loss: 0.52
Train epoch: 7 [45600/60000 (76.00%)]	Loss: 0.56
Train epoch: 7 [46000/60000 (76.67%)]	Loss: 0.88
Train epoch: 7 [46400/60000 (77.33%)]	Loss: 0.63
Train epoch: 7 [46800/60000 (78.00%)]	Loss: 0.36
Train epoch: 7 [47200/60000 (78.67%)]	Loss: 0.86
Train epoch: 7 [47600/60000 (79.33%)]	Loss: 0.18
Train epoch: 7 [48000/60000 (80.00%)]	Loss: 0.45
Train epoch: 7 [48400/60000 (80.67%)]	Loss: 0.44
Train epoch: 7 [48800/60000 (81.33%)]	Loss: 0.82
Train epoch: 7 [49200/60000 (82.00%)]	Loss: 0.38
Train epoch: 7 [49600/60000 (82.67%)]	Loss: 0.70
Train epoch: 7 [50000/60000 (83.33%)]	Loss: 0.60
Train epoch: 7 [50400/60000 (84.00%)]	Loss: 0.37
Train epoch: 7 [50800/60000 (84.67%)]	Loss: 0.66
Train epoch: 7 [51200/60000 (85.33%)]	Loss: 0.42
Train epoch: 7 [51600/60000 (86.00%)]	Loss: 0.73
Train epoch: 7 [52000/60000 (86.67%)]	Loss: 0.40
Train epoch: 7 [52400/60000 (87.33%)]	Loss: 0.42
Train epoch: 7 [52800/60000 (88.00%)]	Loss: 0.41
Train epoch: 7 [53200/60000 (88.67%)]	Loss: 0.81
Train epoch: 7 [53600/60000 (89.33%)]	Loss: 0.78
Train epoch: 7 [54000/60000 (90.00%)]	Loss: 0.59
Train epoch: 7 [54400/60000 (90.67%)]	Loss: 1.82
Train epoch: 7 [54800/60000 (91.33%)]	Loss: 0.08
Train epoch: 7 [55200/60000 (92.00%)]	Loss: 0.37
Train epoch: 7 [55600/60000 (92.67%)]	Loss: 0.78
Train epoch: 7 [56000/60000 (93.33%)]	Loss: 0.88
Train epoch: 7 [56400/60000 (94.00%)]	Loss: 0.37
Train epoch: 7 [56800/60000 (94.67%)]	Loss: 0.19
Train epoch: 7 [57200/60000 (95.33%)]	Loss: 0.37
Train epoch: 7 [57600/60000 (96.00%)]	Loss: 0.62
Train epoch: 7 [58000/60000 (96.67%)]	Loss: 0.89
Train epoch: 7 [58400/60000 (97.33%)]	Loss: 0.29
Train epoch: 7 [58800/60000 (98.00%)]	Loss: 0.44
Train epoch: 7 [59200/60000 (98.67%)]	Loss: 0.00
Train epoch: 7 [59600/60000 (99.33%)]	Loss: 0.46

Test set: Avg. loss: 0.00467983, Accuracy: 9824/10000 (98.2%)

Train epoch: 8 [0/60000 (0.00%)]	Loss: 0.22
Train epoch: 8 [400/60000 (0.67%)]	Loss: 0.56
Train epoch: 8 [800/60000 (1.33%)]	Loss: 0.48
Train epoch: 8 [1200/60000 (2.00%)]	Loss: 1.14
Train epoch: 8 [1600/60000 (2.67%)]	Loss: 0.38
Train epoch: 8 [2000/60000 (3.33%)]	Loss: 0.98
Train epoch: 8 [2400/60000 (4.00%)]	Loss: 0.61
Train epoch: 8 [2800/60000 (4.67%)]	Loss: 0.64
Train epoch: 8 [3200/60000 (5.33%)]	Loss: 1.02
Train epoch: 8 [3600/60000 (6.00%)]	Loss: 0.77
Train epoch: 8 [4000/60000 (6.67%)]	Loss: 0.79
Train epoch: 8 [4400/60000 (7.33%)]	Loss: 0.25
Train epoch: 8 [4800/60000 (8.00%)]	Loss: 0.37
Train epoch: 8 [5200/60000 (8.67%)]	Loss: 0.78
Train epoch: 8 [5600/60000 (9.33%)]	Loss: 0.64
Train epoch: 8 [6000/60000 (10.00%)]	Loss: 0.49
Train epoch: 8 [6400/60000 (10.67%)]	Loss: 0.01
Train epoch: 8 [6800/60000 (11.33%)]	Loss: 0.54
Train epoch: 8 [7200/60000 (12.00%)]	Loss: 0.62
Train epoch: 8 [7600/60000 (12.67%)]	Loss: 0.42
Train epoch: 8 [8000/60000 (13.33%)]	Loss: 0.38
Train epoch: 8 [8400/60000 (14.00%)]	Loss: 0.55
Train epoch: 8 [8800/60000 (14.67%)]	Loss: 0.21
Train epoch: 8 [9200/60000 (15.33%)]	Loss: 1.20
Train epoch: 8 [9600/60000 (16.00%)]	Loss: 0.40
Train epoch: 8 [10000/60000 (16.67%)]	Loss: 0.48
Train epoch: 8 [10400/60000 (17.33%)]	Loss: 0.95
Train epoch: 8 [10800/60000 (18.00%)]	Loss: 0.67
Train epoch: 8 [11200/60000 (18.67%)]	Loss: 0.76
Train epoch: 8 [11600/60000 (19.33%)]	Loss: 0.44
Train epoch: 8 [12000/60000 (20.00%)]	Loss: 0.53
Train epoch: 8 [12400/60000 (20.67%)]	Loss: 0.78
Train epoch: 8 [12800/60000 (21.33%)]	Loss: 0.53
Train epoch: 8 [13200/60000 (22.00%)]	Loss: 0.18
Train epoch: 8 [13600/60000 (22.67%)]	Loss: 0.34
Train epoch: 8 [14000/60000 (23.33%)]	Loss: 0.40
Train epoch: 8 [14400/60000 (24.00%)]	Loss: 0.46
Train epoch: 8 [14800/60000 (24.67%)]	Loss: 0.37
Train epoch: 8 [15200/60000 (25.33%)]	Loss: 0.20
Train epoch: 8 [15600/60000 (26.00%)]	Loss: 0.52
Train epoch: 8 [16000/60000 (26.67%)]	Loss: 0.37
Train epoch: 8 [16400/60000 (27.33%)]	Loss: 0.84
Train epoch: 8 [16800/60000 (28.00%)]	Loss: 0.37
Train epoch: 8 [17200/60000 (28.67%)]	Loss: 0.40
Train epoch: 8 [17600/60000 (29.33%)]	Loss: 0.55
Train epoch: 8 [18000/60000 (30.00%)]	Loss: 0.18
Train epoch: 8 [18400/60000 (30.67%)]	Loss: 0.61
Train epoch: 8 [18800/60000 (31.33%)]	Loss: 0.60
Train epoch: 8 [19200/60000 (32.00%)]	Loss: 0.60
Train epoch: 8 [19600/60000 (32.67%)]	Loss: 0.67
Train epoch: 8 [20000/60000 (33.33%)]	Loss: 0.46
Train epoch: 8 [20400/60000 (34.00%)]	Loss: 0.56
Train epoch: 8 [20800/60000 (34.67%)]	Loss: 0.61
Train epoch: 8 [21200/60000 (35.33%)]	Loss: 0.40
Train epoch: 8 [21600/60000 (36.00%)]	Loss: 0.41
Train epoch: 8 [22000/60000 (36.67%)]	Loss: 0.46
Train epoch: 8 [22400/60000 (37.33%)]	Loss: 0.39
Train epoch: 8 [22800/60000 (38.00%)]	Loss: 0.53
Train epoch: 8 [23200/60000 (38.67%)]	Loss: 0.55
Train epoch: 8 [23600/60000 (39.33%)]	Loss: 0.71
Train epoch: 8 [24000/60000 (40.00%)]	Loss: 0.40
Train epoch: 8 [24400/60000 (40.67%)]	Loss: 0.82
Train epoch: 8 [24800/60000 (41.33%)]	Loss: 0.51
Train epoch: 8 [25200/60000 (42.00%)]	Loss: 0.37
Train epoch: 8 [25600/60000 (42.67%)]	Loss: 0.41
Train epoch: 8 [26000/60000 (43.33%)]	Loss: 1.31
Train epoch: 8 [26400/60000 (44.00%)]	Loss: 0.51
Train epoch: 8 [26800/60000 (44.67%)]	Loss: 0.41
Train epoch: 8 [27200/60000 (45.33%)]	Loss: 0.55
Train epoch: 8 [27600/60000 (46.00%)]	Loss: 0.58
Train epoch: 8 [28000/60000 (46.67%)]	Loss: 0.93
Train epoch: 8 [28400/60000 (47.33%)]	Loss: 1.02
Train epoch: 8 [28800/60000 (48.00%)]	Loss: 0.39
Train epoch: 8 [29200/60000 (48.67%)]	Loss: 0.62
Train epoch: 8 [29600/60000 (49.33%)]	Loss: 0.71
Train epoch: 8 [30000/60000 (50.00%)]	Loss: 0.61
Train epoch: 8 [30400/60000 (50.67%)]	Loss: 0.62
Train epoch: 8 [30800/60000 (51.33%)]	Loss: 0.40
Train epoch: 8 [31200/60000 (52.00%)]	Loss: 0.82
Train epoch: 8 [31600/60000 (52.67%)]	Loss: 0.67
Train epoch: 8 [32000/60000 (53.33%)]	Loss: 0.48
Train epoch: 8 [32400/60000 (54.00%)]	Loss: 0.41
Train epoch: 8 [32800/60000 (54.67%)]	Loss: 0.37
Train epoch: 8 [33200/60000 (55.33%)]	Loss: 0.90
Train epoch: 8 [33600/60000 (56.00%)]	Loss: 0.58
Train epoch: 8 [34000/60000 (56.67%)]	Loss: 0.52
Train epoch: 8 [34400/60000 (57.33%)]	Loss: 0.64
Train epoch: 8 [34800/60000 (58.00%)]	Loss: 0.31
Train epoch: 8 [35200/60000 (58.67%)]	Loss: 0.75
Train epoch: 8 [35600/60000 (59.33%)]	Loss: 0.82
Train epoch: 8 [36000/60000 (60.00%)]	Loss: 0.41
Train epoch: 8 [36400/60000 (60.67%)]	Loss: 2.44
Train epoch: 8 [36800/60000 (61.33%)]	Loss: 0.39
Train epoch: 8 [37200/60000 (62.00%)]	Loss: 0.39
Train epoch: 8 [37600/60000 (62.67%)]	Loss: 0.54
Train epoch: 8 [38000/60000 (63.33%)]	Loss: 0.19
Train epoch: 8 [38400/60000 (64.00%)]	Loss: 0.39
Train epoch: 8 [38800/60000 (64.67%)]	Loss: 0.42
Train epoch: 8 [39200/60000 (65.33%)]	Loss: 0.37
Train epoch: 8 [39600/60000 (66.00%)]	Loss: 0.61
Train epoch: 8 [40000/60000 (66.67%)]	Loss: 0.75
Train epoch: 8 [40400/60000 (67.33%)]	Loss: 0.60
Train epoch: 8 [40800/60000 (68.00%)]	Loss: 0.60
Train epoch: 8 [41200/60000 (68.67%)]	Loss: 1.28
Train epoch: 8 [41600/60000 (69.33%)]	Loss: 0.74
Train epoch: 8 [42000/60000 (70.00%)]	Loss: 0.59
Train epoch: 8 [42400/60000 (70.67%)]	Loss: 0.74
Train epoch: 8 [42800/60000 (71.33%)]	Loss: 0.37
Train epoch: 8 [43200/60000 (72.00%)]	Loss: 0.70
Train epoch: 8 [43600/60000 (72.67%)]	Loss: 0.25
Train epoch: 8 [44000/60000 (73.33%)]	Loss: 0.19
Train epoch: 8 [44400/60000 (74.00%)]	Loss: 0.36
Train epoch: 8 [44800/60000 (74.67%)]	Loss: 0.82
Train epoch: 8 [45200/60000 (75.33%)]	Loss: 0.35
Train epoch: 8 [45600/60000 (76.00%)]	Loss: 0.20
Train epoch: 8 [46000/60000 (76.67%)]	Loss: 0.44
Train epoch: 8 [46400/60000 (77.33%)]	Loss: 0.24
Train epoch: 8 [46800/60000 (78.00%)]	Loss: 0.60
Train epoch: 8 [47200/60000 (78.67%)]	Loss: 0.19
Train epoch: 8 [47600/60000 (79.33%)]	Loss: 0.86
Train epoch: 8 [48000/60000 (80.00%)]	Loss: 0.36
Train epoch: 8 [48400/60000 (80.67%)]	Loss: 0.44
Train epoch: 8 [48800/60000 (81.33%)]	Loss: 0.36
Train epoch: 8 [49200/60000 (82.00%)]	Loss: 0.25
Train epoch: 8 [49600/60000 (82.67%)]	Loss: 0.63
Train epoch: 8 [50000/60000 (83.33%)]	Loss: 0.30
Train epoch: 8 [50400/60000 (84.00%)]	Loss: 0.21
Train epoch: 8 [50800/60000 (84.67%)]	Loss: 0.37
Train epoch: 8 [51200/60000 (85.33%)]	Loss: 0.39
Train epoch: 8 [51600/60000 (86.00%)]	Loss: 0.42
Train epoch: 8 [52000/60000 (86.67%)]	Loss: 0.43
Train epoch: 8 [52400/60000 (87.33%)]	Loss: 0.42
Train epoch: 8 [52800/60000 (88.00%)]	Loss: 0.82
Train epoch: 8 [53200/60000 (88.67%)]	Loss: 0.23
Train epoch: 8 [53600/60000 (89.33%)]	Loss: 0.50
Train epoch: 8 [54000/60000 (90.00%)]	Loss: 0.42
Train epoch: 8 [54400/60000 (90.67%)]	Loss: 0.36
Train epoch: 8 [54800/60000 (91.33%)]	Loss: 0.71
Train epoch: 8 [55200/60000 (92.00%)]	Loss: 0.84
Train epoch: 8 [55600/60000 (92.67%)]	Loss: 1.20
Train epoch: 8 [56000/60000 (93.33%)]	Loss: 0.38
Train epoch: 8 [56400/60000 (94.00%)]	Loss: 0.72
Train epoch: 8 [56800/60000 (94.67%)]	Loss: 0.58
Train epoch: 8 [57200/60000 (95.33%)]	Loss: 0.67
Train epoch: 8 [57600/60000 (96.00%)]	Loss: 0.58
Train epoch: 8 [58000/60000 (96.67%)]	Loss: 0.80
Train epoch: 8 [58400/60000 (97.33%)]	Loss: 0.55
Train epoch: 8 [58800/60000 (98.00%)]	Loss: 0.66
Train epoch: 8 [59200/60000 (98.67%)]	Loss: 0.36
Train epoch: 8 [59600/60000 (99.33%)]	Loss: 0.77

Test set: Avg. loss: 0.00467211, Accuracy: 9843/10000 (98.4%)

Train epoch: 9 [0/60000 (0.00%)]	Loss: 0.35
Train epoch: 9 [400/60000 (0.67%)]	Loss: 0.64
Train epoch: 9 [800/60000 (1.33%)]	Loss: 0.30
Train epoch: 9 [1200/60000 (2.00%)]	Loss: 0.81
Train epoch: 9 [1600/60000 (2.67%)]	Loss: 0.40
Train epoch: 9 [2000/60000 (3.33%)]	Loss: 0.64
Train epoch: 9 [2400/60000 (4.00%)]	Loss: 0.29
Train epoch: 9 [2800/60000 (4.67%)]	Loss: 0.69
Train epoch: 9 [3200/60000 (5.33%)]	Loss: 0.36
Train epoch: 9 [3600/60000 (6.00%)]	Loss: 0.42
Train epoch: 9 [4000/60000 (6.67%)]	Loss: 0.36
Train epoch: 9 [4400/60000 (7.33%)]	Loss: 0.60
Train epoch: 9 [4800/60000 (8.00%)]	Loss: 0.44
Train epoch: 9 [5200/60000 (8.67%)]	Loss: 0.56
Train epoch: 9 [5600/60000 (9.33%)]	Loss: 0.57
Train epoch: 9 [6000/60000 (10.00%)]	Loss: 0.77
Train epoch: 9 [6400/60000 (10.67%)]	Loss: 0.61
Train epoch: 9 [6800/60000 (11.33%)]	Loss: 0.40
Train epoch: 9 [7200/60000 (12.00%)]	Loss: 0.59
Train epoch: 9 [7600/60000 (12.67%)]	Loss: 0.58
Train epoch: 9 [8000/60000 (13.33%)]	Loss: 0.38
Train epoch: 9 [8400/60000 (14.00%)]	Loss: 0.37
Train epoch: 9 [8800/60000 (14.67%)]	Loss: 1.32
Train epoch: 9 [9200/60000 (15.33%)]	Loss: 0.38
Train epoch: 9 [9600/60000 (16.00%)]	Loss: 0.40
Train epoch: 9 [10000/60000 (16.67%)]	Loss: 0.30
Train epoch: 9 [10400/60000 (17.33%)]	Loss: 0.36
Train epoch: 9 [10800/60000 (18.00%)]	Loss: 0.37
Train epoch: 9 [11200/60000 (18.67%)]	Loss: 0.65
Train epoch: 9 [11600/60000 (19.33%)]	Loss: 0.46
Train epoch: 9 [12000/60000 (20.00%)]	Loss: 0.37
Train epoch: 9 [12400/60000 (20.67%)]	Loss: 0.46
Train epoch: 9 [12800/60000 (21.33%)]	Loss: 0.46
Train epoch: 9 [13200/60000 (22.00%)]	Loss: 0.97
Train epoch: 9 [13600/60000 (22.67%)]	Loss: 0.46
Train epoch: 9 [14000/60000 (23.33%)]	Loss: 0.09
Train epoch: 9 [14400/60000 (24.00%)]	Loss: 0.77
Train epoch: 9 [14800/60000 (24.67%)]	Loss: 1.24
Train epoch: 9 [15200/60000 (25.33%)]	Loss: 0.70
Train epoch: 9 [15600/60000 (26.00%)]	Loss: 0.51
Train epoch: 9 [16000/60000 (26.67%)]	Loss: 0.02
Train epoch: 9 [16400/60000 (27.33%)]	Loss: 0.63
Train epoch: 9 [16800/60000 (28.00%)]	Loss: 0.79
Train epoch: 9 [17200/60000 (28.67%)]	Loss: 0.89
Train epoch: 9 [17600/60000 (29.33%)]	Loss: 0.70
Train epoch: 9 [18000/60000 (30.00%)]	Loss: 0.59
Train epoch: 9 [18400/60000 (30.67%)]	Loss: 0.65
Train epoch: 9 [18800/60000 (31.33%)]	Loss: 0.42
Train epoch: 9 [19200/60000 (32.00%)]	Loss: 0.25
Train epoch: 9 [19600/60000 (32.67%)]	Loss: 0.62
Train epoch: 9 [20000/60000 (33.33%)]	Loss: 0.63
Train epoch: 9 [20400/60000 (34.00%)]	Loss: 0.61
Train epoch: 9 [20800/60000 (34.67%)]	Loss: 0.60
Train epoch: 9 [21200/60000 (35.33%)]	Loss: 0.65
Train epoch: 9 [21600/60000 (36.00%)]	Loss: 0.54
Train epoch: 9 [22000/60000 (36.67%)]	Loss: 0.36
Train epoch: 9 [22400/60000 (37.33%)]	Loss: 0.56
Train epoch: 9 [22800/60000 (38.00%)]	Loss: 0.55
Train epoch: 9 [23200/60000 (38.67%)]	Loss: 0.62
Train epoch: 9 [23600/60000 (39.33%)]	Loss: 0.60
Train epoch: 9 [24000/60000 (40.00%)]	Loss: 0.43
Train epoch: 9 [24400/60000 (40.67%)]	Loss: 0.01
Train epoch: 9 [24800/60000 (41.33%)]	Loss: 0.40
Train epoch: 9 [25200/60000 (42.00%)]	Loss: 0.36
Train epoch: 9 [25600/60000 (42.67%)]	Loss: 0.78
Train epoch: 9 [26000/60000 (43.33%)]	Loss: 0.63
Train epoch: 9 [26400/60000 (44.00%)]	Loss: 0.26
Train epoch: 9 [26800/60000 (44.67%)]	Loss: 0.37
Train epoch: 9 [27200/60000 (45.33%)]	Loss: 0.62
Train epoch: 9 [27600/60000 (46.00%)]	Loss: 0.64
Train epoch: 9 [28000/60000 (46.67%)]	Loss: 0.42
Train epoch: 9 [28400/60000 (47.33%)]	Loss: 0.69
Train epoch: 9 [28800/60000 (48.00%)]	Loss: 0.21
Train epoch: 9 [29200/60000 (48.67%)]	Loss: 0.63
Train epoch: 9 [29600/60000 (49.33%)]	Loss: 0.32
Train epoch: 9 [30000/60000 (50.00%)]	Loss: 0.45
Train epoch: 9 [30400/60000 (50.67%)]	Loss: 0.43
Train epoch: 9 [30800/60000 (51.33%)]	Loss: 0.56
Train epoch: 9 [31200/60000 (52.00%)]	Loss: 0.59
Train epoch: 9 [31600/60000 (52.67%)]	Loss: 0.41
Train epoch: 9 [32000/60000 (53.33%)]	Loss: 0.82
Train epoch: 9 [32400/60000 (54.00%)]	Loss: 0.46
Train epoch: 9 [32800/60000 (54.67%)]	Loss: 0.22
Train epoch: 9 [33200/60000 (55.33%)]	Loss: 0.23
Train epoch: 9 [33600/60000 (56.00%)]	Loss: 0.48
Train epoch: 9 [34000/60000 (56.67%)]	Loss: 0.77
Train epoch: 9 [34400/60000 (57.33%)]	Loss: 0.56
Train epoch: 9 [34800/60000 (58.00%)]	Loss: 0.48
Train epoch: 9 [35200/60000 (58.67%)]	Loss: 0.64
Train epoch: 9 [35600/60000 (59.33%)]	Loss: 0.64
Train epoch: 9 [36000/60000 (60.00%)]	Loss: 0.44
Train epoch: 9 [36400/60000 (60.67%)]	Loss: 0.43
Train epoch: 9 [36800/60000 (61.33%)]	Loss: 0.78
Train epoch: 9 [37200/60000 (62.00%)]	Loss: 0.36
Train epoch: 9 [37600/60000 (62.67%)]	Loss: 0.60
Train epoch: 9 [38000/60000 (63.33%)]	Loss: 0.18
Train epoch: 9 [38400/60000 (64.00%)]	Loss: 0.20
Train epoch: 9 [38800/60000 (64.67%)]	Loss: 0.54
Train epoch: 9 [39200/60000 (65.33%)]	Loss: 0.23
Train epoch: 9 [39600/60000 (66.00%)]	Loss: 0.49
Train epoch: 9 [40000/60000 (66.67%)]	Loss: 0.45
Train epoch: 9 [40400/60000 (67.33%)]	Loss: 0.45
Train epoch: 9 [40800/60000 (68.00%)]	Loss: 0.31
Train epoch: 9 [41200/60000 (68.67%)]	Loss: 0.67
Train epoch: 9 [41600/60000 (69.33%)]	Loss: 0.92
Train epoch: 9 [42000/60000 (70.00%)]	Loss: 0.08
Train epoch: 9 [42400/60000 (70.67%)]	Loss: 0.41
Train epoch: 9 [42800/60000 (71.33%)]	Loss: 0.45
Train epoch: 9 [43200/60000 (72.00%)]	Loss: 0.65
Train epoch: 9 [43600/60000 (72.67%)]	Loss: 0.61
Train epoch: 9 [44000/60000 (73.33%)]	Loss: 0.62
Train epoch: 9 [44400/60000 (74.00%)]	Loss: 0.64
Train epoch: 9 [44800/60000 (74.67%)]	Loss: 1.02
Train epoch: 9 [45200/60000 (75.33%)]	Loss: 0.70
Train epoch: 9 [45600/60000 (76.00%)]	Loss: 0.30
Train epoch: 9 [46000/60000 (76.67%)]	Loss: 0.73
Train epoch: 9 [46400/60000 (77.33%)]	Loss: 0.18
Train epoch: 9 [46800/60000 (78.00%)]	Loss: 0.99
Train epoch: 9 [47200/60000 (78.67%)]	Loss: 0.19
Train epoch: 9 [47600/60000 (79.33%)]	Loss: 0.37
Train epoch: 9 [48000/60000 (80.00%)]	Loss: 0.73
Train epoch: 9 [48400/60000 (80.67%)]	Loss: 0.73
Train epoch: 9 [48800/60000 (81.33%)]	Loss: 0.38
Train epoch: 9 [49200/60000 (82.00%)]	Loss: 0.66
Train epoch: 9 [49600/60000 (82.67%)]	Loss: 0.35
Train epoch: 9 [50000/60000 (83.33%)]	Loss: 0.36
Train epoch: 9 [50400/60000 (84.00%)]	Loss: 0.35
Train epoch: 9 [50800/60000 (84.67%)]	Loss: 0.43
Train epoch: 9 [51200/60000 (85.33%)]	Loss: 0.40
Train epoch: 9 [51600/60000 (86.00%)]	Loss: 0.54
Train epoch: 9 [52000/60000 (86.67%)]	Loss: 0.60
Train epoch: 9 [52400/60000 (87.33%)]	Loss: 0.66
Train epoch: 9 [52800/60000 (88.00%)]	Loss: 0.74
Train epoch: 9 [53200/60000 (88.67%)]	Loss: 0.35
Train epoch: 9 [53600/60000 (89.33%)]	Loss: 0.32
Train epoch: 9 [54000/60000 (90.00%)]	Loss: 0.25
Train epoch: 9 [54400/60000 (90.67%)]	Loss: 1.05
Train epoch: 9 [54800/60000 (91.33%)]	Loss: 0.49
Train epoch: 9 [55200/60000 (92.00%)]	Loss: 0.29
Train epoch: 9 [55600/60000 (92.67%)]	Loss: 0.52
Train epoch: 9 [56000/60000 (93.33%)]	Loss: 0.94
Train epoch: 9 [56400/60000 (94.00%)]	Loss: 0.65
Train epoch: 9 [56800/60000 (94.67%)]	Loss: 0.80
Train epoch: 9 [57200/60000 (95.33%)]	Loss: 0.63
Train epoch: 9 [57600/60000 (96.00%)]	Loss: 0.23
Train epoch: 9 [58000/60000 (96.67%)]	Loss: 0.18
Train epoch: 9 [58400/60000 (97.33%)]	Loss: 0.73
Train epoch: 9 [58800/60000 (98.00%)]	Loss: 0.65
Train epoch: 9 [59200/60000 (98.67%)]	Loss: 0.23
Train epoch: 9 [59600/60000 (99.33%)]	Loss: 0.42

Test set: Avg. loss: 0.00467669, Accuracy: 9822/10000 (98.2%)

Train epoch: 10 [0/60000 (0.00%)]	Loss: 0.87
Train epoch: 10 [400/60000 (0.67%)]	Loss: 0.21
Train epoch: 10 [800/60000 (1.33%)]	Loss: 0.66
Train epoch: 10 [1200/60000 (2.00%)]	Loss: 0.39
Train epoch: 10 [1600/60000 (2.67%)]	Loss: 0.61
Train epoch: 10 [2000/60000 (3.33%)]	Loss: 0.54
Train epoch: 10 [2400/60000 (4.00%)]	Loss: 0.41
Train epoch: 10 [2800/60000 (4.67%)]	Loss: 0.38
Train epoch: 10 [3200/60000 (5.33%)]	Loss: 1.14
Train epoch: 10 [3600/60000 (6.00%)]	Loss: 0.35
Train epoch: 10 [4000/60000 (6.67%)]	Loss: 0.44
Train epoch: 10 [4400/60000 (7.33%)]	Loss: 0.69
Train epoch: 10 [4800/60000 (8.00%)]	Loss: 0.77
Train epoch: 10 [5200/60000 (8.67%)]	Loss: 0.50
Train epoch: 10 [5600/60000 (9.33%)]	Loss: 0.40
Train epoch: 10 [6000/60000 (10.00%)]	Loss: 0.46
Train epoch: 10 [6400/60000 (10.67%)]	Loss: 0.43
Train epoch: 10 [6800/60000 (11.33%)]	Loss: 0.52
Train epoch: 10 [7200/60000 (12.00%)]	Loss: 0.66
Train epoch: 10 [7600/60000 (12.67%)]	Loss: 0.54
Train epoch: 10 [8000/60000 (13.33%)]	Loss: 0.46
Train epoch: 10 [8400/60000 (14.00%)]	Loss: 0.38
Train epoch: 10 [8800/60000 (14.67%)]	Loss: 0.46
Train epoch: 10 [9200/60000 (15.33%)]	Loss: 0.63
Train epoch: 10 [9600/60000 (16.00%)]	Loss: 0.87
Train epoch: 10 [10000/60000 (16.67%)]	Loss: 0.49
Train epoch: 10 [10400/60000 (17.33%)]	Loss: 0.61
Train epoch: 10 [10800/60000 (18.00%)]	Loss: 0.19
Train epoch: 10 [11200/60000 (18.67%)]	Loss: 0.54
Train epoch: 10 [11600/60000 (19.33%)]	Loss: 0.21
Train epoch: 10 [12000/60000 (20.00%)]	Loss: 0.52
Train epoch: 10 [12400/60000 (20.67%)]	Loss: 0.23
Train epoch: 10 [12800/60000 (21.33%)]	Loss: 0.66
Train epoch: 10 [13200/60000 (22.00%)]	Loss: 0.21
Train epoch: 10 [13600/60000 (22.67%)]	Loss: 0.39
Train epoch: 10 [14000/60000 (23.33%)]	Loss: 0.24
Train epoch: 10 [14400/60000 (24.00%)]	Loss: 0.41
Train epoch: 10 [14800/60000 (24.67%)]	Loss: 0.18
Train epoch: 10 [15200/60000 (25.33%)]	Loss: 0.62
Train epoch: 10 [15600/60000 (26.00%)]	Loss: 0.21
Train epoch: 10 [16000/60000 (26.67%)]	Loss: 0.37
Train epoch: 10 [16400/60000 (27.33%)]	Loss: 0.26
Train epoch: 10 [16800/60000 (28.00%)]	Loss: 0.61
Train epoch: 10 [17200/60000 (28.67%)]	Loss: 0.36
Train epoch: 10 [17600/60000 (29.33%)]	Loss: 0.37
Train epoch: 10 [18000/60000 (30.00%)]	Loss: 0.39
Train epoch: 10 [18400/60000 (30.67%)]	Loss: 0.19
Train epoch: 10 [18800/60000 (31.33%)]	Loss: 0.40
Train epoch: 10 [19200/60000 (32.00%)]	Loss: 0.41
Train epoch: 10 [19600/60000 (32.67%)]	Loss: 0.22
Train epoch: 10 [20000/60000 (33.33%)]	Loss: 0.46
Train epoch: 10 [20400/60000 (34.00%)]	Loss: 0.65
Train epoch: 10 [20800/60000 (34.67%)]	Loss: 0.38
Train epoch: 10 [21200/60000 (35.33%)]	Loss: 0.81
Train epoch: 10 [21600/60000 (36.00%)]	Loss: 0.19
Train epoch: 10 [22000/60000 (36.67%)]	Loss: 0.28
Train epoch: 10 [22400/60000 (37.33%)]	Loss: 0.63
Train epoch: 10 [22800/60000 (38.00%)]	Loss: 0.36
Train epoch: 10 [23200/60000 (38.67%)]	Loss: 0.18
Train epoch: 10 [23600/60000 (39.33%)]	Loss: 0.44
Train epoch: 10 [24000/60000 (40.00%)]	Loss: 0.62
Train epoch: 10 [24400/60000 (40.67%)]	Loss: 0.41
Train epoch: 10 [24800/60000 (41.33%)]	Loss: 0.56
Train epoch: 10 [25200/60000 (42.00%)]	Loss: 0.70
Train epoch: 10 [25600/60000 (42.67%)]	Loss: 0.45
Train epoch: 10 [26000/60000 (43.33%)]	Loss: 0.21
Train epoch: 10 [26400/60000 (44.00%)]	Loss: 0.87
Train epoch: 10 [26800/60000 (44.67%)]	Loss: 0.60
Train epoch: 10 [27200/60000 (45.33%)]	Loss: 0.82
Train epoch: 10 [27600/60000 (46.00%)]	Loss: 0.45
Train epoch: 10 [28000/60000 (46.67%)]	Loss: 0.17
Train epoch: 10 [28400/60000 (47.33%)]	Loss: 0.53
Train epoch: 10 [28800/60000 (48.00%)]	Loss: 0.42
Train epoch: 10 [29200/60000 (48.67%)]	Loss: 0.27
Train epoch: 10 [29600/60000 (49.33%)]	Loss: 0.37
Train epoch: 10 [30000/60000 (50.00%)]	Loss: 0.18
Train epoch: 10 [30400/60000 (50.67%)]	Loss: 0.88
Train epoch: 10 [30800/60000 (51.33%)]	Loss: 0.57
Train epoch: 10 [31200/60000 (52.00%)]	Loss: 0.57
Train epoch: 10 [31600/60000 (52.67%)]	Loss: 0.99
Train epoch: 10 [32000/60000 (53.33%)]	Loss: 1.17
Train epoch: 10 [32400/60000 (54.00%)]	Loss: 0.41
Train epoch: 10 [32800/60000 (54.67%)]	Loss: 0.27
Train epoch: 10 [33200/60000 (55.33%)]	Loss: 0.40
Train epoch: 10 [33600/60000 (56.00%)]	Loss: 0.85
Train epoch: 10 [34000/60000 (56.67%)]	Loss: 0.44
Train epoch: 10 [34400/60000 (57.33%)]	Loss: 0.53
Train epoch: 10 [34800/60000 (58.00%)]	Loss: 0.94
Train epoch: 10 [35200/60000 (58.67%)]	Loss: 0.37
Train epoch: 10 [35600/60000 (59.33%)]	Loss: 0.64
Train epoch: 10 [36000/60000 (60.00%)]	Loss: 0.52
Train epoch: 10 [36400/60000 (60.67%)]	Loss: 0.62
Train epoch: 10 [36800/60000 (61.33%)]	Loss: 0.62
Train epoch: 10 [37200/60000 (62.00%)]	Loss: 1.02
Train epoch: 10 [37600/60000 (62.67%)]	Loss: 0.18
Train epoch: 10 [38000/60000 (63.33%)]	Loss: 0.95
Train epoch: 10 [38400/60000 (64.00%)]	Loss: 0.71
Train epoch: 10 [38800/60000 (64.67%)]	Loss: 0.59
Train epoch: 10 [39200/60000 (65.33%)]	Loss: 0.69
Train epoch: 10 [39600/60000 (66.00%)]	Loss: 0.36
Train epoch: 10 [40000/60000 (66.67%)]	Loss: 0.81
Train epoch: 10 [40400/60000 (67.33%)]	Loss: 0.65
Train epoch: 10 [40800/60000 (68.00%)]	Loss: 0.32
Train epoch: 10 [41200/60000 (68.67%)]	Loss: 0.19
Train epoch: 10 [41600/60000 (69.33%)]	Loss: 0.61
Train epoch: 10 [42000/60000 (70.00%)]	Loss: 0.77
Train epoch: 10 [42400/60000 (70.67%)]	Loss: 0.82
Train epoch: 10 [42800/60000 (71.33%)]	Loss: 0.22
Train epoch: 10 [43200/60000 (72.00%)]	Loss: 0.36
Train epoch: 10 [43600/60000 (72.67%)]	Loss: 0.54
Train epoch: 10 [44000/60000 (73.33%)]	Loss: 0.96
Train epoch: 10 [44400/60000 (74.00%)]	Loss: 0.39
Train epoch: 10 [44800/60000 (74.67%)]	Loss: 0.83
Train epoch: 10 [45200/60000 (75.33%)]	Loss: 0.62
Train epoch: 10 [45600/60000 (76.00%)]	Loss: 0.65
Train epoch: 10 [46000/60000 (76.67%)]	Loss: 0.41
Train epoch: 10 [46400/60000 (77.33%)]	Loss: 1.19
Train epoch: 10 [46800/60000 (78.00%)]	Loss: 0.59
Train epoch: 10 [47200/60000 (78.67%)]	Loss: 0.41
Train epoch: 10 [47600/60000 (79.33%)]	Loss: 0.41
Train epoch: 10 [48000/60000 (80.00%)]	Loss: 0.53
Train epoch: 10 [48400/60000 (80.67%)]	Loss: 0.29
Train epoch: 10 [48800/60000 (81.33%)]	Loss: 0.52
Train epoch: 10 [49200/60000 (82.00%)]	Loss: 0.82
Train epoch: 10 [49600/60000 (82.67%)]	Loss: 0.36
Train epoch: 10 [50000/60000 (83.33%)]	Loss: 0.49
Train epoch: 10 [50400/60000 (84.00%)]	Loss: 0.21
Train epoch: 10 [50800/60000 (84.67%)]	Loss: 0.37
Train epoch: 10 [51200/60000 (85.33%)]	Loss: 0.47
Train epoch: 10 [51600/60000 (86.00%)]	Loss: 0.85
Train epoch: 10 [52000/60000 (86.67%)]	Loss: 1.72
Train epoch: 10 [52400/60000 (87.33%)]	Loss: 0.59
Train epoch: 10 [52800/60000 (88.00%)]	Loss: 0.65
Train epoch: 10 [53200/60000 (88.67%)]	Loss: 0.64
Train epoch: 10 [53600/60000 (89.33%)]	Loss: 0.08
Train epoch: 10 [54000/60000 (90.00%)]	Loss: 0.60
Train epoch: 10 [54400/60000 (90.67%)]	Loss: 0.38
Train epoch: 10 [54800/60000 (91.33%)]	Loss: 0.47
Train epoch: 10 [55200/60000 (92.00%)]	Loss: 0.63
Train epoch: 10 [55600/60000 (92.67%)]	Loss: 0.60
Train epoch: 10 [56000/60000 (93.33%)]	Loss: 0.49
Train epoch: 10 [56400/60000 (94.00%)]	Loss: 0.57
Train epoch: 10 [56800/60000 (94.67%)]	Loss: 0.69
Train epoch: 10 [57200/60000 (95.33%)]	Loss: 0.80
Train epoch: 10 [57600/60000 (96.00%)]	Loss: 0.46
Train epoch: 10 [58000/60000 (96.67%)]	Loss: 0.18
Train epoch: 10 [58400/60000 (97.33%)]	Loss: 0.36
Train epoch: 10 [58800/60000 (98.00%)]	Loss: 0.62
Train epoch: 10 [59200/60000 (98.67%)]	Loss: 0.38
Train epoch: 10 [59600/60000 (99.33%)]	Loss: 0.19

Test set: Avg. loss: 0.00467184, Accuracy: 9843/10000 (98.4%)

