# Experiment name: sgd_n10_t1
# number of epochs: 10
# training batch size: 1
# testing batch size: 1024
# optimizer: SGD
# learning rate: 0.01
# nn module: ..basenet
# save results: True

Test set: Avg. loss: 0.00691120, Accuracy: 973/10000 (9.7%)

Train epoch: 1 [0/60000 (0.00%)]	Loss: 0.00
Train epoch: 1 [50/60000 (0.08%)]	Loss: 0.00
Train epoch: 1 [100/60000 (0.17%)]	Loss: 0.00
Train epoch: 1 [150/60000 (0.25%)]	Loss: 0.00
Train epoch: 1 [200/60000 (0.33%)]	Loss: 0.00
Train epoch: 1 [250/60000 (0.42%)]	Loss: 0.00
Train epoch: 1 [300/60000 (0.50%)]	Loss: 0.00
Train epoch: 1 [350/60000 (0.58%)]	Loss: 0.00
Train epoch: 1 [400/60000 (0.67%)]	Loss: 0.00
Train epoch: 1 [450/60000 (0.75%)]	Loss: 0.00
Train epoch: 1 [500/60000 (0.83%)]	Loss: 0.00
Train epoch: 1 [550/60000 (0.92%)]	Loss: 0.00
Train epoch: 1 [600/60000 (1.00%)]	Loss: 0.00
Train epoch: 1 [650/60000 (1.08%)]	Loss: 0.00
Train epoch: 1 [700/60000 (1.17%)]	Loss: 0.00
Train epoch: 1 [750/60000 (1.25%)]	Loss: 0.00
Train epoch: 1 [800/60000 (1.33%)]	Loss: 0.00
Train epoch: 1 [850/60000 (1.42%)]	Loss: 0.00
Train epoch: 1 [900/60000 (1.50%)]	Loss: 0.00
Train epoch: 1 [950/60000 (1.58%)]	Loss: 0.00
Train epoch: 1 [1000/60000 (1.67%)]	Loss: 0.00
Train epoch: 1 [1050/60000 (1.75%)]	Loss: 0.00
Train epoch: 1 [1100/60000 (1.83%)]	Loss: 0.00
Train epoch: 1 [1150/60000 (1.92%)]	Loss: 0.00
Train epoch: 1 [1200/60000 (2.00%)]	Loss: 0.00
Train epoch: 1 [1250/60000 (2.08%)]	Loss: 0.00
Train epoch: 1 [1300/60000 (2.17%)]	Loss: 0.00
Train epoch: 1 [1350/60000 (2.25%)]	Loss: 0.00
Train epoch: 1 [1400/60000 (2.33%)]	Loss: 0.00
Train epoch: 1 [1450/60000 (2.42%)]	Loss: 0.00
Train epoch: 1 [1500/60000 (2.50%)]	Loss: 0.00
Train epoch: 1 [1550/60000 (2.58%)]	Loss: 0.00
Train epoch: 1 [1600/60000 (2.67%)]	Loss: 0.00
Train epoch: 1 [1650/60000 (2.75%)]	Loss: 0.00
Train epoch: 1 [1700/60000 (2.83%)]	Loss: 0.00
Train epoch: 1 [1750/60000 (2.92%)]	Loss: 0.00
Train epoch: 1 [1800/60000 (3.00%)]	Loss: 0.00
Train epoch: 1 [1850/60000 (3.08%)]	Loss: 0.00
Train epoch: 1 [1900/60000 (3.17%)]	Loss: 0.00
Train epoch: 1 [1950/60000 (3.25%)]	Loss: 0.00
Train epoch: 1 [2000/60000 (3.33%)]	Loss: 0.00
Train epoch: 1 [2050/60000 (3.42%)]	Loss: 0.00
Train epoch: 1 [2100/60000 (3.50%)]	Loss: 0.00
Train epoch: 1 [2150/60000 (3.58%)]	Loss: 0.00
Train epoch: 1 [2200/60000 (3.67%)]	Loss: 0.00
Train epoch: 1 [2250/60000 (3.75%)]	Loss: 0.00
Train epoch: 1 [2300/60000 (3.83%)]	Loss: 0.00
Train epoch: 1 [2350/60000 (3.92%)]	Loss: 0.00
Train epoch: 1 [2400/60000 (4.00%)]	Loss: 0.00
Train epoch: 1 [2450/60000 (4.08%)]	Loss: 0.00
Train epoch: 1 [2500/60000 (4.17%)]	Loss: 0.00
Train epoch: 1 [2550/60000 (4.25%)]	Loss: 0.00
Train epoch: 1 [2600/60000 (4.33%)]	Loss: 0.00
Train epoch: 1 [2650/60000 (4.42%)]	Loss: 0.00
Train epoch: 1 [2700/60000 (4.50%)]	Loss: 0.00
Train epoch: 1 [2750/60000 (4.58%)]	Loss: 0.00
Train epoch: 1 [2800/60000 (4.67%)]	Loss: 0.00
Train epoch: 1 [2850/60000 (4.75%)]	Loss: 0.00
Train epoch: 1 [2900/60000 (4.83%)]	Loss: 0.00
Train epoch: 1 [2950/60000 (4.92%)]	Loss: 0.00
Train epoch: 1 [3000/60000 (5.00%)]	Loss: 0.00
Train epoch: 1 [3050/60000 (5.08%)]	Loss: 0.00
Train epoch: 1 [3100/60000 (5.17%)]	Loss: 0.00
Train epoch: 1 [3150/60000 (5.25%)]	Loss: 0.00
Train epoch: 1 [3200/60000 (5.33%)]	Loss: 0.00
Train epoch: 1 [3250/60000 (5.42%)]	Loss: 0.00
Train epoch: 1 [3300/60000 (5.50%)]	Loss: 0.00
Train epoch: 1 [3350/60000 (5.58%)]	Loss: 0.00
Train epoch: 1 [3400/60000 (5.67%)]	Loss: 0.00
Train epoch: 1 [3450/60000 (5.75%)]	Loss: 0.00
Train epoch: 1 [3500/60000 (5.83%)]	Loss: 0.00
Train epoch: 1 [3550/60000 (5.92%)]	Loss: 0.00
Train epoch: 1 [3600/60000 (6.00%)]	Loss: 0.00
Train epoch: 1 [3650/60000 (6.08%)]	Loss: 0.00
Train epoch: 1 [3700/60000 (6.17%)]	Loss: 0.00
Train epoch: 1 [3750/60000 (6.25%)]	Loss: 0.00
Train epoch: 1 [3800/60000 (6.33%)]	Loss: 0.00
Train epoch: 1 [3850/60000 (6.42%)]	Loss: 0.00
Train epoch: 1 [3900/60000 (6.50%)]	Loss: 0.00
Train epoch: 1 [3950/60000 (6.58%)]	Loss: 0.00
Train epoch: 1 [4000/60000 (6.67%)]	Loss: 0.00
Train epoch: 1 [4050/60000 (6.75%)]	Loss: 0.00
Train epoch: 1 [4100/60000 (6.83%)]	Loss: 0.00
Train epoch: 1 [4150/60000 (6.92%)]	Loss: 0.00
Train epoch: 1 [4200/60000 (7.00%)]	Loss: 0.00
Train epoch: 1 [4250/60000 (7.08%)]	Loss: 0.00
Train epoch: 1 [4300/60000 (7.17%)]	Loss: 0.00
Train epoch: 1 [4350/60000 (7.25%)]	Loss: 0.00
Train epoch: 1 [4400/60000 (7.33%)]	Loss: 0.00
Train epoch: 1 [4450/60000 (7.42%)]	Loss: 0.00
Train epoch: 1 [4500/60000 (7.50%)]	Loss: 0.00
Train epoch: 1 [4550/60000 (7.58%)]	Loss: 0.00
Train epoch: 1 [4600/60000 (7.67%)]	Loss: 0.00
Train epoch: 1 [4650/60000 (7.75%)]	Loss: 0.00
Train epoch: 1 [4700/60000 (7.83%)]	Loss: 0.00
Train epoch: 1 [4750/60000 (7.92%)]	Loss: 0.00
Train epoch: 1 [4800/60000 (8.00%)]	Loss: 0.00
Train epoch: 1 [4850/60000 (8.08%)]	Loss: 0.00
Train epoch: 1 [4900/60000 (8.17%)]	Loss: 0.00
Train epoch: 1 [4950/60000 (8.25%)]	Loss: 0.00
Train epoch: 1 [5000/60000 (8.33%)]	Loss: 0.00
Train epoch: 1 [5050/60000 (8.42%)]	Loss: 0.00
Train epoch: 1 [5100/60000 (8.50%)]	Loss: 0.00
Train epoch: 1 [5150/60000 (8.58%)]	Loss: 0.00
Train epoch: 1 [5200/60000 (8.67%)]	Loss: 0.00
Train epoch: 1 [5250/60000 (8.75%)]	Loss: 0.00
Train epoch: 1 [5300/60000 (8.83%)]	Loss: 0.00
Train epoch: 1 [5350/60000 (8.92%)]	Loss: 0.00
Train epoch: 1 [5400/60000 (9.00%)]	Loss: 0.00
Train epoch: 1 [5450/60000 (9.08%)]	Loss: 0.00
Train epoch: 1 [5500/60000 (9.17%)]	Loss: 0.00
Train epoch: 1 [5550/60000 (9.25%)]	Loss: 0.00
Train epoch: 1 [5600/60000 (9.33%)]	Loss: 0.00
Train epoch: 1 [5650/60000 (9.42%)]	Loss: 0.00
Train epoch: 1 [5700/60000 (9.50%)]	Loss: 0.00
Train epoch: 1 [5750/60000 (9.58%)]	Loss: 0.00
Train epoch: 1 [5800/60000 (9.67%)]	Loss: 0.00
Train epoch: 1 [5850/60000 (9.75%)]	Loss: 0.00
Train epoch: 1 [5900/60000 (9.83%)]	Loss: 0.00
Train epoch: 1 [5950/60000 (9.92%)]	Loss: 0.00
Train epoch: 1 [6000/60000 (10.00%)]	Loss: 0.00
Train epoch: 1 [6050/60000 (10.08%)]	Loss: 0.00
Train epoch: 1 [6100/60000 (10.17%)]	Loss: 0.00
Train epoch: 1 [6150/60000 (10.25%)]	Loss: 0.00
Train epoch: 1 [6200/60000 (10.33%)]	Loss: 0.00
Train epoch: 1 [6250/60000 (10.42%)]	Loss: 0.00
Train epoch: 1 [6300/60000 (10.50%)]	Loss: 0.00
Train epoch: 1 [6350/60000 (10.58%)]	Loss: 0.00
Train epoch: 1 [6400/60000 (10.67%)]	Loss: 0.00
Train epoch: 1 [6450/60000 (10.75%)]	Loss: 0.00
Train epoch: 1 [6500/60000 (10.83%)]	Loss: 0.00
Train epoch: 1 [6550/60000 (10.92%)]	Loss: 0.00
Train epoch: 1 [6600/60000 (11.00%)]	Loss: 0.00
Train epoch: 1 [6650/60000 (11.08%)]	Loss: 0.00
Train epoch: 1 [6700/60000 (11.17%)]	Loss: 0.00
Train epoch: 1 [6750/60000 (11.25%)]	Loss: 0.00
Train epoch: 1 [6800/60000 (11.33%)]	Loss: 0.00
Train epoch: 1 [6850/60000 (11.42%)]	Loss: 0.00
Train epoch: 1 [6900/60000 (11.50%)]	Loss: 0.00
Train epoch: 1 [6950/60000 (11.58%)]	Loss: 0.00
Train epoch: 1 [7000/60000 (11.67%)]	Loss: 0.00
Train epoch: 1 [7050/60000 (11.75%)]	Loss: 0.00
Train epoch: 1 [7100/60000 (11.83%)]	Loss: 0.00
Train epoch: 1 [7150/60000 (11.92%)]	Loss: 0.00
Train epoch: 1 [7200/60000 (12.00%)]	Loss: 0.00
Train epoch: 1 [7250/60000 (12.08%)]	Loss: 0.00
Train epoch: 1 [7300/60000 (12.17%)]	Loss: 0.00
Train epoch: 1 [7350/60000 (12.25%)]	Loss: 0.00
Train epoch: 1 [7400/60000 (12.33%)]	Loss: 0.00
Train epoch: 1 [7450/60000 (12.42%)]	Loss: 0.00
Train epoch: 1 [7500/60000 (12.50%)]	Loss: 0.00
Train epoch: 1 [7550/60000 (12.58%)]	Loss: 0.00
Train epoch: 1 [7600/60000 (12.67%)]	Loss: 0.00
Train epoch: 1 [7650/60000 (12.75%)]	Loss: 0.00
Train epoch: 1 [7700/60000 (12.83%)]	Loss: 0.00
Train epoch: 1 [7750/60000 (12.92%)]	Loss: 0.00
Train epoch: 1 [7800/60000 (13.00%)]	Loss: 0.00
Train epoch: 1 [7850/60000 (13.08%)]	Loss: 0.00
Train epoch: 1 [7900/60000 (13.17%)]	Loss: 0.00
Train epoch: 1 [7950/60000 (13.25%)]	Loss: 0.00
Train epoch: 1 [8000/60000 (13.33%)]	Loss: 0.00
Train epoch: 1 [8050/60000 (13.42%)]	Loss: 0.00
Train epoch: 1 [8100/60000 (13.50%)]	Loss: 0.00
Train epoch: 1 [8150/60000 (13.58%)]	Loss: 0.00
Train epoch: 1 [8200/60000 (13.67%)]	Loss: 0.00
Train epoch: 1 [8250/60000 (13.75%)]	Loss: 0.00
Train epoch: 1 [8300/60000 (13.83%)]	Loss: 0.00
Train epoch: 1 [8350/60000 (13.92%)]	Loss: 0.00
Train epoch: 1 [8400/60000 (14.00%)]	Loss: 0.00
Train epoch: 1 [8450/60000 (14.08%)]	Loss: 0.00
Train epoch: 1 [8500/60000 (14.17%)]	Loss: 0.00
Train epoch: 1 [8550/60000 (14.25%)]	Loss: 0.00
Train epoch: 1 [8600/60000 (14.33%)]	Loss: 0.00
Train epoch: 1 [8650/60000 (14.42%)]	Loss: 0.00
Train epoch: 1 [8700/60000 (14.50%)]	Loss: 0.00
Train epoch: 1 [8750/60000 (14.58%)]	Loss: 0.00
Train epoch: 1 [8800/60000 (14.67%)]	Loss: 0.00
Train epoch: 1 [8850/60000 (14.75%)]	Loss: 0.00
Train epoch: 1 [8900/60000 (14.83%)]	Loss: 0.00
Train epoch: 1 [8950/60000 (14.92%)]	Loss: 0.00
Train epoch: 1 [9000/60000 (15.00%)]	Loss: 0.00
Train epoch: 1 [9050/60000 (15.08%)]	Loss: 0.00
Train epoch: 1 [9100/60000 (15.17%)]	Loss: 0.00
Train epoch: 1 [9150/60000 (15.25%)]	Loss: 0.00
Train epoch: 1 [9200/60000 (15.33%)]	Loss: 0.00
Train epoch: 1 [9250/60000 (15.42%)]	Loss: 0.00
Train epoch: 1 [9300/60000 (15.50%)]	Loss: 0.00
Train epoch: 1 [9350/60000 (15.58%)]	Loss: 0.00
Train epoch: 1 [9400/60000 (15.67%)]	Loss: 0.00
Train epoch: 1 [9450/60000 (15.75%)]	Loss: 0.00
Train epoch: 1 [9500/60000 (15.83%)]	Loss: 0.00
Train epoch: 1 [9550/60000 (15.92%)]	Loss: 0.00
Train epoch: 1 [9600/60000 (16.00%)]	Loss: 0.00
Train epoch: 1 [9650/60000 (16.08%)]	Loss: 0.00
Train epoch: 1 [9700/60000 (16.17%)]	Loss: 0.00
Train epoch: 1 [9750/60000 (16.25%)]	Loss: 0.00
Train epoch: 1 [9800/60000 (16.33%)]	Loss: 0.00
Train epoch: 1 [9850/60000 (16.42%)]	Loss: 0.00
Train epoch: 1 [9900/60000 (16.50%)]	Loss: 0.00
Train epoch: 1 [9950/60000 (16.58%)]	Loss: 0.00
Train epoch: 1 [10000/60000 (16.67%)]	Loss: 0.00
Train epoch: 1 [10050/60000 (16.75%)]	Loss: 0.00
Train epoch: 1 [10100/60000 (16.83%)]	Loss: 0.00
Train epoch: 1 [10150/60000 (16.92%)]	Loss: 0.00
Train epoch: 1 [10200/60000 (17.00%)]	Loss: 0.00
Train epoch: 1 [10250/60000 (17.08%)]	Loss: 0.00
Train epoch: 1 [10300/60000 (17.17%)]	Loss: 0.00
Train epoch: 1 [10350/60000 (17.25%)]	Loss: 0.00
Train epoch: 1 [10400/60000 (17.33%)]	Loss: 0.00
Train epoch: 1 [10450/60000 (17.42%)]	Loss: 0.00
Train epoch: 1 [10500/60000 (17.50%)]	Loss: 0.00
Train epoch: 1 [10550/60000 (17.58%)]	Loss: 0.00
Train epoch: 1 [10600/60000 (17.67%)]	Loss: 0.00
Train epoch: 1 [10650/60000 (17.75%)]	Loss: 0.00
Train epoch: 1 [10700/60000 (17.83%)]	Loss: 0.00
Train epoch: 1 [10750/60000 (17.92%)]	Loss: 0.00
Train epoch: 1 [10800/60000 (18.00%)]	Loss: 0.00
Train epoch: 1 [10850/60000 (18.08%)]	Loss: 0.00
Train epoch: 1 [10900/60000 (18.17%)]	Loss: 0.00
Train epoch: 1 [10950/60000 (18.25%)]	Loss: 0.00
Train epoch: 1 [11000/60000 (18.33%)]	Loss: 0.00
Train epoch: 1 [11050/60000 (18.42%)]	Loss: 0.00
Train epoch: 1 [11100/60000 (18.50%)]	Loss: 0.00
Train epoch: 1 [11150/60000 (18.58%)]	Loss: 0.00
Train epoch: 1 [11200/60000 (18.67%)]	Loss: 0.00
Train epoch: 1 [11250/60000 (18.75%)]	Loss: 0.00
Train epoch: 1 [11300/60000 (18.83%)]	Loss: 0.00
Train epoch: 1 [11350/60000 (18.92%)]	Loss: 0.00
Train epoch: 1 [11400/60000 (19.00%)]	Loss: 0.00
Train epoch: 1 [11450/60000 (19.08%)]	Loss: 0.00
Train epoch: 1 [11500/60000 (19.17%)]	Loss: 0.00
Train epoch: 1 [11550/60000 (19.25%)]	Loss: 0.00
Train epoch: 1 [11600/60000 (19.33%)]	Loss: 0.00
Train epoch: 1 [11650/60000 (19.42%)]	Loss: 0.00
Train epoch: 1 [11700/60000 (19.50%)]	Loss: 0.00
Train epoch: 1 [11750/60000 (19.58%)]	Loss: 0.00
Train epoch: 1 [11800/60000 (19.67%)]	Loss: 0.00
Train epoch: 1 [11850/60000 (19.75%)]	Loss: 0.00
Train epoch: 1 [11900/60000 (19.83%)]	Loss: 0.00
Train epoch: 1 [11950/60000 (19.92%)]	Loss: 0.00
Train epoch: 1 [12000/60000 (20.00%)]	Loss: 0.00
Train epoch: 1 [12050/60000 (20.08%)]	Loss: 0.00
Train epoch: 1 [12100/60000 (20.17%)]	Loss: 0.00
Train epoch: 1 [12150/60000 (20.25%)]	Loss: 0.00
Train epoch: 1 [12200/60000 (20.33%)]	Loss: 0.00
Train epoch: 1 [12250/60000 (20.42%)]	Loss: 0.00
Train epoch: 1 [12300/60000 (20.50%)]	Loss: 0.00
Train epoch: 1 [12350/60000 (20.58%)]	Loss: 0.00
Train epoch: 1 [12400/60000 (20.67%)]	Loss: 0.00
Train epoch: 1 [12450/60000 (20.75%)]	Loss: 0.00
Train epoch: 1 [12500/60000 (20.83%)]	Loss: 0.00
Train epoch: 1 [12550/60000 (20.92%)]	Loss: 0.00
Train epoch: 1 [12600/60000 (21.00%)]	Loss: 0.00
Train epoch: 1 [12650/60000 (21.08%)]	Loss: 0.00
Train epoch: 1 [12700/60000 (21.17%)]	Loss: 0.00
Train epoch: 1 [12750/60000 (21.25%)]	Loss: 0.00
Train epoch: 1 [12800/60000 (21.33%)]	Loss: 0.00
Train epoch: 1 [12850/60000 (21.42%)]	Loss: 0.00
Train epoch: 1 [12900/60000 (21.50%)]	Loss: 0.00
Train epoch: 1 [12950/60000 (21.58%)]	Loss: 0.00
Train epoch: 1 [13000/60000 (21.67%)]	Loss: 0.00
Train epoch: 1 [13050/60000 (21.75%)]	Loss: 0.00
Train epoch: 1 [13100/60000 (21.83%)]	Loss: 0.00
Train epoch: 1 [13150/60000 (21.92%)]	Loss: 0.00
Train epoch: 1 [13200/60000 (22.00%)]	Loss: 0.00
Train epoch: 1 [13250/60000 (22.08%)]	Loss: 0.00
Train epoch: 1 [13300/60000 (22.17%)]	Loss: 0.00
Train epoch: 1 [13350/60000 (22.25%)]	Loss: 0.00
Train epoch: 1 [13400/60000 (22.33%)]	Loss: 0.00
Train epoch: 1 [13450/60000 (22.42%)]	Loss: 0.00
Train epoch: 1 [13500/60000 (22.50%)]	Loss: 0.00
Train epoch: 1 [13550/60000 (22.58%)]	Loss: 0.00
Train epoch: 1 [13600/60000 (22.67%)]	Loss: 0.00
Train epoch: 1 [13650/60000 (22.75%)]	Loss: 0.00
Train epoch: 1 [13700/60000 (22.83%)]	Loss: 0.00
Train epoch: 1 [13750/60000 (22.92%)]	Loss: 0.00
Train epoch: 1 [13800/60000 (23.00%)]	Loss: 0.00
Train epoch: 1 [13850/60000 (23.08%)]	Loss: 0.00
Train epoch: 1 [13900/60000 (23.17%)]	Loss: 0.00
Train epoch: 1 [13950/60000 (23.25%)]	Loss: 0.00
Train epoch: 1 [14000/60000 (23.33%)]	Loss: 0.00
Train epoch: 1 [14050/60000 (23.42%)]	Loss: 0.00
Train epoch: 1 [14100/60000 (23.50%)]	Loss: 0.00
Train epoch: 1 [14150/60000 (23.58%)]	Loss: 0.00
Train epoch: 1 [14200/60000 (23.67%)]	Loss: 0.00
Train epoch: 1 [14250/60000 (23.75%)]	Loss: 0.00
Train epoch: 1 [14300/60000 (23.83%)]	Loss: 0.00
Train epoch: 1 [14350/60000 (23.92%)]	Loss: 0.00
Train epoch: 1 [14400/60000 (24.00%)]	Loss: 0.00
Train epoch: 1 [14450/60000 (24.08%)]	Loss: 0.00
Train epoch: 1 [14500/60000 (24.17%)]	Loss: 0.00
Train epoch: 1 [14550/60000 (24.25%)]	Loss: 0.00
Train epoch: 1 [14600/60000 (24.33%)]	Loss: 0.00
Train epoch: 1 [14650/60000 (24.42%)]	Loss: 0.00
Train epoch: 1 [14700/60000 (24.50%)]	Loss: 0.00
Train epoch: 1 [14750/60000 (24.58%)]	Loss: 0.00
Train epoch: 1 [14800/60000 (24.67%)]	Loss: 0.00
Train epoch: 1 [14850/60000 (24.75%)]	Loss: 0.00
Train epoch: 1 [14900/60000 (24.83%)]	Loss: 0.00
Train epoch: 1 [14950/60000 (24.92%)]	Loss: 0.00
Train epoch: 1 [15000/60000 (25.00%)]	Loss: 0.00
Train epoch: 1 [15050/60000 (25.08%)]	Loss: 0.00
Train epoch: 1 [15100/60000 (25.17%)]	Loss: 0.00
Train epoch: 1 [15150/60000 (25.25%)]	Loss: 0.00
Train epoch: 1 [15200/60000 (25.33%)]	Loss: 0.00
Train epoch: 1 [15250/60000 (25.42%)]	Loss: 0.00
Train epoch: 1 [15300/60000 (25.50%)]	Loss: 0.00
Train epoch: 1 [15350/60000 (25.58%)]	Loss: 0.00
Train epoch: 1 [15400/60000 (25.67%)]	Loss: 0.00
Train epoch: 1 [15450/60000 (25.75%)]	Loss: 0.00
Train epoch: 1 [15500/60000 (25.83%)]	Loss: 0.00
Train epoch: 1 [15550/60000 (25.92%)]	Loss: 0.00
Train epoch: 1 [15600/60000 (26.00%)]	Loss: 0.00
Train epoch: 1 [15650/60000 (26.08%)]	Loss: 0.00
Train epoch: 1 [15700/60000 (26.17%)]	Loss: 0.00
Train epoch: 1 [15750/60000 (26.25%)]	Loss: 0.00
Train epoch: 1 [15800/60000 (26.33%)]	Loss: 0.00
Train epoch: 1 [15850/60000 (26.42%)]	Loss: 0.00
Train epoch: 1 [15900/60000 (26.50%)]	Loss: 0.00
Train epoch: 1 [15950/60000 (26.58%)]	Loss: 0.00
Train epoch: 1 [16000/60000 (26.67%)]	Loss: 0.00
Train epoch: 1 [16050/60000 (26.75%)]	Loss: 0.00
Train epoch: 1 [16100/60000 (26.83%)]	Loss: 0.00
Train epoch: 1 [16150/60000 (26.92%)]	Loss: 0.00
Train epoch: 1 [16200/60000 (27.00%)]	Loss: 0.00
Train epoch: 1 [16250/60000 (27.08%)]	Loss: 0.00
Train epoch: 1 [16300/60000 (27.17%)]	Loss: 0.00
Train epoch: 1 [16350/60000 (27.25%)]	Loss: 0.00
Train epoch: 1 [16400/60000 (27.33%)]	Loss: 0.00
Train epoch: 1 [16450/60000 (27.42%)]	Loss: 0.00
Train epoch: 1 [16500/60000 (27.50%)]	Loss: 0.00
Train epoch: 1 [16550/60000 (27.58%)]	Loss: 0.00
Train epoch: 1 [16600/60000 (27.67%)]	Loss: 0.00
Train epoch: 1 [16650/60000 (27.75%)]	Loss: 0.00
Train epoch: 1 [16700/60000 (27.83%)]	Loss: 0.00
Train epoch: 1 [16750/60000 (27.92%)]	Loss: 0.00
Train epoch: 1 [16800/60000 (28.00%)]	Loss: 0.00
Train epoch: 1 [16850/60000 (28.08%)]	Loss: 0.00
Train epoch: 1 [16900/60000 (28.17%)]	Loss: 0.00
Train epoch: 1 [16950/60000 (28.25%)]	Loss: 0.00
Train epoch: 1 [17000/60000 (28.33%)]	Loss: 0.00
Train epoch: 1 [17050/60000 (28.42%)]	Loss: 0.00
Train epoch: 1 [17100/60000 (28.50%)]	Loss: 0.00
Train epoch: 1 [17150/60000 (28.58%)]	Loss: 0.00
Train epoch: 1 [17200/60000 (28.67%)]	Loss: 0.00
Train epoch: 1 [17250/60000 (28.75%)]	Loss: 0.00
Train epoch: 1 [17300/60000 (28.83%)]	Loss: 0.00
Train epoch: 1 [17350/60000 (28.92%)]	Loss: 0.00
Train epoch: 1 [17400/60000 (29.00%)]	Loss: 0.00
Train epoch: 1 [17450/60000 (29.08%)]	Loss: 0.00
Train epoch: 1 [17500/60000 (29.17%)]	Loss: 0.00
Train epoch: 1 [17550/60000 (29.25%)]	Loss: 0.00
Train epoch: 1 [17600/60000 (29.33%)]	Loss: 0.00
Train epoch: 1 [17650/60000 (29.42%)]	Loss: 0.00
Train epoch: 1 [17700/60000 (29.50%)]	Loss: 0.00
Train epoch: 1 [17750/60000 (29.58%)]	Loss: 0.00
Train epoch: 1 [17800/60000 (29.67%)]	Loss: 0.00
Train epoch: 1 [17850/60000 (29.75%)]	Loss: 0.00
Train epoch: 1 [17900/60000 (29.83%)]	Loss: 0.00
Train epoch: 1 [17950/60000 (29.92%)]	Loss: 0.00
Train epoch: 1 [18000/60000 (30.00%)]	Loss: 0.00
Train epoch: 1 [18050/60000 (30.08%)]	Loss: 0.00
Train epoch: 1 [18100/60000 (30.17%)]	Loss: 0.00
Train epoch: 1 [18150/60000 (30.25%)]	Loss: 0.00
Train epoch: 1 [18200/60000 (30.33%)]	Loss: 0.00
Train epoch: 1 [18250/60000 (30.42%)]	Loss: 0.00
Train epoch: 1 [18300/60000 (30.50%)]	Loss: 0.00
Train epoch: 1 [18350/60000 (30.58%)]	Loss: 0.00
Train epoch: 1 [18400/60000 (30.67%)]	Loss: 0.00
Train epoch: 1 [18450/60000 (30.75%)]	Loss: 0.00
Train epoch: 1 [18500/60000 (30.83%)]	Loss: 0.00
Train epoch: 1 [18550/60000 (30.92%)]	Loss: 0.00
Train epoch: 1 [18600/60000 (31.00%)]	Loss: 0.00
Train epoch: 1 [18650/60000 (31.08%)]	Loss: 0.00
Train epoch: 1 [18700/60000 (31.17%)]	Loss: 0.00
Train epoch: 1 [18750/60000 (31.25%)]	Loss: 0.00
Train epoch: 1 [18800/60000 (31.33%)]	Loss: 0.00
Train epoch: 1 [18850/60000 (31.42%)]	Loss: 0.00
Train epoch: 1 [18900/60000 (31.50%)]	Loss: 0.00
Train epoch: 1 [18950/60000 (31.58%)]	Loss: 0.00
Train epoch: 1 [19000/60000 (31.67%)]	Loss: 0.00
Train epoch: 1 [19050/60000 (31.75%)]	Loss: 0.00
Train epoch: 1 [19100/60000 (31.83%)]	Loss: 0.00
Train epoch: 1 [19150/60000 (31.92%)]	Loss: 0.00
Train epoch: 1 [19200/60000 (32.00%)]	Loss: 0.00
Train epoch: 1 [19250/60000 (32.08%)]	Loss: 0.00
Train epoch: 1 [19300/60000 (32.17%)]	Loss: 0.00
Train epoch: 1 [19350/60000 (32.25%)]	Loss: 0.00
Train epoch: 1 [19400/60000 (32.33%)]	Loss: 0.00
Train epoch: 1 [19450/60000 (32.42%)]	Loss: 0.00
Train epoch: 1 [19500/60000 (32.50%)]	Loss: 0.00
Train epoch: 1 [19550/60000 (32.58%)]	Loss: 0.00
Train epoch: 1 [19600/60000 (32.67%)]	Loss: 0.00
Train epoch: 1 [19650/60000 (32.75%)]	Loss: 0.00
Train epoch: 1 [19700/60000 (32.83%)]	Loss: 0.00
Train epoch: 1 [19750/60000 (32.92%)]	Loss: 0.00
Train epoch: 1 [19800/60000 (33.00%)]	Loss: 0.00
Train epoch: 1 [19850/60000 (33.08%)]	Loss: 0.00
Train epoch: 1 [19900/60000 (33.17%)]	Loss: 0.00
Train epoch: 1 [19950/60000 (33.25%)]	Loss: 0.00
Train epoch: 1 [20000/60000 (33.33%)]	Loss: 0.00
Train epoch: 1 [20050/60000 (33.42%)]	Loss: 0.00
Train epoch: 1 [20100/60000 (33.50%)]	Loss: 0.00
Train epoch: 1 [20150/60000 (33.58%)]	Loss: 0.00
Train epoch: 1 [20200/60000 (33.67%)]	Loss: 0.00
Train epoch: 1 [20250/60000 (33.75%)]	Loss: 0.00
Train epoch: 1 [20300/60000 (33.83%)]	Loss: 0.00
Train epoch: 1 [20350/60000 (33.92%)]	Loss: 0.00
Train epoch: 1 [20400/60000 (34.00%)]	Loss: 0.00
Train epoch: 1 [20450/60000 (34.08%)]	Loss: 0.00
Train epoch: 1 [20500/60000 (34.17%)]	Loss: 0.00
Train epoch: 1 [20550/60000 (34.25%)]	Loss: 0.00
Train epoch: 1 [20600/60000 (34.33%)]	Loss: 0.00
Train epoch: 1 [20650/60000 (34.42%)]	Loss: 0.00
Train epoch: 1 [20700/60000 (34.50%)]	Loss: 0.00
Train epoch: 1 [20750/60000 (34.58%)]	Loss: 0.00
Train epoch: 1 [20800/60000 (34.67%)]	Loss: 0.00
Train epoch: 1 [20850/60000 (34.75%)]	Loss: 0.00
Train epoch: 1 [20900/60000 (34.83%)]	Loss: 0.00
Train epoch: 1 [20950/60000 (34.92%)]	Loss: 0.00
Train epoch: 1 [21000/60000 (35.00%)]	Loss: 0.00
Train epoch: 1 [21050/60000 (35.08%)]	Loss: 0.00
Train epoch: 1 [21100/60000 (35.17%)]	Loss: 0.00
Train epoch: 1 [21150/60000 (35.25%)]	Loss: 0.00
Train epoch: 1 [21200/60000 (35.33%)]	Loss: 0.00
Train epoch: 1 [21250/60000 (35.42%)]	Loss: 0.00
Train epoch: 1 [21300/60000 (35.50%)]	Loss: 0.00
Train epoch: 1 [21350/60000 (35.58%)]	Loss: 0.00
Train epoch: 1 [21400/60000 (35.67%)]	Loss: 0.00
Train epoch: 1 [21450/60000 (35.75%)]	Loss: 0.00
Train epoch: 1 [21500/60000 (35.83%)]	Loss: 0.00
Train epoch: 1 [21550/60000 (35.92%)]	Loss: 0.00
Train epoch: 1 [21600/60000 (36.00%)]	Loss: 0.00
Train epoch: 1 [21650/60000 (36.08%)]	Loss: 0.00
Train epoch: 1 [21700/60000 (36.17%)]	Loss: 0.00
Train epoch: 1 [21750/60000 (36.25%)]	Loss: 0.00
Train epoch: 1 [21800/60000 (36.33%)]	Loss: 0.00
Train epoch: 1 [21850/60000 (36.42%)]	Loss: 0.00
Train epoch: 1 [21900/60000 (36.50%)]	Loss: 0.00
Train epoch: 1 [21950/60000 (36.58%)]	Loss: 0.00
Train epoch: 1 [22000/60000 (36.67%)]	Loss: 0.00
Train epoch: 1 [22050/60000 (36.75%)]	Loss: 0.00
Train epoch: 1 [22100/60000 (36.83%)]	Loss: 0.00
Train epoch: 1 [22150/60000 (36.92%)]	Loss: 0.00
Train epoch: 1 [22200/60000 (37.00%)]	Loss: 0.00
Train epoch: 1 [22250/60000 (37.08%)]	Loss: 0.00
Train epoch: 1 [22300/60000 (37.17%)]	Loss: 0.00
Train epoch: 1 [22350/60000 (37.25%)]	Loss: 0.00
Train epoch: 1 [22400/60000 (37.33%)]	Loss: 0.00
Train epoch: 1 [22450/60000 (37.42%)]	Loss: 0.00
Train epoch: 1 [22500/60000 (37.50%)]	Loss: 0.00
Train epoch: 1 [22550/60000 (37.58%)]	Loss: 0.00
Train epoch: 1 [22600/60000 (37.67%)]	Loss: 0.00
Train epoch: 1 [22650/60000 (37.75%)]	Loss: 0.00
Train epoch: 1 [22700/60000 (37.83%)]	Loss: 0.00
Train epoch: 1 [22750/60000 (37.92%)]	Loss: 0.00
Train epoch: 1 [22800/60000 (38.00%)]	Loss: 0.00
Train epoch: 1 [22850/60000 (38.08%)]	Loss: 0.00
Train epoch: 1 [22900/60000 (38.17%)]	Loss: 0.00
Train epoch: 1 [22950/60000 (38.25%)]	Loss: 0.00
Train epoch: 1 [23000/60000 (38.33%)]	Loss: 0.00
Train epoch: 1 [23050/60000 (38.42%)]	Loss: 0.00
Train epoch: 1 [23100/60000 (38.50%)]	Loss: 0.00
Train epoch: 1 [23150/60000 (38.58%)]	Loss: 0.00
Train epoch: 1 [23200/60000 (38.67%)]	Loss: 0.00
Train epoch: 1 [23250/60000 (38.75%)]	Loss: 0.00
Train epoch: 1 [23300/60000 (38.83%)]	Loss: 0.00
Train epoch: 1 [23350/60000 (38.92%)]	Loss: 0.00
Train epoch: 1 [23400/60000 (39.00%)]	Loss: 0.00
Train epoch: 1 [23450/60000 (39.08%)]	Loss: 0.00
Train epoch: 1 [23500/60000 (39.17%)]	Loss: 0.00
Train epoch: 1 [23550/60000 (39.25%)]	Loss: 0.00
Train epoch: 1 [23600/60000 (39.33%)]	Loss: 0.00
Train epoch: 1 [23650/60000 (39.42%)]	Loss: 0.00
Train epoch: 1 [23700/60000 (39.50%)]	Loss: 0.00
Train epoch: 1 [23750/60000 (39.58%)]	Loss: 0.00
Train epoch: 1 [23800/60000 (39.67%)]	Loss: 0.00
Train epoch: 1 [23850/60000 (39.75%)]	Loss: 0.00
Train epoch: 1 [23900/60000 (39.83%)]	Loss: 0.00
Train epoch: 1 [23950/60000 (39.92%)]	Loss: 0.00
Train epoch: 1 [24000/60000 (40.00%)]	Loss: 0.00
Train epoch: 1 [24050/60000 (40.08%)]	Loss: 0.00
Train epoch: 1 [24100/60000 (40.17%)]	Loss: 0.00
Train epoch: 1 [24150/60000 (40.25%)]	Loss: 0.00
Train epoch: 1 [24200/60000 (40.33%)]	Loss: 0.00
Train epoch: 1 [24250/60000 (40.42%)]	Loss: 0.00
Train epoch: 1 [24300/60000 (40.50%)]	Loss: 0.00
Train epoch: 1 [24350/60000 (40.58%)]	Loss: 0.00
Train epoch: 1 [24400/60000 (40.67%)]	Loss: 0.00
Train epoch: 1 [24450/60000 (40.75%)]	Loss: 0.00
Train epoch: 1 [24500/60000 (40.83%)]	Loss: 0.00
Train epoch: 1 [24550/60000 (40.92%)]	Loss: 0.00
Train epoch: 1 [24600/60000 (41.00%)]	Loss: 0.00
Train epoch: 1 [24650/60000 (41.08%)]	Loss: 0.00
Train epoch: 1 [24700/60000 (41.17%)]	Loss: 0.00
Train epoch: 1 [24750/60000 (41.25%)]	Loss: 0.00
Train epoch: 1 [24800/60000 (41.33%)]	Loss: 0.00
Train epoch: 1 [24850/60000 (41.42%)]	Loss: 0.00
Train epoch: 1 [24900/60000 (41.50%)]	Loss: 0.00
Train epoch: 1 [24950/60000 (41.58%)]	Loss: 0.00
Train epoch: 1 [25000/60000 (41.67%)]	Loss: 0.00
Train epoch: 1 [25050/60000 (41.75%)]	Loss: 0.00
Train epoch: 1 [25100/60000 (41.83%)]	Loss: 0.00
Train epoch: 1 [25150/60000 (41.92%)]	Loss: 0.00
Train epoch: 1 [25200/60000 (42.00%)]	Loss: 0.00
Train epoch: 1 [25250/60000 (42.08%)]	Loss: 0.00
Train epoch: 1 [25300/60000 (42.17%)]	Loss: 0.00
Train epoch: 1 [25350/60000 (42.25%)]	Loss: 0.00
Train epoch: 1 [25400/60000 (42.33%)]	Loss: 0.00
Train epoch: 1 [25450/60000 (42.42%)]	Loss: 0.00
Train epoch: 1 [25500/60000 (42.50%)]	Loss: 0.00
Train epoch: 1 [25550/60000 (42.58%)]	Loss: 0.00
Train epoch: 1 [25600/60000 (42.67%)]	Loss: 0.00
Train epoch: 1 [25650/60000 (42.75%)]	Loss: 0.00
Train epoch: 1 [25700/60000 (42.83%)]	Loss: 0.00
Train epoch: 1 [25750/60000 (42.92%)]	Loss: 0.00
Train epoch: 1 [25800/60000 (43.00%)]	Loss: 0.00
Train epoch: 1 [25850/60000 (43.08%)]	Loss: 0.00
Train epoch: 1 [25900/60000 (43.17%)]	Loss: 0.00
Train epoch: 1 [25950/60000 (43.25%)]	Loss: 0.00
Train epoch: 1 [26000/60000 (43.33%)]	Loss: 0.00
Train epoch: 1 [26050/60000 (43.42%)]	Loss: 0.00
Train epoch: 1 [26100/60000 (43.50%)]	Loss: 0.00
Train epoch: 1 [26150/60000 (43.58%)]	Loss: 0.00
Train epoch: 1 [26200/60000 (43.67%)]	Loss: 0.00
Train epoch: 1 [26250/60000 (43.75%)]	Loss: 0.00
Train epoch: 1 [26300/60000 (43.83%)]	Loss: 0.00
Train epoch: 1 [26350/60000 (43.92%)]	Loss: 0.00
Train epoch: 1 [26400/60000 (44.00%)]	Loss: 0.00
Train epoch: 1 [26450/60000 (44.08%)]	Loss: 0.00
Train epoch: 1 [26500/60000 (44.17%)]	Loss: 0.00
Train epoch: 1 [26550/60000 (44.25%)]	Loss: 0.00
Train epoch: 1 [26600/60000 (44.33%)]	Loss: 0.00
Train epoch: 1 [26650/60000 (44.42%)]	Loss: 0.00
Train epoch: 1 [26700/60000 (44.50%)]	Loss: 0.00
Train epoch: 1 [26750/60000 (44.58%)]	Loss: 0.00
Train epoch: 1 [26800/60000 (44.67%)]	Loss: 0.00
Train epoch: 1 [26850/60000 (44.75%)]	Loss: 0.00
Train epoch: 1 [26900/60000 (44.83%)]	Loss: 0.00
Train epoch: 1 [26950/60000 (44.92%)]	Loss: 0.00
Train epoch: 1 [27000/60000 (45.00%)]	Loss: 0.00
Train epoch: 1 [27050/60000 (45.08%)]	Loss: 0.00
Train epoch: 1 [27100/60000 (45.17%)]	Loss: 0.00
Train epoch: 1 [27150/60000 (45.25%)]	Loss: 0.00
Train epoch: 1 [27200/60000 (45.33%)]	Loss: 0.00
Train epoch: 1 [27250/60000 (45.42%)]	Loss: 0.00
Train epoch: 1 [27300/60000 (45.50%)]	Loss: 0.00
Train epoch: 1 [27350/60000 (45.58%)]	Loss: 0.00
Train epoch: 1 [27400/60000 (45.67%)]	Loss: 0.00
Train epoch: 1 [27450/60000 (45.75%)]	Loss: 0.00
Train epoch: 1 [27500/60000 (45.83%)]	Loss: 0.00
Train epoch: 1 [27550/60000 (45.92%)]	Loss: 0.00
Train epoch: 1 [27600/60000 (46.00%)]	Loss: 0.00
Train epoch: 1 [27650/60000 (46.08%)]	Loss: 0.00
Train epoch: 1 [27700/60000 (46.17%)]	Loss: 0.00
Train epoch: 1 [27750/60000 (46.25%)]	Loss: 0.00
Train epoch: 1 [27800/60000 (46.33%)]	Loss: 0.00
Train epoch: 1 [27850/60000 (46.42%)]	Loss: 0.00
Train epoch: 1 [27900/60000 (46.50%)]	Loss: 0.00
Train epoch: 1 [27950/60000 (46.58%)]	Loss: 0.00
Train epoch: 1 [28000/60000 (46.67%)]	Loss: 0.00
Train epoch: 1 [28050/60000 (46.75%)]	Loss: 0.00
Train epoch: 1 [28100/60000 (46.83%)]	Loss: 0.00
Train epoch: 1 [28150/60000 (46.92%)]	Loss: 0.00
Train epoch: 1 [28200/60000 (47.00%)]	Loss: 0.00
Train epoch: 1 [28250/60000 (47.08%)]	Loss: 0.00
Train epoch: 1 [28300/60000 (47.17%)]	Loss: 0.00
Train epoch: 1 [28350/60000 (47.25%)]	Loss: 0.00
Train epoch: 1 [28400/60000 (47.33%)]	Loss: 0.00
Train epoch: 1 [28450/60000 (47.42%)]	Loss: 0.00
Train epoch: 1 [28500/60000 (47.50%)]	Loss: 0.00
Train epoch: 1 [28550/60000 (47.58%)]	Loss: 0.00
Train epoch: 1 [28600/60000 (47.67%)]	Loss: 0.00
Train epoch: 1 [28650/60000 (47.75%)]	Loss: 0.00
Train epoch: 1 [28700/60000 (47.83%)]	Loss: 0.00
Train epoch: 1 [28750/60000 (47.92%)]	Loss: 0.00
Train epoch: 1 [28800/60000 (48.00%)]	Loss: 0.00
Train epoch: 1 [28850/60000 (48.08%)]	Loss: 0.00
Train epoch: 1 [28900/60000 (48.17%)]	Loss: 0.00
Train epoch: 1 [28950/60000 (48.25%)]	Loss: 0.00
Train epoch: 1 [29000/60000 (48.33%)]	Loss: 0.00
Train epoch: 1 [29050/60000 (48.42%)]	Loss: 0.00
Train epoch: 1 [29100/60000 (48.50%)]	Loss: 0.00
Train epoch: 1 [29150/60000 (48.58%)]	Loss: 0.00
Train epoch: 1 [29200/60000 (48.67%)]	Loss: 0.00
Train epoch: 1 [29250/60000 (48.75%)]	Loss: 0.00
Train epoch: 1 [29300/60000 (48.83%)]	Loss: 0.00
Train epoch: 1 [29350/60000 (48.92%)]	Loss: 0.00
Train epoch: 1 [29400/60000 (49.00%)]	Loss: 0.00
Train epoch: 1 [29450/60000 (49.08%)]	Loss: 0.00
Train epoch: 1 [29500/60000 (49.17%)]	Loss: 0.00
Train epoch: 1 [29550/60000 (49.25%)]	Loss: 0.00
Train epoch: 1 [29600/60000 (49.33%)]	Loss: 0.00
Train epoch: 1 [29650/60000 (49.42%)]	Loss: 0.00
Train epoch: 1 [29700/60000 (49.50%)]	Loss: 0.00
Train epoch: 1 [29750/60000 (49.58%)]	Loss: 0.00
Train epoch: 1 [29800/60000 (49.67%)]	Loss: 0.00
Train epoch: 1 [29850/60000 (49.75%)]	Loss: 0.00
Train epoch: 1 [29900/60000 (49.83%)]	Loss: 0.00
Train epoch: 1 [29950/60000 (49.92%)]	Loss: 0.00
Train epoch: 1 [30000/60000 (50.00%)]	Loss: 0.00
Train epoch: 1 [30050/60000 (50.08%)]	Loss: 0.00
Train epoch: 1 [30100/60000 (50.17%)]	Loss: 0.00
Train epoch: 1 [30150/60000 (50.25%)]	Loss: 0.00
Train epoch: 1 [30200/60000 (50.33%)]	Loss: 0.00
Train epoch: 1 [30250/60000 (50.42%)]	Loss: 0.00
Train epoch: 1 [30300/60000 (50.50%)]	Loss: 0.00
Train epoch: 1 [30350/60000 (50.58%)]	Loss: 0.00
Train epoch: 1 [30400/60000 (50.67%)]	Loss: 0.00
Train epoch: 1 [30450/60000 (50.75%)]	Loss: 0.00
Train epoch: 1 [30500/60000 (50.83%)]	Loss: 0.00
Train epoch: 1 [30550/60000 (50.92%)]	Loss: 0.00
Train epoch: 1 [30600/60000 (51.00%)]	Loss: 0.00
Train epoch: 1 [30650/60000 (51.08%)]	Loss: 0.00
Train epoch: 1 [30700/60000 (51.17%)]	Loss: 0.00
Train epoch: 1 [30750/60000 (51.25%)]	Loss: 0.00
Train epoch: 1 [30800/60000 (51.33%)]	Loss: 0.00
Train epoch: 1 [30850/60000 (51.42%)]	Loss: 0.00
Train epoch: 1 [30900/60000 (51.50%)]	Loss: 0.00
Train epoch: 1 [30950/60000 (51.58%)]	Loss: 0.00
Train epoch: 1 [31000/60000 (51.67%)]	Loss: 0.00
Train epoch: 1 [31050/60000 (51.75%)]	Loss: 0.00
Train epoch: 1 [31100/60000 (51.83%)]	Loss: 0.00
Train epoch: 1 [31150/60000 (51.92%)]	Loss: 0.00
Train epoch: 1 [31200/60000 (52.00%)]	Loss: 0.00
Train epoch: 1 [31250/60000 (52.08%)]	Loss: 0.00
Train epoch: 1 [31300/60000 (52.17%)]	Loss: 0.00
Train epoch: 1 [31350/60000 (52.25%)]	Loss: 0.00
Train epoch: 1 [31400/60000 (52.33%)]	Loss: 0.00
Train epoch: 1 [31450/60000 (52.42%)]	Loss: 0.00
Train epoch: 1 [31500/60000 (52.50%)]	Loss: 0.00
Train epoch: 1 [31550/60000 (52.58%)]	Loss: 0.00
Train epoch: 1 [31600/60000 (52.67%)]	Loss: 0.00
Train epoch: 1 [31650/60000 (52.75%)]	Loss: 0.00
Train epoch: 1 [31700/60000 (52.83%)]	Loss: 0.00
Train epoch: 1 [31750/60000 (52.92%)]	Loss: 0.00
Train epoch: 1 [31800/60000 (53.00%)]	Loss: 0.00
Train epoch: 1 [31850/60000 (53.08%)]	Loss: 0.00
Train epoch: 1 [31900/60000 (53.17%)]	Loss: 0.00
Train epoch: 1 [31950/60000 (53.25%)]	Loss: 0.00
Train epoch: 1 [32000/60000 (53.33%)]	Loss: 0.00
Train epoch: 1 [32050/60000 (53.42%)]	Loss: 0.00
Train epoch: 1 [32100/60000 (53.50%)]	Loss: 0.00
Train epoch: 1 [32150/60000 (53.58%)]	Loss: 0.00
Train epoch: 1 [32200/60000 (53.67%)]	Loss: 0.00
Train epoch: 1 [32250/60000 (53.75%)]	Loss: 0.00
Train epoch: 1 [32300/60000 (53.83%)]	Loss: 0.00
Train epoch: 1 [32350/60000 (53.92%)]	Loss: 0.00
Train epoch: 1 [32400/60000 (54.00%)]	Loss: 0.00
Train epoch: 1 [32450/60000 (54.08%)]	Loss: 0.00
Train epoch: 1 [32500/60000 (54.17%)]	Loss: 0.00
Train epoch: 1 [32550/60000 (54.25%)]	Loss: 0.00
Train epoch: 1 [32600/60000 (54.33%)]	Loss: 0.00
Train epoch: 1 [32650/60000 (54.42%)]	Loss: 0.00
Train epoch: 1 [32700/60000 (54.50%)]	Loss: 0.00
Train epoch: 1 [32750/60000 (54.58%)]	Loss: 0.00
Train epoch: 1 [32800/60000 (54.67%)]	Loss: 0.00
Train epoch: 1 [32850/60000 (54.75%)]	Loss: 0.00
Train epoch: 1 [32900/60000 (54.83%)]	Loss: 0.00
Train epoch: 1 [32950/60000 (54.92%)]	Loss: 0.00
Train epoch: 1 [33000/60000 (55.00%)]	Loss: 0.00
Train epoch: 1 [33050/60000 (55.08%)]	Loss: 0.00
Train epoch: 1 [33100/60000 (55.17%)]	Loss: 0.00
Train epoch: 1 [33150/60000 (55.25%)]	Loss: 0.00
Train epoch: 1 [33200/60000 (55.33%)]	Loss: 0.00
Train epoch: 1 [33250/60000 (55.42%)]	Loss: 0.00
Train epoch: 1 [33300/60000 (55.50%)]	Loss: 0.00
Train epoch: 1 [33350/60000 (55.58%)]	Loss: 0.00
Train epoch: 1 [33400/60000 (55.67%)]	Loss: 0.00
